 165556.0
 6796.0 1909624.0
 1704.0 3496.0 121960.0
 1680.0 10128.0 1728.0 125068.0
 2976.0 9424.0 1052.0 3340.0 130728.0
 10960.0 21104.0 5460.0 10456.0 7160.0 432932.0
 7368.0 13348.0 3416.0 5388.0 7380.0 23672.0 499904.0
 6076.0 16352.0 4916.0 7076.0 6168.0 17392.0 11676.0 396620.0
 4432.0 23512.0 4020.0 11808.0 8092.0 26892.0 19960.0 13752.0 365856.0
 4560.0 14396.0 2832.0 3484.0 3996.0 19816.0 13804.0 10652.0 15704.0 227864.0
 4424.0 7168.0 3276.0 4356.0 3324.0 12556.0 12656.0 6536.0 13644.0 5892.0 149256.0
 4208.0 12152.0 4436.0 7320.0 5776.0 19172.0 9348.0 14164.0 16912.0 7820.0 6148.0 281532.0
 4080.0 8720.0 1184.0 3756.0 4144.0 10812.0 6888.0 5040.0 12208.0 6964.0 3312.0 6080.0 132368.0
 3080.0 6860.0 1940.0 1676.0 2320.0 7492.0 4908.0 5632.0 6492.0 4176.0 3844.0 4404.0 2292.0 109616.0
 9700.0 48992.0 2896.0 3192.0 4020.0 11840.0 8272.0 9916.0 8772.0 8232.0 4728.0 7240.0 4900.0 4776.0 241228.0
 3544.0 13608.0 2092.0 3192.0 4016.0 9116.0 7192.0 6744.0 8344.0 4704.0 2868.0 6720.0 3048.0 3860.0 8760.0 182152.0
 7420.0 15076.0 5036.0 5012.0 5300.0 18108.0 10052.0 15844.0 11164.0 9016.0 6188.0 13420.0 6052.0 4408.0 13444.0 8700.0 282748.0
 8388.0 16724.0 3476.0 4740.0 5172.0 26260.0 948584.0 12216.0 15156.0 13044.0 7548.0 11844.0 7116.0 7532.0 10812.0 7416.0 10252.0 8035864.0
 7852.0 13788.0 5004.0 5396.0 5964.0 17752.0 9796.0 8944.0 11992.0 8516.0 4576.0 10960.0 4524.0 4036.0 8640.0 5964.0 11332.0 10132.0 268980.0
 6504.0 12680.0 2272.0 4624.0 4484.0 17636.0 9400.0 8844.0 13596.0 13776.0 4880.0 8916.0 9436.0 4128.0 6912.0 5884.0 8592.0 11792.0 6928.0 223164.0
