 1.0
 0.0106738792007 1.0
 0.0121795565937 0.00604936171251 1.0
 0.0128193701631 0.0181890224389 0.0131178046524 1.0
 0.0226611387688 0.017351210433 0.00777951623644 0.0276480410414 1.0
 0.0445628865145 0.0207161621048 0.0226886290259 0.0491468261928 0.0346022027321 1.0
 0.0260036210258 0.0111331619166 0.0136389284075 0.0220090110309 0.0280768866841 0.0681579216247 1.0
 0.0252621827929 0.0168937200836 0.0220298123466 0.0364631546238 0.0315710644852 0.0479620799091 0.024524014694 1.0
 0.01887667549 0.0266562761092 0.0217854101219 0.0655324980917 0.0451258426332 0.088147938878 0.0491629340727 0.0405882967053 1.0
 0.0252691614398 0.0203427182422 0.0190363340971 0.0223217337253 0.0261537136216 0.0777252974058 0.0419140593354 0.0395823356443 0.0618973036407 1.0
 0.0302503210819 0.0127747265057 0.026695349537 0.038609966179 0.0261755239398 0.0637845322711 0.0492745847788 0.0277912284991 0.0696691365115 0.0525927841106 1.0
 0.0203879468194 0.0146772926614 0.0264310124869 0.0436675932251 0.0320052479219 0.0613377339811 0.0242742325947 0.0459121360838 0.0567082570101 0.0335681614625 0.0331722991807 1.0
 0.0310510047439 0.0156103599263 0.0108591547018 0.0338045127529 0.0346645982895 0.0505200586218 0.0268270756464 0.0228269127645 0.0625033140331 0.0445123872438 0.0256176239234 0.0359045925459 1.0
 0.0267063466553 0.0133806261554 0.0160583402038 0.0159622134965 0.021147565579 0.0398754106329 0.0196674856554 0.0294425685837 0.0348453388938 0.0295859796591 0.0339691103337 0.0263352496278 0.0218408293649 1.0
 0.0527402468976 0.0828076886195 0.0174463467533 0.0205182404786 0.0251862339442 0.0418355325726 0.0234342474655 0.0363905139476 0.0382574599378 0.0385394568861 0.0297256397036 0.031911973209 0.0305300136648 0.03466718877 1.0
 0.0214904579164 0.0197414844386 0.0132610460707 0.0227734356044 0.0288612511917 0.0350473664991 0.0228515766818 0.0273320606327 0.0336820122415 0.0246407072927 0.0192189269478 0.032790524519 0.0209090700036 0.0299483441173 0.0441942523268 1.0
 0.036040913327 0.018180481618 0.0265722056957 0.0296696121002 0.0301732307985 0.0554048795584 0.0256377908207 0.0501172450533 0.0370146753262 0.0380417814369 0.031342051707 0.0522303034037 0.0332887446994 0.0277013546893 0.0556003002871 0.0411354667309 1.0
 0.00969456188863 0.0034865406455 0.0047072616929 0.00393030991748 0.00457182319533 0.0427812085674 0.72897990205 0.0110368408666 0.00875298397012 0.0126119855004 0.0077923803224 0.00822233398549 0.0060323206918 0.00925561180742 0.00815362454213 0.00527252766825 0.00705111831785 1.0
 0.0420488442676 0.0173553503258 0.0250134453748 0.0334135789033 0.0366238137751 0.059742766244 0.0269984349707 0.0291176106636 0.0411033887566 0.0383510049068 0.0244651195616 0.0427767519086 0.026879302334 0.0252628705228 0.0394752491096 0.0296587996727 0.046151030844 0.00656838093141 1.0
 0.0386741417115 0.017039978566 0.0154137021283 0.0297447223248 0.0291778835455 0.0677944288046 0.0279889028828 0.0307731584204 0.0545351704514 0.0712215350355 0.0321384415547 0.0401862582202 0.0612275074464 0.0295209849214 0.0332249416154 0.0323998123258 0.037551963819 0.00810933899315 0.0324373212364 1.0
