#parameters:
#kernel=1
#kmerlen=6
#bias=4.55176901365
#A=-5.16773433695
#B=0.626781410205
#NOTE: k-mers with large negative weights are also important. They can be found at the bottom of the list.
#k-mer	revcomp	SVM-weight
AGCCCA	TGGGCT	0.204489955998
GGGTCA	TGACCC	0.197932576597
CTTTCA	TGAAAG	0.175623735339
ATTGGG	CCCAAT	0.151810241272
GGGGGA	TCCCCC	0.151508121036
CTAGTC	GACTAG	0.141094510944
AATGGC	GCCATT	0.134715758171
ATATGG	CCATAT	0.130371158981
GAATGC	GCATTC	0.11612142844
GCAGGA	TCCTGC	0.113158387991
ATGAAA	TTTCAT	0.107073436845
ATCACA	TGTGAT	0.106708488588
AATGCT	AGCATT	0.106604642199
AGTAGC	GCTACT	0.10403321557
ACTCAG	CTGAGT	0.101925776289
AATCAC	GTGATT	0.100561967001
AGTGGC	GCCACT	0.0987645386645
CCGTTC	GAACGG	0.0977433807672
CAATAC	GTATTG	0.0963227791486
GTGTTA	TAACAC	0.0941324907337
ATGCTA	TAGCAT	0.0891252806682
GCACCA	TGGTGC	0.0833993191799
CTCTTC	GAAGAG	0.0833356147621
ACTGGA	TCCAGT	0.0826523294856
ATTCAG	CTGAAT	0.0826469660836
AAACTG	CAGTTT	0.0824586682644
CTAACA	TGTTAG	0.0803769439042
TACGTA	TACGTA	0.0785876810566
GTTAAC	GTTAAC	0.0766029391348
ATCTGC	GCAGAT	0.0744400325764
CGTGTA	TACACG	0.0736219161694
ATAATC	GATTAT	0.0716973130728
GCAAAC	GTTTGC	0.0695793025764
AGTTGA	TCAACT	0.0691369360006
GTGGCA	TGCCAC	0.0677913523838
AACGGG	CCCGTT	0.0665866154179
CCGATA	TATCGG	0.0658721974601
ACGAAC	GTTCGT	0.063393292604
ACCGCT	AGCGGT	0.0631062404984
AACTGA	TCAGTT	0.0624442243223
CTCCCC	GGGGAG	0.0617640195469
AACGGA	TCCGTT	0.0600761019255
GTGTAA	TTACAC	0.058093173595
AAAGAC	GTCTTT	0.0549056210165
AAAACG	CGTTTT	0.0544901990994
ACGTAG	CTACGT	0.0534270793153
AGGATA	TATCCT	0.0525132986043
AGATGC	GCATCT	0.051919163559
GGCTAC	GTAGCC	0.051032183915
ATATCC	GGATAT	0.049569079902
GCTGAC	GTCAGC	0.0480503870262
ATAAGC	GCTTAT	0.0477780006604
CGATAG	CTATCG	0.0474142135194
CGAACC	GGTTCG	0.0450679013004
GCGCTA	TAGCGC	0.0447160328786
CAGCAA	TTGCTG	0.0444668746282
AAGCGT	ACGCTT	0.0443654134896
ATTCCA	TGGAAT	0.0427610195292
CGTATA	TATACG	0.040480341687
TCGCCA	TGGCGA	0.0381275185187
CGCCAC	GTGGCG	0.0381153724231
CACGTA	TACGTG	0.0367905774416
CGTTAC	GTAACG	0.0357945076752
CATAGG	CCTATG	0.0345316831939
ACTAGG	CCTAGT	0.0344571169395
CACGAC	GTCGTG	0.0335787198929
CAGTCA	TGACTG	0.0334317180933
GGACCA	TGGTCC	0.0331452341451
ATCGGG	CCCGAT	0.0319104073013
CATTTC	GAAATG	0.0316315013156
TGCGAA	TTCGCA	0.0313766408202
CCTTTC	GAAAGG	0.0305787075338
CGCTAA	TTAGCG	0.0286393053316
CTTGGA	TCCAAG	0.0283882448584
ACGGAG	CTCCGT	0.0263310387396
ACTATA	TATAGT	0.026096673755
AGACTA	TAGTCT	0.0255670282096
CATGCG	CGCATG	0.025093529092
CAAAGG	CCTTTG	0.0249105903471
CCCTAC	GTAGGG	0.0240409749126
AAGCAG	CTGCTT	0.0234080284895
CAGGAA	TTCCTG	0.0227383507001
GCGAAA	TTTCGC	0.0220965445081
CGGCAA	TTGCCG	0.0203327541402
AGCACG	CGTGCT	0.0201805945132
ACACCA	TGGTGT	0.018834321513
CGTCCA	TGGACG	0.0171607213388
CGCTTA	TAAGCG	0.016104619937
CATCCC	GGGATG	0.0153163274607
TAGCGA	TCGCTA	0.014927280137
ACGTAA	TTACGT	0.0143485678563
GCCAGA	TCTGGC	0.0135057694173
CCAATA	TATTGG	0.0132879448137
CGAGCA	TGCTCG	0.0132861898017
TCGGCA	TGCCGA	0.013107009308
AAACGC	GCGTTT	0.0130861069071
CGACAA	TTGTCG	0.0129963879068
CGTACG	CGTACG	0.0126100467086
AGTTTC	GAAACT	0.0125655312936
ACAGAA	TTCTGT	0.0124832814472
ACCGAT	ATCGGT	0.0115634183099
ATACGC	GCGTAT	0.0115414242443
ACGTAT	ATACGT	0.0109206646956
CCGTAA	TTACGG	0.010783715864
CTATAC	GTATAG	0.0098800882502
CTACTA	TAGTAG	0.00984599515827
TGGCCA	TGGCCA	0.00945901345338
ACTCGA	TCGAGT	0.00944831576325
GTGGTA	TACCAC	0.00924035544748
AGTCGG	CCGACT	0.00923294701999
AGGTCG	CGACCT	0.00880255008466
CAGAAG	CTTCTG	0.00807064752353
ACGGTC	GACCGT	0.00775345622564
ACCGCA	TGCGGT	0.00731310264273
GACGAA	TTCGTC	0.0058533367428
AGAGGG	CCCTCT	0.00516463740642
CAGTAC	GTACTG	0.00495695451148
CATGTC	GACATG	0.00424738864511
ACTAGT	ACTAGT	0.0039246326772
CATACG	CGTATG	0.00363143955983
CAATCG	CGATTG	0.00335730780355
ACGGAA	TTCCGT	0.00132228680354
CGCGAA	TTCGCG	0.00113176964767
TTGAAA	TTTCAA	0.000969433101217
GTCATA	TATGAC	0.000697112644151
ACGATC	GATCGT	7.77733202653e-06
ACGATA	TATCGT	0.0
ACGCCA	TGGCGT	-0.000182777322478
AACGAA	TTCGTT	-0.000188695148513
ACTCTC	GAGAGT	-0.000249331333876
CTGGAC	GTCCAG	-0.000283161579923
AATACG	CGTATT	-0.000285264860284
TGTTAA	TTAACA	-0.000744756194357
CCTGAA	TTCAGG	-0.00134229634554
ATCGTG	CACGAT	-0.0025765486258
TCGCAA	TTGCGA	-0.00290621316882
ACGACT	AGTCGT	-0.00343317157983
TCGACA	TGTCGA	-0.0035165027329
GCCATA	TATGGC	-0.00375650724501
AGAGAA	TTCTCT	-0.00384210559393
GATAGC	GCTATC	-0.0039559390911
GATATC	GATATC	-0.00397967969703
ATACGG	CCGTAT	-0.0044895065218
GATCCC	GGGATC	-0.00518341275465
GGTAAC	GTTACC	-0.00519253402626
AAGAAT	ATTCTT	-0.00520069381835
GCGATA	TATCGC	-0.00546186060301
CTTGTA	TACAAG	-0.00561416604134
ACTCCG	CGGAGT	-0.00597293935812
ATTTGC	GCAAAT	-0.00718576466433
CGATCG	CGATCG	-0.00739434040215
CATATG	CATATG	-0.00774541477524
AAAGAT	ATCTTT	-0.00780871196979
GGACGA	TCGTCC	-0.00812664802712
CGATAA	TTATCG	-0.00873580238908
TAAGCA	TGCTTA	-0.00875387280571
AGGGGG	CCCCCT	-0.00897581981798
CCCCTA	TAGGGG	-0.00934255546827
CAACGG	CCGTTG	-0.00982593914221
CCCGTA	TACGGG	-0.010690295486
GCTATA	TATAGC	-0.0111212114396
ATCGGA	TCCGAT	-0.0112268168044
TCAGGA	TCCTGA	-0.0122956890574
ATCGAG	CTCGAT	-0.0125159443674
TATTGA	TCAATA	-0.013052870955
AATGTA	TACATT	-0.0134115131403
ACGACC	GGTCGT	-0.0136748616467
ACGCGT	ACGCGT	-0.0137358919601
CGGTGA	TCACCG	-0.0138422841217
ATCGTC	GACGAT	-0.0141879587434
CTGCAA	TTGCAG	-0.0147047293843
CCCTAG	CTAGGG	-0.0154592104408
ACTATC	GATAGT	-0.0159953157223
GATCGA	TCGATC	-0.0162502925087
CACTAA	TTAGTG	-0.0171918830635
CGCGTA	TACGCG	-0.0172390846941
CAAACG	CGTTTG	-0.017264249962
CTACTC	GAGTAG	-0.0173993755219
AAAGGA	TCCTTT	-0.0174168104122
CGGAAA	TTTCCG	-0.0179626114581
ACGTGC	GCACGT	-0.0183306812421
CGCTAG	CTAGCG	-0.0190933535348
ATGCCG	CGGCAT	-0.0194227845112
CGACCG	CGGTCG	-0.0194810523508
ACTCGC	GCGAGT	-0.0199559118797
CAATTG	CAATTG	-0.0199684548054
ATGTCA	TGACAT	-0.0199980418822
AGTGCC	GGCACT	-0.0203839343847
CGATAC	GTATCG	-0.020478184931
CGAAGC	GCTTCG	-0.0207602746271
CATCGG	CCGATG	-0.0207688003901
AAGTTC	GAACTT	-0.0207959846382
AGTGAA	TTCACT	-0.0208723885875
TCGCGA	TCGCGA	-0.0211933881743
AATACC	GGTATT	-0.0213782804391
TACGCA	TGCGTA	-0.0214263418865
ATATCG	CGATAT	-0.021580996363
CGAGTA	TACTCG	-0.0215981878182
ATAGCG	CGCTAT	-0.0216600882855
ACCGAC	GTCGGT	-0.021700731142
ACGGGA	TCCCGT	-0.0220048097963
CGACGC	GCGTCG	-0.0221087771546
CCGTTA	TAACGG	-0.0223303294454
GAATCC	GGATTC	-0.0225624663355
ATACGA	TCGTAT	-0.0225871835089
CGTAAC	GTTACG	-0.0226256224519
GCCGGC	GCCGGC	-0.0227804957016
CTCGAG	CTCGAG	-0.0233095639147
TAATTA	TAATTA	-0.0235300988625
CCCCAA	TTGGGG	-0.0236394150431
CGGTTA	TAACCG	-0.0237898343877
ATCGAA	TTCGAT	-0.0244721196366
ATACCG	CGGTAT	-0.0248940997311
TTCGAA	TTCGAA	-0.0250286087716
ATGCGA	TCGCAT	-0.0252312949234
CTTATA	TATAAG	-0.0255243524395
GTATGA	TCATAC	-0.0258796126472
TCCACA	TGTGGA	-0.0260608604042
TTCCAA	TTGGAA	-0.0262179141651
CGATTA	TAATCG	-0.0263408409947
AATCGT	ACGATT	-0.0276616274249
ATTCGG	CCGAAT	-0.0277272870702
ACCGGC	GCCGGT	-0.0278227660827
CGACCA	TGGTCG	-0.0282138214216
CATTGC	GCAATG	-0.0283314953619
CGAAAA	TTTTCG	-0.0284294955376
ATGCAC	GTGCAT	-0.0284718840006
AGCATC	GATGCT	-0.0285320828469
CGGACG	CGTCCG	-0.0287256453148
ACCAGT	ACTGGT	-0.0294135716793
GCGACC	GGTCGC	-0.0294599706701
GGGCTA	TAGCCC	-0.0302676829145
AACGAT	ATCGTT	-0.0302924468896
ATTGTC	GACAAT	-0.0303901131814
ACATTG	CAATGT	-0.0307440962185
CTACGA	TCGTAG	-0.0308690089532
ATACAA	TTGTAT	-0.0310868933586
GCGGTA	TACCGC	-0.0312605379731
AGAACG	CGTTCT	-0.0321159745161
ACCGGT	ACCGGT	-0.0325532156532
GTCGTA	TACGAC	-0.0326065222958
CGAAAG	CTTTCG	-0.0329285944307
ACTTCG	CGAAGT	-0.0330916687858
CAAATG	CATTTG	-0.0332571792757
ATGCTC	GAGCAT	-0.0334532013465
GCAAGC	GCTTGC	-0.0337036652262
GAGCTA	TAGCTC	-0.034385227468
CGTTGC	GCAACG	-0.0345914413263
CGTCGA	TCGACG	-0.0346659153398
GTATAC	GTATAC	-0.034788366311
CGTCAA	TTGACG	-0.0348037818488
ACTACG	CGTAGT	-0.0354621228256
CGCGTC	GACGCG	-0.0355555052827
ACAGGG	CCCTGT	-0.0356941717277
GTCGAA	TTCGAC	-0.0359549925972
ACCATG	CATGGT	-0.0362338461177
CGCACC	GGTGCG	-0.0373027739172
AAACAG	CTGTTT	-0.0375709996193
AACACC	GGTGTT	-0.0379731790258
AATTGC	GCAATT	-0.0379757983161
ACAACG	CGTTGT	-0.0385194691572
AGGGCG	CGCCCT	-0.0388506416838
CCGGTC	GACCGG	-0.0388746708461
ACAAAG	CTTTGT	-0.0392132633741
CGATCA	TGATCG	-0.0393246019343
GCATAC	GTATGC	-0.0395940314929
TAACGA	TCGTTA	-0.0402080631539
ACCCGT	ACGGGT	-0.0407882249946
AGACCG	CGGTCT	-0.0411308563921
GCGTAC	GTACGC	-0.04128017372
CCGATC	GATCGG	-0.0415200499356
GCCGTA	TACGGC	-0.0417953927474
CAGGTA	TACCTG	-0.0418496530917
CCGAAA	TTTCGG	-0.0421474980162
CCGTCG	CGACGG	-0.0424649394555
ATGTCG	CGACAT	-0.0426854540057
TCAAGA	TCTTGA	-0.0426874693331
CCGCTA	TAGCGG	-0.0428206675176
GGTCCA	TGGACC	-0.0429079908869
CGGCCG	CGGCCG	-0.0435548055693
CTATCC	GGATAG	-0.0440750726313
CGCGGA	TCCGCG	-0.0441596671994
GGCAAC	GTTGCC	-0.0442844211785
AACGCC	GGCGTT	-0.0443393033129
ATGTGG	CCACAT	-0.0444724952516
CGCAAC	GTTGCG	-0.0446193182911
ATCTAC	GTAGAT	-0.0448076288286
AACCGC	GCGGTT	-0.0448556901604
CCAGAC	GTCTGG	-0.0449060641635
CTCGCC	GGCGAG	-0.0451012946151
ACTTTC	GAAAGT	-0.0454333930936
GCCTAC	GTAGGC	-0.0454444811764
AACGGC	GCCGTT	-0.045572115679
ACGCGA	TCGCGT	-0.0455897066311
AACGTC	GACGTT	-0.0459743202979
ACCCCT	AGGGGT	-0.0463373910998
GTGAAA	TTTCAC	-0.0463446628813
AACCAG	CTGGTT	-0.0465161324883
GCTCGA	TCGAGC	-0.0468804130686
AAGTCG	CGACTT	-0.0472500739043
ACTGCG	CGCAGT	-0.0472783236506
TACCGA	TCGGTA	-0.0473218494381
ACCTGC	GCAGGT	-0.0482103498754
ATTACG	CGTAAT	-0.048267864456
CGTATC	GATACG	-0.0484411174773
ACGACG	CGTCGT	-0.0488604246943
TAGCCA	TGGCTA	-0.0492429178804
GGCAGA	TCTGCC	-0.0493153738452
CGATCC	GGATCG	-0.0493627358146
AATATC	GATATT	-0.0495225514967
AGATCG	CGATCT	-0.0497281818913
GTACTA	TAGTAC	-0.0498356679401
ACCACG	CGTGGT	-0.0498503113202
CCACAC	GTGTGG	-0.0501243299534
GTGCTA	TAGCAC	-0.0507263526274
ACGAGC	GCTCGT	-0.0510451689342
ACGTTG	CAACGT	-0.0514637540484
ATCCGA	TCGGAT	-0.0516144514615
AGCACC	GGTGCT	-0.0518656261179
GCCGAC	GTCGGC	-0.0519280213946
CCGTAC	GTACGG	-0.0519510448507
ATCCCG	CGGGAT	-0.0524282275515
CGTTCA	TGAACG	-0.052689833615
GTCGAC	GTCGAC	-0.0527255125562
ACTAAC	GTTAGT	-0.0529502786619
ATGGGC	GCCCAT	-0.0534123891617
CAACCC	GGGTTG	-0.0534535652029
CCATCG	CGATGG	-0.0536213331856
CGACGA	TCGTCG	-0.0537509097076
GTTGTA	TACAAC	-0.0539680534193
CCTAGG	CCTAGG	-0.0540165769989
CACCGA	TCGGTG	-0.0540510012919
GACAAC	GTTGTC	-0.0541095092226
AGTACT	AGTACT	-0.0542770172356
ACTTAC	GTAAGT	-0.0543041223719
CCGCAC	GTGCGG	-0.0546176002477
CGCATA	TATGCG	-0.0548030797352
CTAGTA	TACTAG	-0.0549761389755
GTCCGA	TCGGAC	-0.0550139350895
GTTGAA	TTCAAC	-0.0552843446279
ATCGAC	GTCGAT	-0.0556771926593
GACTAA	TTAGTC	-0.055748199019
AGTATA	TATACT	-0.0558301865528
CGTAGA	TCTACG	-0.0558357692094
GTTAGA	TCTAAC	-0.0558469629154
CGCGCG	CGCGCG	-0.0562726726964
AATCCG	CGGATT	-0.0564018248409
GGACAA	TTGTCC	-0.0565414508725
AATATG	CATATT	-0.0567403755725
CTGCCA	TGGCAG	-0.0569732866454
AGCGAT	ATCGCT	-0.0571254367364
AGTAGG	CCTACT	-0.0571633805244
CTCGGA	TCCGAG	-0.0578933443849
AGTCCG	CGGACT	-0.0581100594126
ATTAGC	GCTAAT	-0.058223344662
ATTGAG	CTCAAT	-0.0592542227588
GGTCAA	TTGACC	-0.0595031526893
CGAACA	TGTTCG	-0.0595362237715
CGCGAC	GTCGCG	-0.0596036436928
AAGTAC	GTACTT	-0.0596411748788
CGGCGA	TCGCCG	-0.0597170584406
CGACTC	GAGTCG	-0.059794652602
CGGGGA	TCCCCG	-0.0600585076347
ACGTCT	AGACGT	-0.0600592167649
ATCGCC	GGCGAT	-0.0603606032666
GACGAC	GTCGTC	-0.0608595075991
TTAGAA	TTCTAA	-0.0609446105598
ACCGCG	CGCGGT	-0.0612020235934
CCGTGC	GCACGG	-0.0615061974977
CCGACG	CGTCGG	-0.0618325367421
CGTCGC	GCGACG	-0.0621696510325
AGCGGG	CCCGCT	-0.0622122911341
AGCAGG	CCTGCT	-0.0623807660988
TAACAA	TTGTTA	-0.0628748894633
CGACTA	TAGTCG	-0.0629451112786
ATTCGC	GCGAAT	-0.0631812874069
AAGGAT	ATCCTT	-0.0632006332182
CTCGAC	GTCGAG	-0.0632443250805
CCTAAC	GTTAGG	-0.0632478973576
AGTACC	GGTACT	-0.0632656031237
AACGTT	AACGTT	-0.0633423017147
AAACGA	TCGTTT	-0.0634487908094
ACGGGC	GCCCGT	-0.0637595051789
TATCGA	TCGATA	-0.0637911070207
GACCCA	TGGGTC	-0.0645498101397
GAATAA	TTATTC	-0.0653825465806
AGGGAT	ATCCCT	-0.0654873755143
CATGGG	CCCATG	-0.0657881811943
CCATGG	CCATGG	-0.0659723035118
CGGTCC	GGACCG	-0.0660430016023
AAACGT	ACGTTT	-0.0660834095865
GGTACC	GGTACC	-0.0661650151002
CCTACG	CGTAGG	-0.0662075265036
CCTACA	TGTAGG	-0.0662255586014
CAACCG	CGGTTG	-0.0662430331417
ACCGTA	TACGGT	-0.0663544387839
GAACAC	GTGTTC	-0.0666805332279
CGAATA	TATTCG	-0.0668848417191
ATTTCG	CGAAAT	-0.0670070623345
CGTAAG	CTTACG	-0.0672998313527
CACGGA	TCCGTG	-0.0674597878306
GATTCC	GGAATC	-0.0675777839084
ACGGCA	TGCCGT	-0.0678605848508
GGTCGA	TCGACC	-0.0680420793486
ACCCGA	TCGGGT	-0.0681371764883
CCCGAC	GTCGGG	-0.0681912257329
ATCTCG	CGAGAT	-0.0682739486009
GCTTAC	GTAAGC	-0.068740215544
CGTAGC	GCTACG	-0.068775686482
CACTCG	CGAGTG	-0.0691080814271
CCCGGG	CCCGGG	-0.0691160585621
TCACGA	TCGTGA	-0.0692381763189
ACATCG	CGATGT	-0.0693528437091
AGAATG	CATTCT	-0.0695536660513
ACACGA	TCGTGT	-0.0696759520929
CTAACC	GGTTAG	-0.0697968284968
GAGAAA	TTTCTC	-0.0698112589823
TCCGAA	TTCGGA	-0.0700077803697
ATGTTC	GAACAT	-0.0701831891869
AACCCC	GGGGTT	-0.0703015165352
CGGATA	TATCCG	-0.0706271689754
CGTGAA	TTCACG	-0.0707836810142
AATCGC	GCGATT	-0.0708371179308
GCCGAA	TTCGGC	-0.0709485728114
TCGGAA	TTCCGA	-0.0711996936866
CGTTTA	TAAACG	-0.0713553460037
CCAATC	GATTGG	-0.0713925776221
CGTAAA	TTTACG	-0.0714217259634
CTTACA	TGTAAG	-0.0715448980302
GTCACA	TGTGAC	-0.0716751372374
ACTCGG	CCGAGT	-0.0717443194655
GCGCAA	TTGCGC	-0.0718578966377
ATCACC	GGTGAT	-0.0724842007656
CCCCTC	GAGGGG	-0.0724866467826
ATTACC	GGTAAT	-0.0731167820726
AAGAGG	CCTCTT	-0.0731506417299
AATTCC	GGAATT	-0.0731865880961
CGCGCA	TGCGCG	-0.0733805907425
GGAACA	TGTTCC	-0.0737458340246
ATAGTA	TACTAT	-0.0737704435263
AAACGG	CCGTTT	-0.0738620568264
ACATGT	ACATGT	-0.0744182077937
CTCGTA	TACGAG	-0.0746179813005
GTTCCA	TGGAAC	-0.0749804488643
AGCTAC	GTAGCT	-0.07530101476
AATCGA	TCGATT	-0.0756203640374
CTGCGA	TCGCAG	-0.0758643397668
GTATAA	TTATAC	-0.0760955829845
TACGGA	TCCGTA	-0.0762192593521
ACGCAT	ATGCGT	-0.0763383757068
GATCTA	TAGATC	-0.0763950375787
AGGACA	TGTCCT	-0.076411042324
CGTGCA	TGCACG	-0.0764402156806
CGAATC	GATTCG	-0.0765926388068
AGCCAT	ATGGCT	-0.0768654588284
AAGACC	GGTCTT	-0.0769204525707
GACGTC	GACGTC	-0.076926167032
GAACGA	TCGTTC	-0.0771108592759
GAACCC	GGGTTC	-0.0773554115096
GACGTA	TACGTC	-0.0777668182066
CTATAG	CTATAG	-0.0778314735243
ATCGCG	CGCGAT	-0.0779022428283
CGAAAC	GTTTCG	-0.0780439677805
AGCTAT	ATAGCT	-0.0781028757095
AAGACG	CGTCTT	-0.0783408671251
CATCTA	TAGATG	-0.0783610904755
AAGGGT	ACCCTT	-0.0785331512349
CGGCTC	GAGCCG	-0.0787566942316
ATTCGA	TCGAAT	-0.0789111774835
ATTTTC	GAAAAT	-0.0789370757453
CCCGTC	GACGGG	-0.0791031761342
CGGTAC	GTACCG	-0.079426887547
GGCATA	TATGCC	-0.0795584658276
GCATGC	GCATGC	-0.0796607449796
AGTACA	TGTACT	-0.0797468437938
ATGGCA	TGCCAT	-0.0802439856317
CGTTAG	CTAACG	-0.0803169444304
TATTCA	TGAATA	-0.0803330743811
ATGCCA	TGGCAT	-0.0805678850578
AGCGTA	TACGCT	-0.0808708109039
ATGAAC	GTTCAT	-0.0812411968414
AATCGG	CCGATT	-0.081588783255
ACGTAC	GTACGT	-0.0816919144611
CAACTG	CAGTTG	-0.0817643713706
AATTCG	CGAATT	-0.0819114495073
CGTACA	TGTACG	-0.0822163979582
CCGGCC	GGCCGG	-0.0822242202318
AATGCG	CGCATT	-0.0822536595182
CTCGCA	TGCGAG	-0.0823510510235
ACCGAA	TTCGGT	-0.0823811363988
AGGTAA	TTACCT	-0.0825546305758
GTCTCA	TGAGAC	-0.0826028616455
CAGCGG	CCGCTG	-0.082657787464
ACGAAA	TTTCGT	-0.0831212655053
CAATCC	GGATTG	-0.0833782358713
ACGTTA	TAACGT	-0.0834075875392
CGGGTA	TACCCG	-0.0835510407707
AGCGCT	AGCGCT	-0.0836792486437
CGCTTC	GAAGCG	-0.0838812937828
GATTGA	TCAATC	-0.0839302747896
AAGGAC	GTCCTT	-0.0839946384715
TAGGGA	TCCCTA	-0.0840211510085
CGCTAC	GTAGCG	-0.0841142166689
CATTCG	CGAATG	-0.0842998289452
CATTAG	CTAATG	-0.0843900006455
ATGCAA	TTGCAT	-0.0844970953746
GCACTA	TAGTGC	-0.0845964894825
CTTCGA	TCGAAG	-0.0850294160503
AATCTG	CAGATT	-0.0853057151193
CCGCGA	TCGCGG	-0.0855451321211
ATTCCG	CGGAAT	-0.0856207805347
AGTTAC	GTAACT	-0.08571832375
ATTATC	GATAAT	-0.0857831153916
AAGCGG	CCGCTT	-0.0858685492423
AAGTCC	GGACTT	-0.0859093185632
GGTAGA	TCTACC	-0.0859780724804
CGGGTC	GACCCG	-0.0860243113304
ATAGTC	GACTAT	-0.0864597855121
CACGCG	CGCGTG	-0.0864824228527
GCCCTA	TAGGGC	-0.0866045094143
AGCGAG	CTCGCT	-0.0868247449535
ATCGTA	TACGAT	-0.087365399872
ACGCGG	CCGCGT	-0.087464303718
ACTGCT	AGCAGT	-0.0876474138502
GCCTAA	TTAGGC	-0.0877977096778
CGGCGC	GCGCCG	-0.0882215143806
CGTCTA	TAGACG	-0.0882843658609
GCGAGA	TCTCGC	-0.0884647416546
AGCTCG	CGAGCT	-0.0885958099924
CGGGAG	CTCCCG	-0.0886284585171
CTATAA	TTATAG	-0.088706410668
ACGTCG	CGACGT	-0.089203901491
AACGTG	CACGTT	-0.0893456634766
AACGGT	ACCGTT	-0.0893655463113
AGGCCT	AGGCCT	-0.0896166692496
GATGCA	TGCATC	-0.0896575227034
AAGGGG	CCCCTT	-0.0901286283239
CAGATA	TATCTG	-0.0901407267835
GACCGC	GCGGTC	-0.0903365835801
TACGAA	TTCGTA	-0.0905030430946
TGAAAA	TTTTCA	-0.0905369240165
ACTAAT	ATTAGT	-0.0908540472929
AATTAG	CTAATT	-0.0909579233167
ATGACC	GGTCAT	-0.0912465761068
ATAGCA	TGCTAT	-0.0914368400327
ATAGGG	CCCTAT	-0.0915672885627
ATCGAT	ATCGAT	-0.0917240558515
TCGTCA	TGACGA	-0.0917536505543
ACAACA	TGTTGT	-0.0919853464288
AGCAAA	TTTGCT	-0.0919990273259
CAACTA	TAGTTG	-0.0920120588548
ATTGCC	GGCAAT	-0.0922370182351
CTTTGA	TCAAAG	-0.0924835044309
ACACGT	ACGTGT	-0.092898863256
AACAAT	ATTGTT	-0.0929903822425
CCTTAG	CTAAGG	-0.0935615041561
AGCGAA	TTCGCT	-0.0937612991851
ACTTCT	AGAAGT	-0.0938720967558
ATGGAC	GTCCAT	-0.093884809036
ACCCAG	CTGGGT	-0.0943028251399
ACGGCG	CGCCGT	-0.0943212715547
ATTTAC	GTAAAT	-0.0945104496946
CCTCGC	GCGAGG	-0.0946732056867
ATTGCA	TGCAAT	-0.0948705032335
CGGTAG	CTACCG	-0.0948917483283
ACCACA	TGTGGT	-0.0949402568365
ATTGTA	TACAAT	-0.0950268330955
CGAACG	CGTTCG	-0.0953128499574
GATCGC	GCGATC	-0.0954416353322
AAGACT	AGTCTT	-0.0954815872073
CCCGAA	TTCGGG	-0.0955402521387
AGGCCG	CGGCCT	-0.0957502586179
CGTTAA	TTAACG	-0.0960086910067
CCCCGA	TCGGGG	-0.0963761192286
ATCGCA	TGCGAT	-0.0964662526986
CACTAC	GTAGTG	-0.096482774042
GGCGCA	TGCGCC	-0.0964833378484
AGGTTA	TAACCT	-0.0966505316308
ATATTC	GAATAT	-0.0968468001662
AACAGA	TCTGTT	-0.0969475933345
ATTGCG	CGCAAT	-0.0971653710154
ATCTGA	TCAGAT	-0.0972504261886
ACCTTG	CAAGGT	-0.0975402395722
ACAGTC	GACTGT	-0.0983244069032
AGACAA	TTGTCT	-0.0984105097343
AATAGC	GCTATT	-0.098548164531
AAGTGT	ACACTT	-0.0989203831401
AACCGT	ACGGTT	-0.0990071948976
GATCAC	GTGATC	-0.0990169527538
AGGCAA	TTGCCT	-0.0991540826275
AGTCAT	ATGACT	-0.099216651631
CCGTCC	GGACGG	-0.0993494948114
CTCCGA	TCGGAG	-0.0993723424935
CTACGC	GCGTAG	-0.0994366245218
AAGTGG	CCACTT	-0.0996820259702
CGCCGA	TCGGCG	-0.0997562942437
GCTAGC	GCTAGC	-0.100073230657
GCGTTA	TAACGC	-0.100183066054
CGAAGA	TCTTCG	-0.100634836457
ATCTAG	CTAGAT	-0.100736569471
GCGGGA	TCCCGC	-0.100748747929
ACGCTC	GAGCGT	-0.101133570438
ACGCGC	GCGCGT	-0.101306823982
AACGCT	AGCGTT	-0.10131288871
AAAATA	TATTTT	-0.101325476139
TAGAGA	TCTCTA	-0.101562469633
CAGCGA	TCGCTG	-0.101798438629
TAGCTA	TAGCTA	-0.101899470845
GGCGAC	GTCGCC	-0.102116208138
ACACGC	GCGTGT	-0.102220101634
GGACTA	TAGTCC	-0.10234090139
CTACCC	GGGTAG	-0.102438163223
AGTGCG	CGCACT	-0.102922520081
ACAATC	GATTGT	-0.102954613601
ACCTCG	CGAGGT	-0.103058207642
TCGAAA	TTTCGA	-0.10323690107
ATTGAC	GTCAAT	-0.103290607881
AGCCTA	TAGGCT	-0.103666418533
GGGGCA	TGCCCC	-0.103799231716
CAAATC	GATTTG	-0.103858512141
ACACGG	CCGTGT	-0.103863850213
GTTCGA	TCGAAC	-0.103868204703
CGATGA	TCATCG	-0.103930164179
AGTACG	CGTACT	-0.103933004334
CATCAG	CTGATG	-0.104168803462
ACGGAC	GTCCGT	-0.104225561151
AGATCT	AGATCT	-0.10426319178
GGATAC	GTATCC	-0.104319821589
ACGGCT	AGCCGT	-0.104479462109
TAGGCA	TGCCTA	-0.104756288082
ATCACG	CGTGAT	-0.104955833491
GATGAC	GTCATC	-0.10500249097
GCGGAC	GTCCGC	-0.105113203814
ACCGTC	GACGGT	-0.105307954721
CACCAC	GTGGTG	-0.105460370431
ATAACG	CGTTAT	-0.105597918431
GACGCC	GGCGTC	-0.105800880541
CACGTC	GACGTG	-0.10598218384
AGCGAC	GTCGCT	-0.106300267063
ACCCCG	CGGGGT	-0.106532152341
AAATTC	GAATTT	-0.10656248689
GTCAAC	GTTGAC	-0.106577675413
ATGACG	CGTCAT	-0.106710919715
ACGATG	CATCGT	-0.106768504038
TAGTGA	TCACTA	-0.106967063627
GCCGGA	TCCGGC	-0.107007062186
TGCTAA	TTAGCA	-0.107279785151
TGCGCA	TGCGCA	-0.107597106424
AAATGC	GCATTT	-0.107609173832
GCGCGA	TCGCGC	-0.107615804786
AGGTGA	TCACCT	-0.10762605322
GCGAAC	GTTCGC	-0.107994848749
AAGCCG	CGGCTT	-0.10805944842
CGGTAA	TTACCG	-0.108372208988
GAGCGA	TCGCTC	-0.108416719788
TCGTAA	TTACGA	-0.108732717797
CCGCGG	CCGCGG	-0.10878603351
ACGGTA	TACCGT	-0.109134595211
AGAAAC	GTTTCT	-0.109301707863
AACTCG	CGAGTT	-0.109676392272
AAATCG	CGATTT	-0.109708602352
GAAGCA	TGCTTC	-0.109811456396
AGATCC	GGATCT	-0.109896966598
CTACAG	CTGTAG	-0.110028459495
ATCGGC	GCCGAT	-0.110252444928
ATCTCC	GGAGAT	-0.110425056626
CCGACC	GGTCGG	-0.110647797807
CGCAAG	CTTGCG	-0.111223978075
ACTCAA	TTGAGT	-0.111283833954
CTTCGC	GCGAAG	-0.111358206296
ACCCGG	CCGGGT	-0.111382082022
ATTAAC	GTTAAT	-0.111456640163
CCGAAG	CTTCGG	-0.111556358383
CGAGTC	GACTCG	-0.112018036402
CCTCGA	TCGAGG	-0.112217403476
GCGTCA	TGACGC	-0.112387203607
AACAGT	ACTGTT	-0.112553516217
AGTCCA	TGGACT	-0.112558758523
AGCTTA	TAAGCT	-0.11260809236
CCCTGA	TCAGGG	-0.113045583649
ACGCTA	TAGCGT	-0.113050998656
AGTAAC	GTTACT	-0.113094611658
GAGATC	GATCTC	-0.113937196561
GGTCAC	GTGACC	-0.113938228481
GACACC	GGTGTC	-0.114069193614
ATAAGA	TCTTAT	-0.114113813849
CAGTCG	CGACTG	-0.11412344892
GCGTGA	TCACGC	-0.114207300058
ATGCGC	GCGCAT	-0.114388059313
ACGTCC	GGACGT	-0.114510035092
GTCGCA	TGCGAC	-0.115142891478
GACGGA	TCCGTC	-0.11589364811
CCGACA	TGTCGG	-0.116645071913
AGAGTA	TACTCT	-0.116961004794
AAAGGC	GCCTTT	-0.11709391493
AGTTCA	TGAACT	-0.1173944207
ATACTC	GAGTAT	-0.117501749636
AGTCGC	GCGACT	-0.117931584037
GCGACA	TGTCGC	-0.118046249076
AAGCTT	AAGCTT	-0.118125393954
ACGCCT	AGGCGT	-0.118195655884
CACCTA	TAGGTG	-0.118367525097
CAAGCC	GGCTTG	-0.118773128693
GGCGCC	GGCGCC	-0.118909011156
CGGAGC	GCTCCG	-0.118918457818
ACTAAA	TTTAGT	-0.119074170619
AACGTA	TACGTT	-0.119194723942
AACTCC	GGAGTT	-0.119553641528
ACGTCA	TGACGT	-0.119802503061
CCGGTA	TACCGG	-0.119867961973
CTTATC	GATAAG	-0.119977609519
AGATTG	CAATCT	-0.120247865709
AGTGTA	TACACT	-0.120272641888
ACCTAT	ATAGGT	-0.120357126999
CATCGA	TCGATG	-0.1204516048
ATGCGG	CCGCAT	-0.12067638372
CTAATA	TATTAG	-0.120781453455
AAAGGT	ACCTTT	-0.120959187997
AGAAGA	TCTTCT	-0.120986887993
ATGGTG	CACCAT	-0.12140581674
GGGCGA	TCGCCC	-0.121408063154
ATTATG	CATAAT	-0.121667354644
GATAAC	GTTATC	-0.121795109111
CATGAA	TTCATG	-0.12183519092
CCACGA	TCGTGG	-0.121962503603
GCGCGC	GCGCGC	-0.122317681504
CTATGA	TCATAG	-0.122319778393
AACGCG	CGCGTT	-0.122555605422
AGGCTG	CAGCCT	-0.12272992213
GTACGA	TCGTAC	-0.122904036304
ACGGAT	ATCCGT	-0.122924357759
GTTATA	TATAAC	-0.123065222875
GCAGTA	TACTGC	-0.123195030732
ACGCAA	TTGCGT	-0.123227567505
CAAGAC	GTCTTG	-0.123359835734
ATTGAA	TTCAAT	-0.123645903546
CAGAGG	CCTCTG	-0.123676391078
GTATTA	TAATAC	-0.123767417613
CTGTGC	GCACAG	-0.123913550611
CCATGA	TCATGG	-0.123945394031
GAGAGC	GCTCTC	-0.12396360126
TAAGGA	TCCTTA	-0.124031391617
GGCAAA	TTTGCC	-0.124247044213
ACAATA	TATTGT	-0.124323615024
ACGAAG	CTTCGT	-0.12465886774
TAATGA	TCATTA	-0.124946636087
GGCTGA	TCAGCC	-0.125095242118
CAAGCG	CGCTTG	-0.125242922555
CGCACG	CGTGCG	-0.12560094715
CGTGTC	GACACG	-0.125990188457
GCGTAA	TTACGC	-0.126014610148
ACGGGG	CCCCGT	-0.126442441006
ATGAGC	GCTCAT	-0.126555958356
AGACGA	TCGTCT	-0.126589828892
ACAGCG	CGCTGT	-0.12663566718
CAATTC	GAATTG	-0.12670542675
CAAGTC	GACTTG	-0.126709369465
AGTATG	CATACT	-0.126734296198
GTTCAA	TTGAAC	-0.126988133519
ATAGAC	GTCTAT	-0.127161948145
AGATAT	ATATCT	-0.127411060309
TATCCA	TGGATA	-0.127436281297
CGCCTA	TAGGCG	-0.127439304441
GCCTCC	GGAGGC	-0.127736192385
ACCCTA	TAGGGT	-0.127867904357
CCAGCA	TGCTGG	-0.128520337312
ATCAAA	TTTGAT	-0.128584115732
AACTGC	GCAGTT	-0.12881821611
CGCTGC	GCAGCG	-0.129114595517
ATCCGG	CCGGAT	-0.129451096753
ATGGTC	GACCAT	-0.129863566309
GACTCA	TGAGTC	-0.129909725269
CCAAAC	GTTTGG	-0.130015373342
GTCCAA	TTGGAC	-0.130199296618
ATAGGC	GCCTAT	-0.130292557944
GATTGC	GCAATC	-0.131207665311
CTATTA	TAATAG	-0.131754435231
GAACCA	TGGTTC	-0.131792203408
ATCAGG	CCTGAT	-0.131880373174
AGCGTG	CACGCT	-0.132252237571
GAATTC	GAATTC	-0.132469470677
CCACTA	TAGTGG	-0.132586489467
ATATAA	TTATAT	-0.132788619687
ACCACC	GGTGGT	-0.132838473048
GAATTA	TAATTC	-0.132921970384
CCGTCA	TGACGG	-0.133203455686
AGCGCG	CGCGCT	-0.133451198017
CAATAG	CTATTG	-0.133710722449
TAAAGA	TCTTTA	-0.133967104854
CTACAA	TTGTAG	-0.134342516035
AAGCAT	ATGCTT	-0.13468870582
CCTACC	GGTAGG	-0.134766632634
GAAGAC	GTCTTC	-0.134794115323
GAGTTA	TAACTC	-0.135447093834
GGCGTA	TACGCC	-0.135653746661
CGCCAG	CTGGCG	-0.135901258324
ACGACA	TGTCGT	-0.136128390762
CATCGC	GCGATG	-0.136276077441
TGCAAA	TTTGCA	-0.136340018646
CTAGCA	TGCTAG	-0.136783553956
CACAGA	TCTGTG	-0.137360002948
CCGAAC	GTTCGG	-0.137446598249
CGTGGC	GCCACG	-0.137523593622
TCCTAA	TTAGGA	-0.137690753801
CGGCAC	GTGCCG	-0.137796843583
GGAAGA	TCTTCC	-0.137990143017
AACACG	CGTGTT	-0.138047201081
GTCGGA	TCCGAC	-0.138072481172
GCTACA	TGTAGC	-0.138253016353
CGGTCA	TGACCG	-0.138393808333
TCCGGA	TCCGGA	-0.138607048066
CGATTC	GAATCG	-0.138792153985
CTAAAA	TTTTAG	-0.138891452665
CACAAA	TTTGTG	-0.138945152657
CCAAGG	CCTTGG	-0.139245701247
ACAAGC	GCTTGT	-0.139247476084
AAAGCG	CGCTTT	-0.139457318145
AACCGG	CCGGTT	-0.139501594883
CAAGAA	TTCTTG	-0.139722171872
GCTAAC	GTTAGC	-0.139809048476
ACGAAT	ATTCGT	-0.139869007018
AACCCT	AGGGTT	-0.139974829831
ACTGAG	CTCAGT	-0.140397358242
AGGCAC	GTGCCT	-0.140431025767
AGGTCA	TGACCT	-0.140433247273
ACAGAG	CTCTGT	-0.140684194649
CCAGAA	TTCTGG	-0.140811283927
GCGCAC	GTGCGC	-0.140835490786
AGTGTG	CACACT	-0.14104253966
AGGCCC	GGGCCT	-0.141052554777
CACCCG	CGGGTG	-0.141231117842
AAGGTC	GACCTT	-0.141652136483
AGTATC	GATACT	-0.141735276958
CCTAAG	CTTAGG	-0.141737212614
GCATCA	TGATGC	-0.141860118095
CTCCTA	TAGGAG	-0.141991341891
CAGACC	GGTCTG	-0.142075014126
AACGAC	GTCGTT	-0.142209538681
CGTTCC	GGAACG	-0.142227563293
AAGCGC	GCGCTT	-0.142249909135
GCGAGC	GCTCGC	-0.14229011528
CAATCA	TGATTG	-0.1424710439
ACGCCG	CGGCGT	-0.142485097486
CTAAAG	CTTTAG	-0.14248586937
GTAGGA	TCCTAC	-0.142518143148
ATATGC	GCATAT	-0.142715839024
GAGACA	TGTCTC	-0.142782534759
GATGCC	GGCATC	-0.142787642436
CAGACG	CGTCTG	-0.143415371263
GACAAA	TTTGTC	-0.143424591812
CTGTGA	TCACAG	-0.143552366985
AGCCGG	CCGGCT	-0.143914657597
CAACGA	TCGTTG	-0.14393539745
ACGCAC	GTGCGT	-0.14423228547
GCCGCA	TGCGGC	-0.144300367613
GTACCA	TGGTAC	-0.144379187346
ATTCAC	GTGAAT	-0.144626927204
CGCGAG	CTCGCG	-0.144763303014
AGAGGC	GCCTCT	-0.144879636861
CGTCAC	GTGACG	-0.144948742055
GGCCGA	TCGGCC	-0.14516802383
CTGATA	TATCAG	-0.14522519957
CGGACA	TGTCCG	-0.145348413149
ACCACT	AGTGGT	-0.145353088658
CTTCAA	TTGAAG	-0.145355470009
AGGAAA	TTTCCT	-0.145560663216
CTGACA	TGTCAG	-0.145594421128
ATTTAG	CTAAAT	-0.145789364789
TATAGA	TCTATA	-0.145987520291
GAGTAA	TTACTC	-0.146370548014
TACCTA	TAGGTA	-0.146690466039
CAACAG	CTGTTG	-0.146829965263
TGTAAA	TTTACA	-0.146839095904
GTAGCA	TGCTAC	-0.146859877022
ATTAGG	CCTAAT	-0.14742350564
CTGTCC	GGACAG	-0.147521064897
AAGGTG	CACCTT	-0.14840570967
AATAAC	GTTATT	-0.148422889129
CAGCAC	GTGCTG	-0.148525779343
AAGCGA	TCGCTT	-0.148723869658
CGAGAA	TTCTCG	-0.148926342802
AAGTCT	AGACTT	-0.149154549892
ACAAAT	ATTTGT	-0.149215480024
CCGTAG	CTACGG	-0.149402550861
ACACCC	GGGTGT	-0.149448319818
GTCAAA	TTTGAC	-0.150028071766
AGTTGG	CCAACT	-0.150138196015
CGAGCG	CGCTCG	-0.150428665481
ATAGTG	CACTAT	-0.150573936992
GTCCTA	TAGGAC	-0.150612109895
ATCAAC	GTTGAT	-0.150619842215
CGCAAA	TTTGCG	-0.150658827202
ATGTTA	TAACAT	-0.150909990369
CGGTTC	GAACCG	-0.151173817967
CCTTCA	TGAAGG	-0.151422618424
CGGGCA	TGCCCG	-0.151855222934
AACGAG	CTCGTT	-0.15201242997
AACTTA	TAAGTT	-0.152637183474
AGAGCG	CGCTCT	-0.152659819546
AGTCAA	TTGACT	-0.153842269147
AGTCGA	TCGACT	-0.154103038028
TAACTA	TAGTTA	-0.154246988619
GATGAA	TTCATC	-0.15436263287
GACGGC	GCCGTC	-0.154372741113
GGCCAA	TTGGCC	-0.154401084997
GCGTCC	GGACGC	-0.154462328187
CCATAG	CTATGG	-0.154620631559
CATTAA	TTAATG	-0.154755720207
GACCGA	TCGGTC	-0.155083913983
AGATTA	TAATCT	-0.155159227298
GATACC	GGTATC	-0.155278981565
AAATAC	GTATTT	-0.155297455603
CTCAGC	GCTGAG	-0.155299515189
GAACAA	TTGTTC	-0.155595425605
ATAACC	GGTTAT	-0.155721300251
CTTGAC	GTCAAG	-0.155879952071
TCTAGA	TCTAGA	-0.155958786487
CGTTTC	GAAACG	-0.156178753449
CACGGG	CCCGTG	-0.156462099713
CTTGCC	GGCAAG	-0.156660874807
AACTCA	TGAGTT	-0.156769348165
CCGGAC	GTCCGG	-0.156853618703
CAGAAC	GTTCTG	-0.156952536263
CCGGCA	TGCCGG	-0.157353467475
CGATGC	GCATCG	-0.157360645595
AGCGTC	GACGCT	-0.157519998026
GGAGTA	TACTCC	-0.157539994178
CGCTGA	TCAGCG	-0.157552623588
AGCACA	TGTGCT	-0.15795389022
GTAGAA	TTCTAC	-0.158076024354
AGTTGC	GCAACT	-0.15815398989
TGGCAA	TTGCCA	-0.158441268373
GTGCGA	TCGCAC	-0.158581706521
CGCAGA	TCTGCG	-0.158931464605
CGTTGA	TCAACG	-0.159145836715
CCCTTA	TAAGGG	-0.15937480361
ACTTGG	CCAAGT	-0.159496924813
ACGTGA	TCACGT	-0.15956272166
GACGCA	TGCGTC	-0.159615969588
CGTACC	GGTACG	-0.160383430076
ACCTAC	GTAGGT	-0.160441448852
GACTGA	TCAGTC	-0.160877947858
AATTAC	GTAATT	-0.160918944982
TGTACA	TGTACA	-0.161385599259
ACTGTC	GACAGT	-0.161537368061
ACGGCC	GGCCGT	-0.16172109711
CTGGTC	GACCAG	-0.161921723808
CTCGGC	GCCGAG	-0.16237839368
CCCAAG	CTTGGG	-0.162936006857
AACACA	TGTGTT	-0.163101438464
GACATA	TATGTC	-0.163238021333
AGCCGA	TCGGCT	-0.163690124047
CACACG	CGTGTG	-0.163857071114
AAGTAT	ATACTT	-0.163878692069
GAGTGC	GCACTC	-0.164167563847
CAAGAG	CTCTTG	-0.164223180244
ATCCCC	GGGGAT	-0.164387713797
ACCATA	TATGGT	-0.164422669941
GCTAAA	TTTAGC	-0.164682965301
TGAACA	TGTTCA	-0.164999783748
CTTTTA	TAAAAG	-0.165097993219
CAAGTA	TACTTG	-0.165143122304
CGGGAA	TTCCCG	-0.165413220527
GCTAGA	TCTAGC	-0.165428579696
GGCCCC	GGGGCC	-0.165761525687
CTGACC	GGTCAG	-0.165789145357
GTGAAC	GTTCAC	-0.166074041354
CACGCA	TGCGTG	-0.166255153077
ACGTTC	GAACGT	-0.166284916858
GGGAAC	GTTCCC	-0.166571268839
GAAGTA	TACTTC	-0.168147282161
CAATGG	CCATTG	-0.168162336534
GACCAC	GTGGTC	-0.168210889347
ATAGCC	GGCTAT	-0.168308559501
CGACAG	CTGTCG	-0.168518142272
CTGTAC	GTACAG	-0.168564832965
CCTTAC	GTAAGG	-0.168699898864
ACAAGT	ACTTGT	-0.169009503183
CCAGCC	GGCTGG	-0.169152657844
AGACGC	GCGTCT	-0.169534044489
ACTACC	GGTAGT	-0.16956103923
ATGGCG	CGCCAT	-0.169625895786
ATCAGA	TCTGAT	-0.169678717072
CACGTG	CACGTG	-0.170124127859
ACCTAA	TTAGGT	-0.170225991402
TGATCA	TGATCA	-0.170368732287
ACATTA	TAATGT	-0.170612090035
CGTCAG	CTGACG	-0.17068336929
ACATCT	AGATGT	-0.170950767113
CCGGAG	CTCCGG	-0.17101350173
GCGGCA	TGCCGC	-0.171259815426
GAGTCC	GGACTC	-0.171439862989
TCCAGA	TCTGGA	-0.171484772189
CGTGAG	CTCACG	-0.171527827097
CCATTC	GAATGG	-0.171993210762
GCGCCA	TGGCGC	-0.172541733752
GCTGGA	TCCAGC	-0.172596744138
CACTTA	TAAGTG	-0.173833481381
GACCTC	GAGGTC	-0.173944850657
CGACAC	GTGTCG	-0.173948210337
TTGCAA	TTGCAA	-0.174085699425
CATCCG	CGGATG	-0.174226738557
CGGCCC	GGGCCG	-0.174587974623
GACTTA	TAAGTC	-0.174591966585
AGCGCC	GGCGCT	-0.174658851184
ACAGTA	TACTGT	-0.175023519665
CAACTC	GAGTTG	-0.175363988667
AATCAA	TTGATT	-0.175409702288
ACACTC	GAGTGT	-0.175411117782
GATCCA	TGGATC	-0.175431544518
CGTCCC	GGGACG	-0.175593227454
AACTGG	CCAGTT	-0.175702099195
AGTTCG	CGAACT	-0.176135186669
CATATC	GATATG	-0.176463505551
ACCGTG	CACGGT	-0.176648210487
GAACGC	GCGTTC	-0.176693826015
CTTTTC	GAAAAG	-0.177289168446
AGTGAG	CTCACT	-0.177473203823
GTGTGA	TCACAC	-0.177988368415
CCAACG	CGTTGG	-0.178256381776
AAGGCC	GGCCTT	-0.178380127299
AGTTAA	TTAACT	-0.178597924533
ATAAAC	GTTTAT	-0.178653722173
GGGAGA	TCTCCC	-0.178669232301
AGGGAC	GTCCCT	-0.179101678443
CACGCC	GGCGTG	-0.179172448507
CAGTTA	TAACTG	-0.179205804189
CCACAA	TTGTGG	-0.179258780609
AGACGG	CCGTCT	-0.179659630126
GAAGCC	GGCTTC	-0.17970236196
GAACTC	GAGTTC	-0.179932891335
GGGCAA	TTGCCC	-0.180166761574
CACCAA	TTGGTG	-0.180509097275
AACTAT	ATAGTT	-0.180562620339
ACAAGG	CCTTGT	-0.180741725927
CTAATC	GATTAG	-0.180850353984
GGAGAA	TTCTCC	-0.18095181082
CCAAGA	TCTTGG	-0.181288879327
GTCCCA	TGGGAC	-0.181331588695
AAACTC	GAGTTT	-0.181373691408
CATGCC	GGCATG	-0.181725502329
GGTTAA	TTAACC	-0.181877829569
GATATA	TATATC	-0.181890851972
GCTTAA	TTAAGC	-0.182131695231
AGGGTG	CACCCT	-0.182685789101
AGATAA	TTATCT	-0.182869616897
CGACCC	GGGTCG	-0.182932385784
CTTCTA	TAGAAG	-0.183136067048
GACCAA	TTGGTC	-0.183376539186
GCACGC	GCGTGC	-0.183520989925
AAGAGA	TCTCTT	-0.18352696459
TCAGCA	TGCTGA	-0.183808637903
CCAGTA	TACTGG	-0.183883761212
ATCCTG	CAGGAT	-0.184016325679
CCCCCA	TGGGGG	-0.184090209181
GCCCGA	TCGGGC	-0.184256087754
GAGGTA	TACCTC	-0.184596493909
ATATAG	CTATAT	-0.184720695298
CTGGGC	GCCCAG	-0.184797139475
CGAGAC	GTCTCG	-0.184850048383
GGATCC	GGATCC	-0.184877084592
GAATCA	TGATTC	-0.184898527012
AATAAG	CTTATT	-0.18510252492
GGTTGA	TCAACC	-0.185279366583
AGCGGA	TCCGCT	-0.185312021645
AATTCT	AGAATT	-0.185625168314
AGGTAC	GTACCT	-0.186186621278
AGGAAT	ATTCCT	-0.186404996731
ATTAAT	ATTAAT	-0.186633445223
CACGGC	GCCGTG	-0.186642166084
ATCCAG	CTGGAT	-0.187014775854
AATGCA	TGCATT	-0.18728214782
TCATCA	TGATGA	-0.187312853877
CTAGGA	TCCTAG	-0.187566273798
TCGAGA	TCTCGA	-0.187820781274
CACTGG	CCAGTG	-0.18867534407
CTAAGC	GCTTAG	-0.188687905881
CAATAA	TTATTG	-0.188744227533
CGGACC	GGTCCG	-0.189022200881
ACTTAA	TTAAGT	-0.189026647411
ACTAGC	GCTAGT	-0.189098386341
AACAAG	CTTGTT	-0.189107905502
AGGACG	CGTCCT	-0.189290354687
CCTCTA	TAGAGG	-0.189316924134
AACCCG	CGGGTT	-0.189467147588
CCTCCG	CGGAGG	-0.189590694732
GCATAA	TTATGC	-0.1899378708
CTCTCA	TGAGAG	-0.190093593941
AATATA	TATATT	-0.190168854733
AAATTG	CAATTT	-0.190422586784
GGCTCA	TGAGCC	-0.190436026372
AGCGCA	TGCGCT	-0.190479897871
ACAGAC	GTCTGT	-0.190622983981
CAGTGA	TCACTG	-0.190739718492
AGTCTA	TAGACT	-0.190938858485
GCACCC	GGGTGC	-0.190996172407
TATGAA	TTCATA	-0.191299359277
AATTGG	CCAATT	-0.191324769194
GGCCTA	TAGGCC	-0.191415617642
GGTGAC	GTCACC	-0.191724340825
CTTAAG	CTTAAG	-0.192473847525
AACTAG	CTAGTT	-0.192804351649
CGTGAC	GTCACG	-0.192828874737
AATTGA	TCAATT	-0.192877815616
AACGCA	TGCGTT	-0.193177961267
ACCCAA	TTGGGT	-0.193329573945
AGCATA	TATGCT	-0.193428201872
GAGGAC	GTCCTC	-0.193559501254
AGTTTA	TAAACT	-0.193799340546
CGCCAA	TTGGCG	-0.194099375294
ACGAGT	ACTCGT	-0.194150479825
GCTCCC	GGGAGC	-0.194820712953
ATTGGA	TCCAAT	-0.195446198222
CCACGC	GCGTGG	-0.195898732748
AACCAC	GTGGTT	-0.195912536314
CTGAGC	GCTCAG	-0.195968954034
GAGATA	TATCTC	-0.196015216094
AATCCT	AGGATT	-0.196490369811
AACATC	GATGTT	-0.196499076959
AAATCA	TGATTT	-0.196571743646
GCCAAC	GTTGGC	-0.196639862252
ACACCG	CGGTGT	-0.197033875932
CCGTGA	TCACGG	-0.197088018302
GTATCA	TGATAC	-0.19719728528
GTGAGA	TCTCAC	-0.19728743135
ATATTG	CAATAT	-0.197398040554
GTTCTA	TAGAAC	-0.197474485856
GTGGAA	TTCCAC	-0.197508243762
AAGTTG	CAACTT	-0.197736038524
GTAGTA	TACTAC	-0.197775349567
CAAGGA	TCCTTG	-0.198248849105
AATAGG	CCTATT	-0.198409849716
TGGTAA	TTACCA	-0.198597353454
ACGCAG	CTGCGT	-0.199020554235
AGGTAG	CTACCT	-0.199028863259
GGCGAA	TTCGCC	-0.199184909227
CACGAA	TTCGTG	-0.199417446158
ACATTC	GAATGT	-0.199527963496
AATACA	TGTATT	-0.199668319371
GTTGGA	TCCAAC	-0.199921692246
TTACAA	TTGTAA	-0.200335405134
AGATGA	TCATCT	-0.20034101294
ATACCC	GGGTAT	-0.200564326739
TATGGA	TCCATA	-0.200678931414
ATGGCC	GGCCAT	-0.200861198214
CATCAC	GTGATG	-0.200890561276
ATGGAA	TTCCAT	-0.200906911108
CCCCGG	CCGGGG	-0.201016845812
ACCGGA	TCCGGT	-0.201079038001
GGCACC	GGTGCC	-0.20162781282
GTAAAC	GTTTAC	-0.201815534495
AATGTC	GACATT	-0.20190344957
CACCTG	CAGGTG	-0.201972912581
AGCAAG	CTTGCT	-0.202074138702
ACAGGT	ACCTGT	-0.202165281957
ACACAG	CTGTGT	-0.20220193365
GACATC	GATGTC	-0.20246188048
AATGAC	GTCATT	-0.202592033282
TCTAAA	TTTAGA	-0.202824057011
TACTAA	TTAGTA	-0.203045782116
ATCTGG	CCAGAT	-0.203220277384
GTAGAC	GTCTAC	-0.203727211874
CAGGGA	TCCCTG	-0.203887407552
GTGATA	TATCAC	-0.204051347864
CACCGG	CCGGTG	-0.20408322026
ACGCCC	GGGCGT	-0.204102848329
AGGTGG	CCACCT	-0.204729191762
CCCTCA	TGAGGG	-0.204828955737
GGATTA	TAATCC	-0.205115748305
ATAGAG	CTCTAT	-0.205204471398
CAACGC	GCGTTG	-0.205288038334
CCGCAA	TTGCGG	-0.205675817272
ATAACA	TGTTAT	-0.206026074847
ACATGA	TCATGT	-0.206075277587
CACACC	GGTGTG	-0.206931014827
ATTATA	TATAAT	-0.207259881837
AGTTAT	ATAACT	-0.207287744416
CATTCC	GGAATG	-0.207444693553
AGGTGC	GCACCT	-0.207604005595
GGGGTA	TACCCC	-0.207778509797
GCACGA	TCGTGC	-0.207987296865
CGCAGC	GCTGCG	-0.207996586562
AGAACT	AGTTCT	-0.208092304522
GTACAC	GTGTAC	-0.208108225732
GGAACC	GGTTCC	-0.208303571228
GATTTA	TAAATC	-0.208311589571
ACCGGG	CCCGGT	-0.208319212572
AACCTT	AAGGTT	-0.209069621029
AGCTGA	TCAGCT	-0.209220673022
CTGCTC	GAGCAG	-0.20950490021
ATTAAG	CTTAAT	-0.209584443932
TCCCGA	TCGGGA	-0.209726719778
GAGCAC	GTGCTC	-0.209915618965
AGTCTC	GAGACT	-0.209927004483
ACCCTC	GAGGGT	-0.209932755531
ACAGCC	GGCTGT	-0.21029331222
AAATGG	CCATTT	-0.210537343183
CTCGTC	GACGAG	-0.211026907582
GATGGC	GCCATC	-0.211262873006
GCTTCC	GGAAGC	-0.211302085124
ATTAGA	TCTAAT	-0.211416352928
CCGCGC	GCGCGG	-0.21161818428
AGGCTA	TAGCCT	-0.211911619378
GAGGCA	TGCCTC	-0.21222271252
ACCAAT	ATTGGT	-0.212319461246
CAGCGC	GCGCTG	-0.212940330399
TCCCAA	TTGGGA	-0.212984666986
ATGTAC	GTACAT	-0.213102017209
GAGGCC	GGCCTC	-0.213128391162
AAGATA	TATCTT	-0.213268135137
CCAAGC	GCTTGG	-0.213461268545
CCACGG	CCGTGG	-0.213664274798
AGTAGA	TCTACT	-0.213753096678
CTTGGC	GCCAAG	-0.213979558303
CCGCTC	GAGCGG	-0.213985479295
ATCCAA	TTGGAT	-0.214093475198
GAGAAC	GTTCTC	-0.214234179962
CCCGCG	CGCGGG	-0.214336351126
CTGTCA	TGACAG	-0.21442460144
CTGCAC	GTGCAG	-0.214533779081
GGCTAA	TTAGCC	-0.214689444879
GCCCCC	GGGGGC	-0.214894586191
AAAAGC	GCTTTT	-0.214947166554
CTCGAA	TTCGAG	-0.215090884778
CATCTC	GAGATG	-0.215473901924
CTTAAC	GTTAAG	-0.215757050682
CTGCTA	TAGCAG	-0.2158342667
CAAGCA	TGCTTG	-0.216001418853
ACGAGA	TCTCGT	-0.216042809679
CACTGC	GCAGTG	-0.216108929913
GCAGAC	GTCTGC	-0.216169384582
CCGGCG	CGCCGG	-0.216362578609
AGAAGC	GCTTCT	-0.216718281198
CCATCA	TGATGG	-0.216881895199
CTCACC	GGTGAG	-0.217146701118
GTAATA	TATTAC	-0.217231787101
TAGTCA	TGACTA	-0.217334770403
ATACCA	TGGTAT	-0.217389559696
ACTGAT	ATCAGT	-0.217656534956
ATTTCC	GGAAAT	-0.217779055716
AAGGCT	AGCCTT	-0.21824641533
AAAGTC	GACTTT	-0.218512266289
GAAACC	GGTTTC	-0.218520238564
CGCCGC	GCGGCG	-0.218539786876
AAGACA	TGTCTT	-0.218572747531
CACTTC	GAAGTG	-0.218929838057
AACTAA	TTAGTT	-0.21919906431
GGATCA	TGATCC	-0.219440642227
ACGTGG	CCACGT	-0.219472287719
CAGAAA	TTTCTG	-0.219544676377
GCTGCA	TGCAGC	-0.219910461254
GGTGTA	TACACC	-0.220013835526
AGCTCA	TGAGCT	-0.220444833905
GACAGC	GCTGTC	-0.220970612147
GGGATA	TATCCC	-0.22112188843
ATCCGC	GCGGAT	-0.221154300495
GCGGAA	TTCCGC	-0.221184044896
GGGCAC	GTGCCC	-0.22133368556
AAGATG	CATCTT	-0.221346235064
ATACTG	CAGTAT	-0.221709825981
TAAGTA	TACTTA	-0.221950750749
AAATAG	CTATTT	-0.222172891141
CTCATC	GATGAG	-0.222686035883
AGGGTC	GACCCT	-0.222800290739
GCTCAC	GTGAGC	-0.222845752318
GGTTAC	GTAACC	-0.222966504656
AGAGCC	GGCTCT	-0.223068960187
AGACAC	GTGTCT	-0.223276645543
CCCAAC	GTTGGG	-0.223475219933
TAACCA	TGGTTA	-0.223516034235
CTAGCC	GGCTAG	-0.223538233879
CAGCCC	GGGCTG	-0.223578008328
CGAGGA	TCCTCG	-0.223735700428
AGCGGC	GCCGCT	-0.223794140332
CACATC	GATGTG	-0.223868396362
CGGATC	GATCCG	-0.223888474095
CGCTCA	TGAGCG	-0.224123050176
AGTAAA	TTTACT	-0.224316503169
CTTTGC	GCAAAG	-0.224357696587
CGCATC	GATGCG	-0.224670903502
CCCTAA	TTAGGG	-0.224850596157
GCAAGA	TCTTGC	-0.225099396324
AATCCA	TGGATT	-0.225390151229
CGTCTC	GAGACG	-0.225802116022
CCTATC	GATAGG	-0.225813580838
TCACCA	TGGTGA	-0.225876190622
CGGAGA	TCTCCG	-0.225897770385
CAAGGG	CCCTTG	-0.2259994934
ATTTCA	TGAAAT	-0.226045275897
TAGTAA	TTACTA	-0.226158274481
AGAATC	GATTCT	-0.226767060148
GAAGGC	GCCTTC	-0.227120154797
AGCAAT	ATTGCT	-0.227390345104
AAGCCA	TGGCTT	-0.227409795209
GATTAC	GTAATC	-0.227543045712
GAGCTC	GAGCTC	-0.228081907094
AACCGA	TCGGTT	-0.228395498923
AGGCGC	GCGCCT	-0.228427298177
TCCGCA	TGCGGA	-0.228447501842
ACTGCC	GGCAGT	-0.229487926252
GGACAC	GTGTCC	-0.229672588795
ACTTGC	GCAAGT	-0.229691734139
ACCTCT	AGAGGT	-0.22982721656
ACTGAA	TTCAGT	-0.229937205644
AGACAT	ATGTCT	-0.230410535686
AACAGG	CCTGTT	-0.230412135156
TCATGA	TCATGA	-0.230428198484
GATACA	TGTATC	-0.230550222537
AATAGA	TCTATT	-0.230995714318
CAACAA	TTGTTG	-0.231003430086
GTACAA	TTGTAC	-0.231351809301
CCTGAC	GTCAGG	-0.231377463443
GGCACA	TGTGCC	-0.231613968593
ATGTGA	TCACAT	-0.231624001027
AACCTC	GAGGTT	-0.231814758288
GAGCCC	GGGCTC	-0.232226940911
ACTAAG	CTTAGT	-0.232306431935
CGCACA	TGTGCG	-0.232440841876
AAGCAC	GTGCTT	-0.232520803487
CTGGCC	GGCCAG	-0.233357677026
CTGAAC	GTTCAG	-0.233378345891
GCCAGC	GCTGGC	-0.23341428729
AAAAGG	CCTTTT	-0.233492523809
AAGAGT	ACTCTT	-0.23379793962
AATTGT	ACAATT	-0.233822444316
ATATTA	TAATAT	-0.233864006267
CTTGCA	TGCAAG	-0.2342418699
AACATG	CATGTT	-0.23450627899
GCATGA	TCATGC	-0.234642907221
CGGTGC	GCACCG	-0.235187431859
GGAAAC	GTTTCC	-0.235440139795
CACATG	CATGTG	-0.235570944346
CTCTAC	GTAGAG	-0.235640405453
GTAACA	TGTTAC	-0.23570175276
GTTGCA	TGCAAC	-0.23676296516
ACCTCA	TGAGGT	-0.237137775844
ACGGTG	CACCGT	-0.237287816421
AAAAGT	ACTTTT	-0.237310207085
ATCCTA	TAGGAT	-0.237424838149
CGGCTA	TAGCCG	-0.237507133998
ACATGC	GCATGT	-0.237736702695
CTAAAC	GTTTAG	-0.238197790144
GCATCC	GGATGC	-0.238346551357
GCAACC	GGTTGC	-0.238505930281
ACCCGC	GCGGGT	-0.238957002083
AGACTC	GAGTCT	-0.239132521744
AGTTAG	CTAACT	-0.239150154456
ACACTA	TAGTGT	-0.239236047586
TGATAA	TTATCA	-0.239396413305
CTAGAG	CTCTAG	-0.239738687474
TATCAA	TTGATA	-0.239935022168
ACAGGC	GCCTGT	-0.239979120984
AGGTTG	CAACCT	-0.240426031081
ACATAA	TTATGT	-0.24055208556
ATACTA	TAGTAT	-0.240811889297
AAAGTT	AACTTT	-0.241252522787
TGAGCA	TGCTCA	-0.241412939144
CTCTAA	TTAGAG	-0.241579410289
ACTTAG	CTAAGT	-0.241597919189
CACAGC	GCTGTG	-0.241897656627
CAGTAG	CTACTG	-0.242620944489
GTCTTA	TAAGAC	-0.242859509895
CTGGCA	TGCCAG	-0.242889694086
TACTCA	TGAGTA	-0.243216380962
AGGACC	GGTCCT	-0.243222353459
GTGCCA	TGGCAC	-0.243548758101
ACTCCA	TGGAGT	-0.244120825212
GTCTAA	TTAGAC	-0.244158947968
ACTAGA	TCTAGT	-0.24417372461
GGGCCC	GGGCCC	-0.244307026484
CCAACC	GGTTGG	-0.244366921986
ATCCTC	GAGGAT	-0.244983418217
ACCAGA	TCTGGT	-0.245219255376
CGCCTC	GAGGCG	-0.245420715435
GCCCAA	TTGGGC	-0.245630571999
GGGGAC	GTCCCC	-0.245690061112
GGCTTA	TAAGCC	-0.24577932595
CATAGC	GCTATG	-0.245883048467
CACCGC	GCGGTG	-0.24656326135
GGGACA	TGTCCC	-0.246863953467
AACCTA	TAGGTT	-0.247110998621
CTTTAC	GTAAAG	-0.247706767696
AGCAGA	TCTGCT	-0.248172385798
AATGGG	CCCATT	-0.248177733372
CTGCGC	GCGCAG	-0.248456592572
AGGCGA	TCGCCT	-0.248508457228
ACTATG	CATAGT	-0.248543110577
TACAGA	TCTGTA	-0.248709652104
CCCTCG	CGAGGG	-0.248736006764
GGTATA	TATACC	-0.248833389918
TAGGAA	TTCCTA	-0.248956181059
GCCAAA	TTTGGC	-0.249130702151
GACTCC	GGAGTC	-0.250732007269
AGGAAC	GTTCCT	-0.250839942649
CCTGTA	TACAGG	-0.250917763021
CAGATC	GATCTG	-0.251271452315
GCTACC	GGTAGC	-0.2515790124
CGCTCC	GGAGCG	-0.251798472021
GGTGAA	TTCACC	-0.251977254339
ATCTAA	TTAGAT	-0.252008352052
CTTAAA	TTTAAG	-0.252930569138
GCCACA	TGTGGC	-0.253046239274
GAAAGC	GCTTTC	-0.253127539822
GAAGAA	TTCTTC	-0.253162302998
CGAGGC	GCCTCG	-0.253942605052
CCCGGA	TCCGGG	-0.253963251099
ATGCAG	CTGCAT	-0.254053477834
ATGGTA	TACCAT	-0.254214592226
GTGCAA	TTGCAC	-0.254842133332
CACTCA	TGAGTG	-0.254929094415
ATTCTC	GAGAAT	-0.255280248975
CTGATC	GATCAG	-0.255332622694
CTACAC	GTGTAG	-0.255381023963
GTTTAA	TTAAAC	-0.255473851682
AAACCG	CGGTTT	-0.255688033626
GTTAAA	TTTAAC	-0.255706965649
CGGGCC	GGCCCG	-0.255829889485
ACTTAT	ATAAGT	-0.256123953291
GCCCAC	GTGGGC	-0.256446821751
CCTTGC	GCAAGG	-0.256632794812
GGATAA	TTATCC	-0.257147465403
AAAAAG	CTTTTT	-0.257178691715
GTAAAA	TTTTAC	-0.257211001265
GTCCAC	GTGGAC	-0.257291787409
AGAACC	GGTTCT	-0.257480556287
TGGACA	TGTCCA	-0.257585766277
AAAAGA	TCTTTT	-0.257587425926
ATAATA	TATTAT	-0.257704851479
GAGTAC	GTACTC	-0.25804389458
AGTGTC	GACACT	-0.258318461807
ATGAGG	CCTCAT	-0.258406603601
GACCCC	GGGGTC	-0.25847165222
CTCAGA	TCTGAG	-0.259218500596
CTTCTC	GAGAAG	-0.259266439518
GGTTCA	TGAACC	-0.259446298639
GGTGCA	TGCACC	-0.259592077826
AAGCTG	CAGCTT	-0.25981201254
CGGCAG	CTGCCG	-0.259945728156
CCCCCG	CGGGGG	-0.260179590965
CCCACG	CGTGGG	-0.260226817286
AAGAAG	CTTCTT	-0.260462111242
CCCAGA	TCTGGG	-0.260515549652
GGAATA	TATTCC	-0.260846594713
AGAGTC	GACTCT	-0.260874477073
GCACAC	GTGTGC	-0.261613142728
AATATT	AATATT	-0.262801322249
ACTACA	TGTAGT	-0.263005722194
AGCCCG	CGGGCT	-0.26309878373
ATGAGA	TCTCAT	-0.263110816548
CTCAAG	CTTGAG	-0.26313409297
AGTGGG	CCCACT	-0.263238627782
AATCTC	GAGATT	-0.263877194991
GGGTTA	TAACCC	-0.264183062867
GCCTTA	TAAGGC	-0.264251030633
CATAAG	CTTATG	-0.264868878521
AGCCAC	GTGGCT	-0.264995321814
CCTGTC	GACAGG	-0.265219408782
AAGCCC	GGGCTT	-0.265482000397
CAATTA	TAATTG	-0.265553006173
TTATAA	TTATAA	-0.26589551868
ATGGGG	CCCCAT	-0.266236687855
GGGCCA	TGGCCC	-0.266282120278
AAGTAA	TTACTT	-0.266597432186
AACTTG	CAAGTT	-0.266876119415
ACCAAC	GTTGGT	-0.267084320029
ACACCT	AGGTGT	-0.267382839957
AACTCT	AGAGTT	-0.267781231222
AGGGTA	TACCCT	-0.268151606583
CCTAAA	TTTAGG	-0.268156435426
GACCTA	TAGGTC	-0.268422381991
AATAGT	ACTATT	-0.26865955859
AACCTG	CAGGTT	-0.268822838292
GAAGTC	GACTTC	-0.268888302442
ATCCCA	TGGGAT	-0.269044343609
ATGTAG	CTACAT	-0.269123238173
ATTTGA	TCAAAT	-0.269506584245
CTTGAA	TTCAAG	-0.269526946801
AGTCCC	GGGACT	-0.269709579665
CTTCCC	GGGAAG	-0.269908172057
ACAAGA	TCTTGT	-0.270061776943
AAGTTA	TAACTT	-0.270104651607
CACAAG	CTTGTG	-0.270123822247
ACCAGC	GCTGGT	-0.270359275688
CAAATA	TATTTG	-0.270671842349
ACTGAC	GTCAGT	-0.271263284247
TAAAAA	TTTTTA	-0.27179172477
CTATGC	GCATAG	-0.271867619227
AAGGCA	TGCCTT	-0.27223491861
CCAGAG	CTCTGG	-0.27248326189
ACATCC	GGATGT	-0.272785774143
ACAATG	CATTGT	-0.272924188151
ATAAGG	CCTTAT	-0.27301359892
CCGAGA	TCTCGG	-0.273551767555
TAATCA	TGATTA	-0.27380841388
CGCGGC	GCCGCG	-0.273980673504
AAGATC	GATCTT	-0.274183827639
AATGTG	CACATT	-0.274423381194
TATACA	TGTATA	-0.274496757574
AATTCA	TGAATT	-0.274819190875
CGGAAG	CTTCCG	-0.274868809209
GAGGGC	GCCCTC	-0.275390962623
ACCTCC	GGAGGT	-0.275684045201
CAGTGC	GCACTG	-0.276168210097
CTCCAG	CTGGAG	-0.276224264604
ACGAGG	CCTCGT	-0.276867514403
AACTTC	GAAGTT	-0.276875475187
GCGGCC	GGCCGC	-0.276975402654
CAGAGA	TCTCTG	-0.277296208073
CCTTCG	CGAAGG	-0.278116068599
CCCTTC	GAAGGG	-0.279046768404
AAGCTC	GAGCTT	-0.279058855985
AGTAAG	CTTACT	-0.279361116844
CTAGGC	GCCTAG	-0.279800661397
AAAATT	AATTTT	-0.279924424486
CAGTGG	CCACTG	-0.281414986395
GATTCA	TGAATC	-0.282026638093
GGGTAC	GTACCC	-0.282668031501
CTCATA	TATGAG	-0.283048995296
GAGTCA	TGACTC	-0.283167208677
CATGAC	GTCATG	-0.283589997264
CAAAGC	GCTTTG	-0.284431206172
TATTAA	TTAATA	-0.284923369264
ACCTGA	TCAGGT	-0.285068663441
CCGCAG	CTGCGG	-0.285134442177
CAAACC	GGTTTG	-0.285215835738
GCTCTA	TAGAGC	-0.285327672288
AGGTAT	ATACCT	-0.285678425277
CAGCTA	TAGCTG	-0.285708489511
AAAGTG	CACTTT	-0.285741726122
GCTGTA	TACAGC	-0.285901459567
AACTAC	GTAGTT	-0.28595062533
CAACAC	GTGTTG	-0.285967023817
CCAGCG	CGCTGG	-0.286230449814
TGCCCA	TGGGCA	-0.286313525221
AGGTTC	GAACCT	-0.286368230479
AATGAA	TTCATT	-0.286521756496
CAGCTG	CAGCTG	-0.286559638351
CTTAGC	GCTAAG	-0.286964284635
CACCTC	GAGGTG	-0.286981843481
AATCTA	TAGATT	-0.288022111239
CCATTA	TAATGG	-0.288430388557
CTCAAC	GTTGAG	-0.288796828874
GGAGCA	TGCTCC	-0.288964893335
AAATGA	TCATTT	-0.289052816138
ACTCAC	GTGAGT	-0.289145750423
GAAAAC	GTTTTC	-0.289236358256
CGTGCC	GGCACG	-0.289484597213
GCATTA	TAATGC	-0.289939288663
CAGGCC	GGCCTG	-0.29001251425
CAGTAA	TTACTG	-0.290037716007
ATGGGA	TCCCAT	-0.29030613137
CCTATA	TATAGG	-0.290309226566
GCTGCC	GGCAGC	-0.290961523131
AGACCC	GGGTCT	-0.291060510941
AGGATG	CATCCT	-0.291159712568
CCCAGG	CCTGGG	-0.291209241148
CGGCCA	TGGCCG	-0.291230167111
ACCAGG	CCTGGT	-0.291848136155
AAAGGG	CCCTTT	-0.292177757284
ATGTCC	GGACAT	-0.292474070653
AGCCAA	TTGGCT	-0.293223757772
ATGACA	TGTCAT	-0.293313261419
AAACCA	TGGTTT	-0.294524481612
CGGAAC	GTTCCG	-0.294554480811
CCTTGA	TCAAGG	-0.294698130752
CTGGTA	TACCAG	-0.295128344658
AGGGCC	GGCCCT	-0.295273660489
AATGAG	CTCATT	-0.295770529691
CCACCG	CGGTGG	-0.295921707409
AGCTTG	CAAGCT	-0.296168023444
CTCCGC	GCGGAG	-0.296325056809
ACTCCT	AGGAGT	-0.296506978222
TCAGAA	TTCTGA	-0.296661695042
CACTAG	CTAGTG	-0.296758458244
CAGGCG	CGCCTG	-0.297013607588
AAGGGA	TCCCTT	-0.297641327293
CCATGC	GCATGG	-0.297733315959
CAGCCA	TGGCTG	-0.29777302838
CTTACC	GGTAAG	-0.298388472193
AAAGCT	AGCTTT	-0.298475134197
TAGACA	TGTCTA	-0.298938354109
AAGCCT	AGGCTT	-0.299038864432
CCTCAA	TTGAGG	-0.299281316226
TGTCAA	TTGACA	-0.299311965804
AAAGCC	GGCTTT	-0.299370725826
GCAATA	TATTGC	-0.299441670223
CTGAGA	TCTCAG	-0.299496362549
CAGAGC	GCTCTG	-0.299675127629
GAGTGA	TCACTC	-0.299817599115
ACTGTG	CACAGT	-0.300109312566
CACGAG	CTCGTG	-0.300448653989
CCCGCA	TGCGGG	-0.300669476605
CACCAG	CTGGTG	-0.300773169534
AGCTGC	GCAGCT	-0.301275863968
TCTACA	TGTAGA	-0.301390940517
ATAATG	CATTAT	-0.301430072247
CCATAC	GTATGG	-0.301540478734
TGCCAA	TTGGCA	-0.301992103897
TCTTCA	TGAAGA	-0.302127143878
ACGCTG	CAGCGT	-0.302136779607
ATCATG	CATGAT	-0.302177084904
ACCCAT	ATGGGT	-0.302553467422
GTTTCA	TGAAAC	-0.302951139623
CATACC	GGTATG	-0.303035759521
CATTGG	CCAATG	-0.303369512063
CCGAGC	GCTCGG	-0.304175124206
ACCCCC	GGGGGT	-0.304452520414
GCTGAA	TTCAGC	-0.304751111235
CCTGAG	CTCAGG	-0.305701235749
ATTGGC	GCCAAT	-0.305749739049
ACCATC	GATGGT	-0.306006333156
GGTTTA	TAAACC	-0.306076717177
TTCAAA	TTTGAA	-0.306103575848
GTGCAC	GTGCAC	-0.306409235698
AATCCC	GGGATT	-0.306855149878
CATAAC	GTTATG	-0.306931673801
GCCTGA	TCAGGC	-0.307174542939
ACAACT	AGTTGT	-0.307721207513
CCTAGC	GCTAGG	-0.308060863521
GCAAAA	TTTTGC	-0.308144798541
CTACCA	TGGTAG	-0.308230841433
AACATA	TATGTT	-0.3085301922
TAAGAA	TTCTTA	-0.308932156453
CTATTC	GAATAG	-0.308975238333
CGAGCC	GGCTCG	-0.309722340166
GCCCCA	TGGGGC	-0.311649413016
CATGAG	CTCATG	-0.311767028735
CTCTTA	TAAGAG	-0.311875777306
AGTAAT	ATTACT	-0.312391739017
ATCCAC	GTGGAT	-0.313367718435
GATCAA	TTGATC	-0.313386810745
CGCCCA	TGGGCG	-0.313617428215
AGCCTC	GAGGCT	-0.313873997236
CCAACA	TGTTGG	-0.314359594684
AAACTA	TAGTTT	-0.315167916571
AACATT	AATGTT	-0.315755678351
ATACAG	CTGTAT	-0.315851425201
CTCTGA	TCAGAG	-0.316147387556
CTGTTA	TAACAG	-0.316227360972
AAAAAC	GTTTTT	-0.316316540806
GAACTA	TAGTTC	-0.317089697584
GTTTGA	TCAAAC	-0.31757378175
AAAGTA	TACTTT	-0.318084023402
ATTCTA	TAGAAT	-0.318515107064
CGTGGA	TCCACG	-0.319131601404
GCCACC	GGTGGC	-0.319457573195
CTCTGC	GCAGAG	-0.319912963902
AAACCC	GGGTTT	-0.320085489949
TAAACA	TGTTTA	-0.32052124361
CTGAAG	CTTCAG	-0.320761266676
ACTGGC	GCCAGT	-0.321353535421
AACCCA	TGGGTT	-0.321355082852
TCATAA	TTATGA	-0.321636703972
CAAACA	TGTTTG	-0.322075428488
CAAAAG	CTTTTG	-0.322081595758
CCCAGC	GCTGGG	-0.322337306453
AGAGTG	CACTCT	-0.322723018223
AGTGCA	TGCACT	-0.322746073404
AAGGAA	TTCCTT	-0.32285187346
TCTTAA	TTAAGA	-0.323110565839
CATTCA	TGAATG	-0.323276417041
AGCCCC	GGGGCT	-0.323714548109
GATTAA	TTAATC	-0.323728143855
CGCCCG	CGGGCG	-0.323881045465
CTATCA	TGATAG	-0.324188540441
AGATTC	GAATCT	-0.32423758597
TACTGA	TCAGTA	-0.324289508585
GCAGAA	TTCTGC	-0.32480491166
CCCATC	GATGGG	-0.325740868628
GCGCCC	GGGCGC	-0.325887021977
TCACAA	TTGTGA	-0.326108470258
TAGCAA	TTGCTA	-0.326319990614
ATCTTG	CAAGAT	-0.326818577323
ATATCA	TGATAT	-0.326823140827
CAGCTC	GAGCTG	-0.326976641799
TCAACA	TGTTGA	-0.327580448787
AGGGAA	TTCCCT	-0.327698614443
AGATAC	GTATCT	-0.327892547106
GGGACC	GGTCCC	-0.327937207518
ACAGTG	CACTGT	-0.32806655563
AGAGCA	TGCTCT	-0.328403810448
AGGGGC	GCCCCT	-0.329131061792
ACCTAG	CTAGGT	-0.329566804494
CTTAGA	TCTAAG	-0.32970565771
CTTTCC	GGAAAG	-0.329993043416
AACTGT	ACAGTT	-0.330164817812
GGACCC	GGGTCC	-0.330754435585
GCTCAA	TTGAGC	-0.331046184889
AGCCAG	CTGGCT	-0.331761222353
AGGAGA	TCTCCT	-0.331877140961
AGAGAT	ATCTCT	-0.33199154534
CCAGTC	GACTGG	-0.332323133547
AGTTTG	CAAACT	-0.332385001191
CAAAAC	GTTTTG	-0.332429742673
ATCTCA	TGAGAT	-0.332634579763
ACATGG	CCATGT	-0.332730992
ACCCTG	CAGGGT	-0.33342815379
AAGGCG	CGCCTT	-0.334450616556
CAATGA	TCATTG	-0.335508749036
AAAACT	AGTTTT	-0.335585704474
CCGGGC	GCCCGG	-0.335912873617
AGTCTG	CAGACT	-0.336033659814
CACTCC	GGAGTG	-0.336195148357
CCACTC	GAGTGG	-0.336391248039
GGTACA	TGTACC	-0.336681664272
AATTTA	TAAATT	-0.336690220617
ACTGTA	TACAGT	-0.336936773845
CAGATG	CATCTG	-0.337420986106
GACTGC	GCAGTC	-0.337643489758
ATAGGA	TCCTAT	-0.33778400042
ATGCAT	ATGCAT	-0.338101892646
CACAAC	GTTGTG	-0.338125144648
ACCTGG	CCAGGT	-0.338160893653
ATGATG	CATCAT	-0.338163462339
GTTTTA	TAAAAC	-0.3381966996
TGACCA	TGGTCA	-0.338253064887
CCGCCG	CGGCGG	-0.338556260976
CGAGAG	CTCTCG	-0.338812099962
AATTAT	ATAATT	-0.338927059812
GATAAA	TTTATC	-0.339079669173
TCCCCA	TGGGGA	-0.339679484097
AGACCA	TGGTCT	-0.339830279238
AGGACT	AGTCCT	-0.340209121914
AATTAA	TTAATT	-0.340564779193
CTTGTC	GACAAG	-0.340592857394
AGAGCT	AGCTCT	-0.340731076505
GGAAAA	TTTTCC	-0.340762705283
AAATAT	ATATTT	-0.34136718381
ATGAAT	ATTCAT	-0.341513791018
TACCAA	TTGGTA	-0.3432959398
CTAGAC	GTCTAG	-0.343550948089
AGGATC	GATCCT	-0.343951082455
AGTCAG	CTGACT	-0.343961014791
CTGTTC	GAACAG	-0.344415683886
AAGAGC	GCTCTT	-0.345260251673
AGTGAT	ATCACT	-0.345314219431
ATGCCC	GGGCAT	-0.345532841855
CATTGA	TCAATG	-0.345792373877
CGCGCC	GGCGCG	-0.345799041903
AATGAT	ATCATT	-0.346352719865
GATGGA	TCCATC	-0.347086367041
ACCAAG	CTTGGT	-0.348286922779
ACCTTC	GAAGGT	-0.348571423308
AGCCGC	GCGGCT	-0.348707404086
ATGATC	GATCAT	-0.348965646301
AGAAGG	CCTTCT	-0.349737104636
ATCAAT	ATTGAT	-0.349842855858
GATGTA	TACATC	-0.351194533294
CATCAA	TTGATG	-0.351263538032
ACCTTA	TAAGGT	-0.353044982914
AAATTT	AAATTT	-0.353326949961
CATGGA	TCCATG	-0.353531944467
GGCCCA	TGGGCC	-0.353671626986
ATCTTC	GAAGAT	-0.353955325842
AGATCA	TGATCT	-0.354799971283
GAAACA	TGTTTC	-0.354807374701
ACATAG	CTATGT	-0.355446322048
GAGCGC	GCGCTC	-0.355474237703
ATGCTG	CAGCAT	-0.355514378373
ACTCTA	TAGAGT	-0.355631132018
CCTCCA	TGGAGG	-0.355712998534
CCTGCA	TGCAGG	-0.355862813715
GACTAC	GTAGTC	-0.355940281275
TCTGCA	TGCAGA	-0.355969973886
AGCTAA	TTAGCT	-0.356349718376
AGACCT	AGGTCT	-0.356689061553
AATGGA	TCCATT	-0.357028114172
AGCCCT	AGGGCT	-0.35785161552
ATCAGC	GCTGAT	-0.358351520551
GGTCTA	TAGACC	-0.359633239457
CTGCCC	GGGCAG	-0.359882572999
ACACTG	CAGTGT	-0.360176129718
CAGGTC	GACCTG	-0.360579530157
CATTAC	GTAATG	-0.360939166767
AAGGTA	TACCTT	-0.361228015777
AATTTC	GAAATT	-0.36165359064
ACTCCC	GGGAGT	-0.361846541366
AACAAC	GTTGTT	-0.363472085067
CCGCCA	TGGCGG	-0.363693939063
ATCATA	TATGAT	-0.364064842108
GCAGCA	TGCTGC	-0.364381580117
CAAAGA	TCTTTG	-0.365280536962
CCTTAA	TTAAGG	-0.365427206835
AATACT	AGTATT	-0.365764207068
CCATCC	GGATGG	-0.366027541275
AAGCAA	TTGCTT	-0.366461756056
GAATGA	TCATTC	-0.367221583095
GGGTAA	TTACCC	-0.367743549354
ATATGA	TCATAT	-0.367879989025
AATCAT	ATGATT	-0.368629618688
AATGGT	ACCATT	-0.368633189664
AGCATG	CATGCT	-0.369453296883
CCTGCG	CGCAGG	-0.369842955495
CACAGG	CCTGTG	-0.369874549542
CAGCCG	CGGCTG	-0.370127023459
CAGGAC	GTCCTG	-0.370393185322
ATTCTG	CAGAAT	-0.370443896595
GTGACA	TGTCAC	-0.371338062841
ACAACC	GGTTGT	-0.371448769258
ATACAC	GTGTAT	-0.371456290398
CCGGGA	TCCCGG	-0.371666883586
CCGAGG	CCTCGG	-0.371708158565
AATCAG	CTGATT	-0.371853700318
GAAAAA	TTTTTC	-0.372044005694
ATGTGC	GCACAT	-0.372171090767
TATGCA	TGCATA	-0.372609464087
GGTGGA	TCCACC	-0.373217301107
GCCGCC	GGCGGC	-0.373407227592
AGCCTG	CAGGCT	-0.374089757224
CCCCAC	GTGGGG	-0.374090197075
ACTCTG	CAGAGT	-0.37480410707
AAACCT	AGGTTT	-0.375098775657
AACCAT	ATGGTT	-0.375266271347
CACTGA	TCAGTG	-0.37564821509
ACTTCC	GGAAGT	-0.37659039305
CCTTTA	TAAAGG	-0.380039985795
GGTAAA	TTTACC	-0.38056995408
GCTTGA	TCAAGC	-0.380705021198
ACACAA	TTGTGT	-0.380881728034
AAGAAC	GTTCTT	-0.38163461021
CCGGAA	TTCCGG	-0.381945230233
TCTCAA	TTGAGA	-0.382926762296
AGTCAC	GTGACT	-0.38299147681
GCTTTA	TAAAGC	-0.385290103426
AAGGAG	CTCCTT	-0.385644098907
GGCGGA	TCCGCC	-0.385857415329
GTCAGA	TCTGAC	-0.385902580433
GGGTGA	TCACCC	-0.385987969084
GGGGAA	TTCCCC	-0.386403750028
GGAGCC	GGCTCC	-0.387470626717
ACAAAA	TTTTGT	-0.387942463209
ATGGAG	CTCCAT	-0.390651203441
AGGCAG	CTGCCT	-0.390962232029
TAATAA	TTATTA	-0.391255602188
CAGACA	TGTCTG	-0.391983149781
CCCATA	TATGGG	-0.392268622189
ACCGAG	CTCGGT	-0.392333814406
GCACAA	TTGTGC	-0.392512039134
AAGTAG	CTACTT	-0.392621485569
AGGAAG	CTTCCT	-0.393767079404
TACCCA	TGGGTA	-0.393932913666
CCTGGC	GCCAGG	-0.394346556798
CATTTA	TAAATG	-0.396959916411
GTTACA	TGTAAC	-0.396988329049
AACAAA	TTTGTT	-0.397144446176
TCTGAA	TTCAGA	-0.397546215272
CGGGAC	GTCCCG	-0.397677254494
GTGGGA	TCCCAC	-0.398024911315
ATTCCC	GGGAAT	-0.398867092376
AAAGCA	TGCTTT	-0.399265383277
AGGGGA	TCCCCT	-0.399485230982
AACACT	AGTGTT	-0.399627287979
AAAAAT	ATTTTT	-0.399848344433
CTTCAC	GTGAAG	-0.400160282236
GAGCCA	TGGCTC	-0.400409882471
CAAAAA	TTTTTG	-0.400468181883
AGGCGG	CCGCCT	-0.402170608582
AAATCC	GGATTT	-0.402306436314
CATGCA	TGCATG	-0.403349145715
GGAGAC	GTCTCC	-0.403661618531
CTTCCA	TGGAAG	-0.403738939413
GAATAC	GTATTC	-0.404353977671
AAATTA	TAATTT	-0.404506729028
TGTGAA	TTCACA	-0.404574204015
AAATGT	ACATTT	-0.404609872505
AAACAT	ATGTTT	-0.405437793202
CCCCGC	GCGGGG	-0.405619354213
AAGCTA	TAGCTT	-0.407088482738
ATATAC	GTATAT	-0.407813803836
GAGCAA	TTGCTC	-0.408142963708
CCCGAG	CTCGGG	-0.408573817322
CAGGAG	CTCCTG	-0.408851619686
CACCCC	GGGGTG	-0.409815322045
GGATGA	TCATCC	-0.410312864081
AGCTCC	GGAGCT	-0.410583580161
GCCCGC	GCGGGC	-0.410736475064
CAAGGC	GCCTTG	-0.412725417514
ATTTGG	CCAAAT	-0.413311968567
CGGGGC	GCCCCG	-0.413383269696
CTCCAA	TTGGAG	-0.413469953411
CCCAAA	TTTGGG	-0.413882855998
ACTTGA	TCAAGT	-0.414460594025
ACTTTA	TAAAGT	-0.415513328818
GTAAGA	TCTTAC	-0.4155506942
ACAGCA	TGCTGT	-0.415805625279
CCTCAC	GTGAGG	-0.416856865349
CCCGGC	GCCGGG	-0.419464104241
CATGGC	GCCATG	-0.420813302287
AAGTGC	GCACTT	-0.421771596577
ACCGCC	GGCGGT	-0.422233392611
CCCACA	TGTGGG	-0.423918547075
ACTTCA	TGAAGT	-0.42430359039
AACAGC	GCTGTT	-0.42460722086
AATAAT	ATTATT	-0.424805699498
ATTAAA	TTTAAT	-0.425903185242
TGACAA	TTGTCA	-0.426561498911
GCTTCA	TGAAGC	-0.427267562504
TTTAAA	TTTAAA	-0.427887239026
CTTTAA	TTAAAG	-0.428152822291
CAATGC	GCATTG	-0.428239363543
AAGATT	AATCTT	-0.42893818959
ATCAAG	CTTGAT	-0.429142531592
GAAATC	GATTTC	-0.430273081053
GACAGA	TCTGTC	-0.430554525394
AGGCTC	GAGCCT	-0.430592216319
ACTTTG	CAAAGT	-0.431884543485
GAAATA	TATTTC	-0.432016222526
CAAGTG	CACTTG	-0.432058108715
AGCACT	AGTGCT	-0.433539228905
AATTTG	CAAATT	-0.433879807417
CCATAA	TTATGG	-0.433899577476
AAAGAG	CTCTTT	-0.436088434429
CCAGGA	TCCTGG	-0.438125083614
CAGTCC	GGACTG	-0.438854584407
TCAAAA	TTTTGA	-0.439218160541
ACTCAT	ATGAGT	-0.439543970553
CCTAGA	TCTAGG	-0.440514150924
TGGAAA	TTTCCA	-0.440601809045
TACAAA	TTTGTA	-0.442507571273
CAGTTC	GAACTG	-0.442994834371
CCAGGG	CCCTGG	-0.443030658697
AGAGAC	GTCTCT	-0.443407188778
GCAACA	TGTTGC	-0.443474393653
AAACTT	AAGTTT	-0.444720926677
AGACTG	CAGTCT	-0.445017443697
CTCTCC	GGAGAG	-0.447544228682
CTGCAG	CTGCAG	-0.448323842479
GGCCAC	GTGGCC	-0.449207066487
GAGACC	GGTCTC	-0.450082001971
ACAGCT	AGCTGT	-0.450685874947
ATAAAG	CTTTAT	-0.450710122853
GTGTCA	TGACAC	-0.451060925306
TCCAAA	TTTGGA	-0.451333891783
CTGGAA	TTCCAG	-0.451927108758
ATGAAG	CTTCAT	-0.452417787687
AGAACA	TGTTCT	-0.452606976965
CCAAAA	TTTTGG	-0.453777507984
ATCTTA	TAAGAT	-0.454803026767
AGGTCC	GGACCT	-0.456279140547
AAAATC	GATTTT	-0.456640802242
AGAAAA	TTTTCT	-0.457777483305
TCTCCA	TGGAGA	-0.458409408361
AGTTCC	GGAACT	-0.459191496037
AAAACC	GGTTTT	-0.459256202099
CATGTA	TACATG	-0.459549553178
ATGTTG	CAACAT	-0.45976117418
AAGTCA	TGACTT	-0.460301973416
ACATCA	TGATGT	-0.460934502129
TATAAA	TTTATA	-0.462341319154
CATAGA	TCTATG	-0.463443786951
GGAGGA	TCCTCC	-0.464147856205
AGATAG	CTATCT	-0.4645662219
AGCTGG	CCAGCT	-0.466210061091
GCCTCA	TGAGGC	-0.466366480048
AAATCT	AGATTT	-0.466498531963
CTAAGA	TCTTAG	-0.466866257668
ACTGCA	TGCAGT	-0.467392184239
AGAATA	TATTCT	-0.467494051938
AGCTAG	CTAGCT	-0.468669137059
CTGAAA	TTTCAG	-0.469520600226
CTCCAC	GTGGAG	-0.469631389825
TTAAAA	TTTTAA	-0.470071963663
GAGGAA	TTCCTC	-0.471268004925
GCAGGC	GCCTGC	-0.472607066849
ACATAT	ATATGT	-0.473122400685
ACTACT	AGTAGT	-0.475912548788
TGGGAA	TTCCCA	-0.476327805909
ATGTAA	TTACAT	-0.477301981844
TGAGAA	TTCTCA	-0.478195982128
AGAGGA	TCCTCT	-0.478236282205
AAGGGC	GCCCTT	-0.478649824889
ATAAAA	TTTTAT	-0.480366473314
CCTCAG	CTGAGG	-0.486947102648
ACCCCA	TGGGGT	-0.489044936742
CAGGGC	GCCCTG	-0.489371070076
AAGTGA	TCACTT	-0.490189148588
CTCAAA	TTTGAG	-0.491292679725
CATAAA	TTTATG	-0.492558330842
AGCTTC	GAAGCT	-0.492977867855
CCAGGC	GCCTGG	-0.494836663537
AGGCCA	TGGCCT	-0.499232766241
ATGATA	TATCAT	-0.499336314669
TGCACA	TGTGCA	-0.499622032626
GCTCCA	TGGAGC	-0.501147185261
AAACAC	GTGTTT	-0.501710637649
CCTGCC	GGCAGG	-0.504191752598
TATATA	TATATA	-0.505357168941
AGACAG	CTGTCT	-0.509216922526
CTCACA	TGTGAG	-0.509874281285
TACACA	TGTGTA	-0.510187805254
ATAGAA	TTCTAT	-0.513097605851
ATTTTG	CAAAAT	-0.517076397245
GCAGCC	GGCTGC	-0.518966157555
GGGAAA	TTTCCC	-0.519849860491
CTGTAA	TTACAG	-0.520220452943
AGGAGC	GCTCCT	-0.523931216202
AGTGGA	TCCACT	-0.525970888551
AAAACA	TGTTTT	-0.52724215949
CAGGGG	CCCCTG	-0.527565892279
ATTACA	TGTAAT	-0.527725996886
AGGCAT	ATGCCT	-0.527768805152
CCACAG	CTGTGG	-0.531331484967
CACATA	TATGTG	-0.532904518918
GTCTGA	TCAGAC	-0.533629145278
AGGAGG	CCTCCT	-0.533787326344
TCCTCA	TGAGGA	-0.534492706867
CCACCC	GGGTGG	-0.535476719082
AGATGG	CCATCT	-0.536726922644
AATGCC	GGCATT	-0.536932370356
GAAGGA	TCCTTC	-0.537501586575
ATTTTA	TAAAAT	-0.537752193064
ATTGTG	CACAAT	-0.53866469212
ATCATC	GATGAT	-0.542500395118
CTAGAA	TTCTAG	-0.543296815603
CCACCA	TGGTGG	-0.543549537686
ACAGAT	ATCTGT	-0.546614586045
AGCAAC	GTTGCT	-0.54905905052
GATAGA	TCTATC	-0.552299656009
ATTCAA	TTGAAT	-0.555982433675
AGGGCA	TGCCCT	-0.556041638936
CACCCA	TGGGTG	-0.556174561485
AGTGAC	GTCACT	-0.556988157387
ACCAAA	TTTGGT	-0.557347982652
AGCAGC	GCTGCT	-0.559196748919
TAGATA	TATCTA	-0.560235158887
TAGAAA	TTTCTA	-0.568940253825
CAGGCA	TGCCTG	-0.57188370955
CCTCTC	GAGAGG	-0.574423797857
CTCCCA	TGGGAG	-0.575493680427
CCCGCC	GGCGGG	-0.578843460425
ACAAAC	GTTTGT	-0.578930662863
GACACA	TGTGTC	-0.579580526104
CAGCAG	CTGCTG	-0.581994519837
ATCCAT	ATGGAT	-0.584776542951
CATATA	TATATG	-0.592857243311
AAACAA	TTGTTT	-0.594904466081
CTGGGA	TCCCAG	-0.602160214568
ATAGAT	ATCTAT	-0.605460847829
ACACAT	ATGTGT	-0.606534828064
ATTTAA	TTAAAT	-0.611717314678
ACTGGG	CCCAGT	-0.612469560409
AAAATG	CATTTT	-0.613223611287
ATATAT	ATATAT	-0.613765305776
CGCCCC	GGGGCG	-0.620062967118
GAAAGA	TCTTTC	-0.626959807223
CCTCCC	GGGAGG	-0.637444233428
ACAGGA	TCCTGT	-0.640692486716
AATAAA	TTTATT	-0.641911867715
AGAAAG	CTTTCT	-0.643730863213
CCTTCC	GGAAGG	-0.645188770967
CCGCCC	GGGCGG	-0.655920687336
ATACAT	ATGTAT	-0.656565760177
CCCCAG	CTGGGG	-0.660497743063
TAAATA	TATTTA	-0.67019051662
CATACA	TGTATG	-0.670245069654
AACCAA	TTGGTT	-0.677857110445
AGAAAT	ATTTCT	-0.681479998956
CCAAAG	CTTTGG	-0.691316214143
CCTGGA	TCCAGG	-0.692084306561
CAACCA	TGGTTG	-0.69245939213
ACATAC	GTATGT	-0.715297612044
ATAAAT	ATTTAT	-0.72144447054
ACCCAC	GTGGGT	-0.722257607177
GAGGGA	TCCCTC	-0.740111037839
AAATAA	TTATTT	-0.75536652708
CATCCA	TGGATG	-0.765629307273
AGGGAG	CTCCCT	-0.770422600651
CTCCTC	GAGGAG	-0.773793736326
TACATA	TATGTA	-0.779745687886
CCCACC	GGTGGG	-0.808464992637
CCCTCC	GGAGGG	-0.825388866404
AAAGAA	TTCTTT	-0.94196675862
CCCTGC	GCAGGG	-0.970276055932
AAGAAA	TTTCTT	-0.988900449499
CCCCCC	GGGGGG	-1.23390665711
AGAGAG	CTCTCT	-1.32036067663
AAAAAA	TTTTTT	-1.44585337029
GAGAGA	TCTCTC	-1.47677790622
CACACA	TGTGTG	-1.69250039294
ACACAC	GTGTGT	-1.80322224697
