#parameters:
#kernel=1
#kmerlen=6
#bias=-1.13599525794
#A=0
#B=0
#NOTE: k-mers with large negative weights are also important. They can be found at the bottom of the list.
#k-mer	revcomp	SVM-weight
AAAAAA	TTTTTT	1.14990570813
AAAAAC	GTTTTT	-0.171746455282
AAAAAG	CTTTTT	0.307242064802
AAAAAT	ATTTTT	-0.813989377237
AAAACA	TGTTTT	-0.182352464336
AAAACC	GGTTTT	0.148585133317
AAAACG	CGTTTT	0.620150320659
AAAACT	AGTTTT	-0.53981916202
AAAAGA	TCTTTT	1.42488197819
AAAAGC	GCTTTT	0.909325112278
AAAAGG	CCTTTT	0.966214250946
AAAAGT	ACTTTT	-1.38924299105
AAAATA	TATTTT	-0.399976427899
AAAATC	GATTTT	0.640016304707
AAAATG	CATTTT	-0.415286891441
AAAATT	AATTTT	-0.413502883001
AAACAA	TTGTTT	-0.29748337729
AAACAC	GTGTTT	1.31910097973
AAACAG	CTGTTT	0.807494930254
AAACAT	ATGTTT	0.108014115504
AAACCA	TGGTTT	-0.967841021418
AAACCC	GGGTTT	-0.20138793344
AAACCG	CGGTTT	0.919324396893
AAACCT	AGGTTT	-0.25961021192
AAACGA	TCGTTT	0.228148199333
AAACGC	GCGTTT	0.842903042422
AAACGG	CCGTTT	0.296524595423
AAACGT	ACGTTT	0.533718820394
AAACTA	TAGTTT	-0.232680571105
AAACTC	GAGTTT	-0.132068102616
AAACTG	CAGTTT	-0.554650154558
AAACTT	AAGTTT	-0.353532971801
AAAGAA	TTCTTT	1.31788103204
AAAGAC	GTCTTT	0.500208761661
AAAGAG	CTCTTT	1.20930010999
AAAGAT	ATCTTT	-0.734913822464
AAAGCA	TGCTTT	0.491996962183
AAAGCC	GGCTTT	0.879031275381
AAAGCG	CGCTTT	0.670743486232
AAAGCT	AGCTTT	0.504229363968
AAAGGA	TCCTTT	1.26825167814
AAAGGC	GCCTTT	1.71301541511
AAAGGG	CCCTTT	1.85510245553
AAAGGT	ACCTTT	-2.07588321896
AAAGTA	TACTTT	-0.373840161157
AAAGTC	GACTTT	-1.80874275429
AAAGTG	CACTTT	0.310653576374
AAAGTT	AACTTT	-1.28244707423
AAATAA	TTATTT	0.315674088164
AAATAC	GTATTT	0.43619517436
AAATAG	CTATTT	-0.680224961692
AAATAT	ATATTT	-0.488545947076
AAATCA	TGATTT	0.452664484666
AAATCC	GGATTT	0.490557459912
AAATCG	CGATTT	0.303756345308
AAATCT	AGATTT	1.04789599306
AAATGA	TCATTT	0.327635776759
AAATGC	GCATTT	0.655679186863
AAATGG	CCATTT	0.225150967325
AAATGT	ACATTT	-0.0941416449216
AAATTA	TAATTT	-0.458967148025
AAATTC	GAATTT	0.889846378374
AAATTG	CAATTT	-0.572703259848
AAATTT	AAATTT	-0.579677441416
AACAAA	TTTGTT	1.87263453439
AACAAC	GTTGTT	-0.829052860575
AACAAG	CTTGTT	1.36797791599
AACAAT	ATTGTT	0.694297151309
AACACA	TGTGTT	0.158188668973
AACACC	GGTGTT	-0.0852560557196
AACACG	CGTGTT	0.512555952283
AACACT	AGTGTT	0.123117443272
AACAGA	TCTGTT	-0.241447622488
AACAGC	GCTGTT	0.823090235248
AACAGG	CCTGTT	0.293568539886
AACAGT	ACTGTT	0.60202382568
AACATA	TATGTT	0.313202361109
AACATC	GATGTT	0.0500782663256
AACATG	CATGTT	-1.0253566838
AACATT	AATGTT	-1.00530383122
AACCAA	TTGGTT	0.0748154592408
AACCAC	GTGGTT	-0.330469382615
AACCAG	CTGGTT	-0.210239805001
AACCAT	ATGGTT	-0.234698694666
AACCCA	TGGGTT	-0.543146234885
AACCCC	GGGGTT	0.121890948732
AACCCG	CGGGTT	0.376346164863
AACCCT	AGGGTT	0.619373991509
AACCGA	TCGGTT	0.261158714351
AACCGC	GCGGTT	0.61972826732
AACCGG	CCGGTT	0.725970937351
AACCGT	ACGGTT	0.135604858674
AACCTA	TAGGTT	-0.203003020674
AACCTC	GAGGTT	0.396949269494
AACCTG	CAGGTT	-1.53753984723
AACCTT	AAGGTT	-0.492466735874
AACGAA	TTCGTT	-0.26018653643
AACGAC	GTCGTT	0.289941488933
AACGAG	CTCGTT	0.475805211164
AACGAT	ATCGTT	0.220510712307
AACGCA	TGCGTT	0.938730472826
AACGCC	GGCGTT	0.688761985455
AACGCG	CGCGTT	0.61173670915
AACGCT	AGCGTT	0.389189546408
AACGGA	TCCGTT	0.29507572598
AACGGC	GCCGTT	-0.0290821344424
AACGGG	CCCGTT	0.463994607941
AACGGT	ACCGTT	-0.141852322243
AACGTA	TACGTT	-0.235575369214
AACGTC	GACGTT	-0.0252863198503
AACGTG	CACGTT	0.415854164998
AACGTT	AACGTT	0.00600924706724
AACTAA	TTAGTT	0.232562204139
AACTAC	GTAGTT	-0.000791206100533
AACTAG	CTAGTT	0.25705649268
AACTAT	ATAGTT	-0.190326452666
AACTCA	TGAGTT	-0.465114713805
AACTCC	GGAGTT	0.522650770087
AACTCG	CGAGTT	-0.0653891000999
AACTCT	AGAGTT	-0.318885290613
AACTGA	TCAGTT	-0.836553684066
AACTGC	GCAGTT	0.839856900745
AACTGG	CCAGTT	-0.578209400047
AACTGT	ACAGTT	0.00847119947032
AACTTA	TAAGTT	-0.768096817764
AACTTC	GAAGTT	0.493060153701
AACTTG	CAAGTT	-0.547399143502
AAGAAA	TTTCTT	-0.17807373592
AAGAAC	GTTCTT	-0.837070303702
AAGAAG	CTTCTT	-0.731342085592
AAGAAT	ATTCTT	1.26249754103
AAGACA	TGTCTT	-0.526977218018
AAGACC	GGTCTT	-0.107091998779
AAGACG	CGTCTT	0.210752522594
AAGACT	AGTCTT	0.116222100747
AAGAGA	TCTCTT	0.504325784775
AAGAGC	GCTCTT	0.126408742192
AAGAGG	CCTCTT	0.130487064411
AAGAGT	ACTCTT	-0.563668657724
AAGATA	TATCTT	-0.694327041435
AAGATC	GATCTT	-0.293799353188
AAGATG	CATCTT	-1.62595349558
AAGATT	AATCTT	-0.00498093921401
AAGCAA	TTGCTT	0.393330025441
AAGCAC	GTGCTT	0.55842188215
AAGCAG	CTGCTT	0.379989821505
AAGCAT	ATGCTT	-1.00161909208
AAGCCA	TGGCTT	-0.688031985533
AAGCCC	GGGCTT	1.08460250236
AAGCCG	CGGCTT	0.267364319937
AAGCCT	AGGCTT	-0.00351385990913
AAGCGA	TCGCTT	0.523114952968
AAGCGC	GCGCTT	0.695121661987
AAGCGG	CCGCTT	0.996069153204
AAGCGT	ACGCTT	0.528067558599
AAGCTA	TAGCTT	-0.795858075329
AAGCTC	GAGCTT	0.228365726541
AAGCTG	CAGCTT	1.04060377378
AAGCTT	AAGCTT	-0.11165112385
AAGGAA	TTCCTT	0.0456787860187
AAGGAC	GTCCTT	-0.22332743576
AAGGAG	CTCCTT	0.240880808092
AAGGAT	ATCCTT	-0.270167768426
AAGGCA	TGCCTT	-0.0099201379387
AAGGCC	GGCCTT	0.586590650983
AAGGCG	CGCCTT	0.863370410431
AAGGCT	AGCCTT	0.844496682792
AAGGGA	TCCCTT	1.19754100719
AAGGGC	GCCCTT	-0.172535019887
AAGGGG	CCCCTT	1.45655671095
AAGGGT	ACCCTT	-0.0854799711207
AAGGTA	TACCTT	-1.38723497227
AAGGTC	GACCTT	-0.606915311382
AAGGTG	CACCTT	-2.13200422021
AAGTAA	TTACTT	-0.00813584598157
AAGTAC	GTACTT	-0.271490768183
AAGTAG	CTACTT	0.631523543904
AAGTAT	ATACTT	-1.01890238433
AAGTCA	TGACTT	-1.6523229979
AAGTCC	GGACTT	-0.498418282638
AAGTCG	CGACTT	-0.527381637054
AAGTCT	AGACTT	-0.528518635666
AAGTGA	TCACTT	-0.33312274818
AAGTGC	GCACTT	0.259475019162
AAGTGG	CCACTT	0.0381638223113
AAGTGT	ACACTT	-0.403706431315
AAGTTA	TAACTT	-1.06989648924
AAGTTC	GAACTT	-0.739302522927
AAGTTG	CAACTT	0.031887896522
AATAAA	TTTATT	-0.495739832758
AATAAC	GTTATT	0.822731126766
AATAAG	CTTATT	0.90531993289
AATAAT	ATTATT	-0.15635157856
AATACA	TGTATT	-0.222405883292
AATACC	GGTATT	-0.016396438843
AATACG	CGTATT	-0.092798402552
AATACT	AGTATT	0.0886768672229
AATAGA	TCTATT	0.937802515574
AATAGC	GCTATT	1.04700625429
AATAGG	CCTATT	0.745310711928
AATAGT	ACTATT	0.176606583844
AATATA	TATATT	-0.741041936091
AATATC	GATATT	0.0380706177951
AATATG	CATATT	-0.257181150587
AATATT	AATATT	-0.956147951542
AATCAA	TTGATT	0.396235563767
AATCAC	GTGATT	1.23912523242
AATCAG	CTGATT	0.630861472823
AATCAT	ATGATT	-0.59940900742
AATCCA	TGGATT	0.264268002703
AATCCC	GGGATT	0.718655223917
AATCCG	CGGATT	0.162849645195
AATCCT	AGGATT	1.03588474609
AATCGA	TCGATT	-0.0270937964169
AATCGC	GCGATT	0.489873904601
AATCGG	CCGATT	-0.143135349458
AATCGT	ACGATT	0.00761685104955
AATCTA	TAGATT	-0.234625705803
AATCTC	GAGATT	1.17807610223
AATCTG	CAGATT	0.620361490885
AATGAA	TTCATT	1.01591875451
AATGAC	GTCATT	1.21926235041
AATGAG	CTCATT	2.89624130018
AATGAT	ATCATT	-0.0633542543765
AATGCA	TGCATT	0.750548542116
AATGCC	GGCATT	1.25836754912
AATGCG	CGCATT	0.301176336194
AATGCT	AGCATT	-0.0143860418951
AATGGA	TCCATT	-0.521843610155
AATGGC	GCCATT	0.998631676019
AATGGG	CCCATT	1.47749843198
AATGGT	ACCATT	0.222129847624
AATGTA	TACATT	0.910912313111
AATGTC	GACATT	-0.946282173723
AATGTG	CACATT	0.113186845755
AATTAA	TTAATT	2.40075595289
AATTAC	GTAATT	2.65318028371
AATTAG	CTAATT	4.17113169136
AATTAT	ATAATT	0.0940028358988
AATTCA	TGAATT	0.0476450560116
AATTCC	GGAATT	0.604739325309
AATTCG	CGAATT	0.0364856165753
AATTCT	AGAATT	-1.21445004227
AATTGA	TCAATT	0.172585777468
AATTGC	GCAATT	0.494791739276
AATTGG	CCAATT	2.26383139276
AATTGT	ACAATT	0.342949019844
AATTTA	TAAATT	0.0960626737885
AATTTC	GAAATT	-1.08699252652
AATTTG	CAAATT	0.151439016736
ACAAAA	TTTTGT	1.53833139948
ACAAAC	GTTTGT	-0.999701569284
ACAAAG	CTTTGT	3.9247478474
ACAAAT	ATTTGT	-0.280873684516
ACAACA	TGTTGT	-0.655007206135
ACAACC	GGTTGT	0.0785956222917
ACAACG	CGTTGT	0.298509706656
ACAACT	AGTTGT	0.516723771354
ACAAGA	TCTTGT	0.261059299976
ACAAGC	GCTTGT	0.217291652782
ACAAGG	CCTTGT	-0.0533360374548
ACAAGT	ACTTGT	-0.922084776483
ACAATA	TATTGT	0.966848385652
ACAATC	GATTGT	-0.782486421589
ACAATG	CATTGT	2.61332943624
ACACAA	TTGTGT	1.54636044099
ACACAC	GTGTGT	-0.55303110503
ACACAG	CTGTGT	0.00943017078421
ACACAT	ATGTGT	0.068889039015
ACACCA	TGGTGT	-0.0051005173781
ACACCC	GGGTGT	-0.136108431476
ACACCG	CGGTGT	-0.40025848177
ACACCT	AGGTGT	-0.772179200314
ACACGA	TCGTGT	-0.445124223312
ACACGC	GCGTGT	0.609767555829
ACACGG	CCGTGT	-0.407259875265
ACACGT	ACGTGT	-0.0161754349384
ACACTA	TAGTGT	0.148749115482
ACACTC	GAGTGT	-0.684650085649
ACACTG	CAGTGT	-1.04046743224
ACAGAA	TTCTGT	0.357905959103
ACAGAC	GTCTGT	0.313389774496
ACAGAG	CTCTGT	-0.459015941634
ACAGAT	ATCTGT	0.617298091968
ACAGCA	TGCTGT	-0.414923228632
ACAGCC	GGCTGT	0.120060051992
ACAGCG	CGCTGT	0.218333403604
ACAGCT	AGCTGT	2.16124501921
ACAGGA	TCCTGT	-0.360597938372
ACAGGC	GCCTGT	0.545858773364
ACAGGG	CCCTGT	0.116987456957
ACAGGT	ACCTGT	-1.17546909134
ACAGTA	TACTGT	-0.297483635002
ACAGTC	GACTGT	-0.361264320127
ACAGTG	CACTGT	-0.39701610973
ACATAA	TTATGT	0.441138928934
ACATAC	GTATGT	-0.15634103026
ACATAG	CTATGT	-0.0644936084482
ACATAT	ATATGT	-0.482376790043
ACATCA	TGATGT	0.203316051824
ACATCC	GGATGT	-0.602605587419
ACATCG	CGATGT	-0.0716331442304
ACATCT	AGATGT	-0.418160820172
ACATGA	TCATGT	-0.617652342965
ACATGC	GCATGT	-0.202731598413
ACATGG	CCATGT	-0.742845850481
ACATGT	ACATGT	-0.690482009695
ACATTA	TAATGT	-0.411806935218
ACATTC	GAATGT	-0.0163484082548
ACATTG	CAATGT	-0.391950665695
ACCAAA	TTTGGT	-0.0596829507401
ACCAAC	GTTGGT	-0.149435612209
ACCAAG	CTTGGT	-0.553834266408
ACCAAT	ATTGGT	-0.535782309948
ACCACA	TGTGGT	0.36292553755
ACCACC	GGTGGT	-0.205505785794
ACCACG	CGTGGT	0.0160845086767
ACCACT	AGTGGT	-0.839907700465
ACCAGA	TCTGGT	-0.620819975153
ACCAGC	GCTGGT	0.0285264965804
ACCAGG	CCTGGT	-1.01840360413
ACCAGT	ACTGGT	0.503131410722
ACCATA	TATGGT	-0.273751688453
ACCATC	GATGGT	0.191022320407
ACCATG	CATGGT	-0.0687502539719
ACCCAA	TTGGGT	0.0245337640113
ACCCAC	GTGGGT	-0.696490978843
ACCCAG	CTGGGT	-0.284661869086
ACCCAT	ATGGGT	-1.02784003969
ACCCCA	TGGGGT	-0.976503165754
ACCCCC	GGGGGT	1.14482315119
ACCCCG	CGGGGT	0.509804906245
ACCCCT	AGGGGT	-0.00661798677581
ACCCGA	TCGGGT	-0.401350564934
ACCCGC	GCGGGT	0.374504430834
ACCCGG	CCGGGT	0.42398936554
ACCCGT	ACGGGT	-0.0528312160751
ACCCTA	TAGGGT	0.29799617361
ACCCTC	GAGGGT	0.0268076221471
ACCCTG	CAGGGT	0.00836843939343
ACCGAA	TTCGGT	-0.00290635318882
ACCGAC	GTCGGT	0.507365238391
ACCGAG	CTCGGT	0.332367457124
ACCGAT	ATCGGT	-0.238245667894
ACCGCA	TGCGGT	0.160435981263
ACCGCC	GGCGGT	0.56980629565
ACCGCG	CGCGGT	-0.110923215038
ACCGCT	AGCGGT	-0.112978004723
ACCGGA	TCCGGT	0.0226969505894
ACCGGC	GCCGGT	0.359909404946
ACCGGG	CCCGGT	-0.0109449637356
ACCGGT	ACCGGT	-0.0647232862725
ACCGTA	TACGGT	-0.0551506631454
ACCGTC	GACGGT	0.0600802716205
ACCGTG	CACGGT	0.247482385304
ACCTAA	TTAGGT	-0.943076757985
ACCTAC	GTAGGT	-0.205128354821
ACCTAG	CTAGGT	0.194666034681
ACCTAT	ATAGGT	-0.497262294404
ACCTCA	TGAGGT	0.118180647661
ACCTCC	GGAGGT	-0.616403650615
ACCTCG	CGAGGT	0.0796529301069
ACCTCT	AGAGGT	-0.648900411975
ACCTGA	TCAGGT	-1.46185884095
ACCTGC	GCAGGT	0.601541678079
ACCTGG	CCAGGT	-2.52371392338
ACCTTA	TAAGGT	-0.225939113148
ACCTTC	GAAGGT	-0.640368164103
ACCTTG	CAAGGT	-1.72554405017
ACGAAA	TTTCGT	-0.178927298929
ACGAAC	GTTCGT	0.136748666063
ACGAAG	CTTCGT	0.173643006635
ACGAAT	ATTCGT	-0.525553278422
ACGACA	TGTCGT	-0.278905190927
ACGACC	GGTCGT	-0.0993143999227
ACGACG	CGTCGT	0.29066163613
ACGACT	AGTCGT	-0.217736694735
ACGAGA	TCTCGT	-0.217201811815
ACGAGC	GCTCGT	0.53930864696
ACGAGG	CCTCGT	-0.402096915628
ACGAGT	ACTCGT	-0.468503062531
ACGATA	TATCGT	-0.447888987934
ACGATC	GATCGT	0.147981661259
ACGATG	CATCGT	-0.23165685791
ACGCAA	TTGCGT	0.0255758071554
ACGCAC	GTGCGT	0.0978236332158
ACGCAG	CTGCGT	0.0911397510537
ACGCAT	ATGCGT	0.568245112425
ACGCCA	TGGCGT	1.06054414809
ACGCCC	GGGCGT	0.0487945352078
ACGCCG	CGGCGT	-0.302207847183
ACGCCT	AGGCGT	0.384734919132
ACGCGA	TCGCGT	0.131866187584
ACGCGC	GCGCGT	0.0302043292693
ACGCGG	CCGCGT	-0.0249969759716
ACGCGT	ACGCGT	0.346408585004
ACGCTA	TAGCGT	0.352778366815
ACGCTC	GAGCGT	0.218555949069
ACGCTG	CAGCGT	-0.476306849441
ACGGAA	TTCCGT	-0.577360788727
ACGGAC	GTCCGT	-0.0233946417199
ACGGAG	CTCCGT	0.311234953296
ACGGAT	ATCCGT	0.0891157717437
ACGGCA	TGCCGT	-0.264239857162
ACGGCC	GGCCGT	0.112326630381
ACGGCG	CGCCGT	0.318292144009
ACGGCT	AGCCGT	-0.0400659037471
ACGGGA	TCCCGT	0.252322092448
ACGGGC	GCCCGT	-0.266354506114
ACGGGG	CCCCGT	0.511232971811
ACGGTA	TACCGT	-0.190176613659
ACGGTC	GACCGT	0.0675951953594
ACGGTG	CACCGT	0.0881607557526
ACGTAA	TTACGT	0.398199459305
ACGTAC	GTACGT	-0.422355826054
ACGTAG	CTACGT	-0.408173979724
ACGTAT	ATACGT	0.0717042263095
ACGTCA	TGACGT	-0.144740985631
ACGTCC	GGACGT	-0.471086166633
ACGTCG	CGACGT	0.497336656008
ACGTCT	AGACGT	0.554908698476
ACGTGA	TCACGT	0.31887147866
ACGTGC	GCACGT	0.115642864249
ACGTGG	CCACGT	-0.592924976096
ACGTTA	TAACGT	0.208300099179
ACGTTC	GAACGT	-0.296123139835
ACGTTG	CAACGT	-0.217956216141
ACTAAA	TTTAGT	-0.355173182404
ACTAAC	GTTAGT	-1.08521545682
ACTAAG	CTTAGT	0.652206865232
ACTAAT	ATTAGT	0.781925898886
ACTACA	TGTAGT	-0.0732756524183
ACTACC	GGTAGT	-0.366185457429
ACTACG	CGTAGT	-0.397699040301
ACTACT	AGTAGT	0.127666062905
ACTAGA	TCTAGT	-0.193890074221
ACTAGC	GCTAGT	-0.0129304342732
ACTAGG	CCTAGT	0.415881838004
ACTAGT	ACTAGT	-0.10555420755
ACTATA	TATAGT	0.136000154426
ACTATC	GATAGT	-0.971083947908
ACTATG	CATAGT	-0.14899101872
ACTCAA	TTGAGT	1.47739957358
ACTCAC	GTGAGT	-0.521794716284
ACTCAG	CTGAGT	-1.30044956152
ACTCAT	ATGAGT	-0.444002933707
ACTCCA	TGGAGT	0.424121998347
ACTCCC	GGGAGT	-0.291954470543
ACTCCG	CGGAGT	-0.0240728420437
ACTCCT	AGGAGT	-0.4802835522
ACTCGA	TCGAGT	0.143938512927
ACTCGC	GCGAGT	-0.130907177047
ACTCGG	CCGAGT	-0.1916359092
ACTCTA	TAGAGT	-0.0993934822937
ACTCTC	GAGAGT	-0.5175044559
ACTCTG	CAGAGT	-0.192145964285
ACTGAA	TTCAGT	0.233302387292
ACTGAC	GTCAGT	-0.704186808474
ACTGAG	CTCAGT	-0.562775755083
ACTGAT	ATCAGT	-0.615309200937
ACTGCA	TGCAGT	0.0622883436155
ACTGCC	GGCAGT	0.299606734919
ACTGCG	CGCAGT	0.176908782356
ACTGCT	AGCAGT	-0.238325007883
ACTGGA	TCCAGT	-0.48952977367
ACTGGC	GCCAGT	-0.497621997355
ACTGGG	CCCAGT	-0.177011383433
ACTGTA	TACAGT	-0.23463976115
ACTGTC	GACAGT	-1.23956089187
ACTGTG	CACAGT	-0.129915084165
ACTTAA	TTAAGT	0.356670772435
ACTTAC	GTAAGT	-0.742296268946
ACTTAG	CTAAGT	-0.0527847548028
ACTTAT	ATAAGT	-0.359978415755
ACTTCA	TGAAGT	0.331461927409
ACTTCC	GGAAGT	-0.896806266568
ACTTCG	CGAAGT	0.302834063331
ACTTCT	AGAAGT	-0.605459484984
ACTTGA	TCAAGT	0.0557002580394
ACTTGC	GCAAGT	-0.527873950553
ACTTGG	CCAAGT	-0.0227485836429
ACTTTA	TAAAGT	-1.30497985562
ACTTTC	GAAAGT	-0.271476377137
ACTTTG	CAAAGT	-0.246380945598
AGAAAA	TTTTCT	0.287412038636
AGAAAC	GTTTCT	-0.665489467556
AGAAAG	CTTTCT	0.049189856095
AGAAAT	ATTTCT	-0.361257754535
AGAACA	TGTTCT	-0.376534075237
AGAACC	GGTTCT	-0.747368331632
AGAACG	CGTTCT	-0.157326446488
AGAACT	AGTTCT	-0.616823619288
AGAAGA	TCTTCT	-0.742350409516
AGAAGC	GCTTCT	-0.0695977583661
AGAAGG	CCTTCT	-0.183946712756
AGAATA	TATTCT	0.127162936241
AGAATC	GATTCT	-0.250783383808
AGAATG	CATTCT	0.644623351817
AGACAA	TTGTCT	1.02487687698
AGACAC	GTGTCT	-0.745209064627
AGACAG	CTGTCT	-0.349091495916
AGACAT	ATGTCT	-0.72578142018
AGACCA	TGGTCT	0.0315739665133
AGACCC	GGGTCT	-0.703086819786
AGACCG	CGGTCT	0.428287818262
AGACCT	AGGTCT	0.604692877266
AGACGA	TCGTCT	0.151077437359
AGACGC	GCGTCT	0.085098770897
AGACGG	CCGTCT	-0.501566091946
AGACTA	TAGTCT	0.0448881321048
AGACTC	GAGTCT	0.144392704273
AGACTG	CAGTCT	0.0343721491336
AGAGAA	TTCTCT	0.149477524527
AGAGAC	GTCTCT	-0.741785779422
AGAGAG	CTCTCT	1.13843504811
AGAGAT	ATCTCT	-1.56883628095
AGAGCA	TGCTCT	-0.0496685533236
AGAGCC	GGCTCT	0.435778875907
AGAGCG	CGCTCT	0.41457140945
AGAGCT	AGCTCT	0.361055031962
AGAGGA	TCCTCT	-0.39051059459
AGAGGC	GCCTCT	0.496860430111
AGAGGG	CCCTCT	0.160351392794
AGAGTA	TACTCT	-0.790589514017
AGAGTC	GACTCT	-0.252707077081
AGAGTG	CACTCT	-0.0504899978886
AGATAA	TTATCT	-1.35113127437
AGATAC	GTATCT	-0.310550098708
AGATAG	CTATCT	-1.04589344086
AGATAT	ATATCT	-0.798775693162
AGATCA	TGATCT	-0.187390313704
AGATCC	GGATCT	-1.28147837992
AGATCG	CGATCT	0.103093762677
AGATCT	AGATCT	0.116518858685
AGATGA	TCATCT	-1.36093086782
AGATGC	GCATCT	-0.136493055098
AGATGG	CCATCT	0.568005480306
AGATTA	TAATCT	1.28518712223
AGATTC	GAATCT	-0.625104063301
AGATTG	CAATCT	-0.125734791373
AGCAAA	TTTGCT	-0.41250227034
AGCAAC	GTTGCT	1.7605433925
AGCAAG	CTTGCT	-0.318575355555
AGCAAT	ATTGCT	0.189668014327
AGCACA	TGTGCT	0.345688639991
AGCACC	GGTGCT	-0.237248262727
AGCACG	CGTGCT	0.184849531269
AGCACT	AGTGCT	-0.231610950923
AGCAGA	TCTGCT	0.325484660029
AGCAGC	GCTGCT	1.27556862444
AGCAGG	CCTGCT	1.18975147442
AGCATA	TATGCT	0.134267686789
AGCATC	GATGCT	-0.965252314821
AGCATG	CATGCT	0.0863788519879
AGCCAA	TTGGCT	-0.220797277774
AGCCAC	GTGGCT	-0.26762444462
AGCCAG	CTGGCT	0.414172726656
AGCCAT	ATGGCT	0.327834390846
AGCCCA	TGGGCT	-0.241649021264
AGCCCC	GGGGCT	0.0680706253274
AGCCCG	CGGGCT	0.217853128993
AGCCCT	AGGGCT	0.478265456556
AGCCGA	TCGGCT	0.0531147782687
AGCCGC	GCGGCT	0.640990036762
AGCCGG	CCGGCT	0.31132217765
AGCCTA	TAGGCT	-0.335937852087
AGCCTC	GAGGCT	-0.333058088315
AGCCTG	CAGGCT	1.00479776098
AGCGAA	TTCGCT	0.293154945742
AGCGAC	GTCGCT	0.376483792676
AGCGAG	CTCGCT	0.434274023772
AGCGAT	ATCGCT	-0.10709940008
AGCGCA	TGCGCT	0.999568530264
AGCGCC	GGCGCT	0.498718669772
AGCGCG	CGCGCT	0.404524983844
AGCGCT	AGCGCT	0.213853389384
AGCGGA	TCCGCT	0.447902810494
AGCGGC	GCCGCT	0.693624652628
AGCGGG	CCCGCT	1.32060432397
AGCGTA	TACGCT	0.0391018396053
AGCGTC	GACGCT	-0.0173169507239
AGCGTG	CACGCT	0.321605650155
AGCTAA	TTAGCT	0.486543611956
AGCTAC	GTAGCT	-0.980900637218
AGCTAG	CTAGCT	-0.146628760806
AGCTAT	ATAGCT	-0.720760306212
AGCTCA	TGAGCT	0.225961741528
AGCTCC	GGAGCT	-0.326427451384
AGCTCG	CGAGCT	0.384170083776
AGCTGA	TCAGCT	0.403097898343
AGCTGC	GCAGCT	3.64893736026
AGCTGG	CCAGCT	1.430489694
AGCTTA	TAAGCT	0.358635791961
AGCTTC	GAAGCT	-0.663794433442
AGCTTG	CAAGCT	0.095660676402
AGGAAA	TTTCCT	0.109183477238
AGGAAC	GTTCCT	-0.0393920697489
AGGAAG	CTTCCT	-1.32937993141
AGGAAT	ATTCCT	-0.275069760538
AGGACA	TGTCCT	-0.847199304722
AGGACC	GGTCCT	-1.71038268988
AGGACG	CGTCCT	-0.206722536095
AGGACT	AGTCCT	-0.239443953661
AGGAGA	TCTCCT	-0.290847804869
AGGAGC	GCTCCT	-0.590314805368
AGGAGG	CCTCCT	0.945420333617
AGGATA	TATCCT	-0.685522520002
AGGATC	GATCCT	-0.696229170439
AGGATG	CATCCT	-0.506445132816
AGGCAA	TTGCCT	0.528449320979
AGGCAC	GTGCCT	-0.0839649835071
AGGCAG	CTGCCT	0.30029104776
AGGCAT	ATGCCT	-0.540567591454
AGGCCA	TGGCCT	0.0230712473878
AGGCCC	GGGCCT	0.330964751189
AGGCCG	CGGCCT	0.257795215954
AGGCCT	AGGCCT	0.433088240255
AGGCGA	TCGCCT	0.570765683702
AGGCGC	GCGCCT	1.11841891823
AGGCGG	CCGCCT	1.07063514503
AGGCTA	TAGCCT	-0.0230202388255
AGGCTC	GAGCCT	1.13124360331
AGGCTG	CAGCCT	0.0125854935771
AGGGAA	TTCCCT	-0.226640359496
AGGGAC	GTCCCT	-0.0582178638097
AGGGAG	CTCCCT	0.761907663392
AGGGAT	ATCCCT	-0.595027733115
AGGGCA	TGCCCT	-0.468448615537
AGGGCC	GGCCCT	-0.253650451818
AGGGCG	CGCCCT	0.585715108292
AGGGGA	TCCCCT	0.305013688308
AGGGGC	GCCCCT	1.47585184439
AGGGGG	CCCCCT	1.06151782392
AGGGTA	TACCCT	-0.227282839944
AGGGTC	GACCCT	-0.626767866123
AGGGTG	CACCCT	0.434454171382
AGGTAA	TTACCT	-0.744663384546
AGGTAC	GTACCT	-0.897678194944
AGGTAG	CTACCT	-1.82292475074
AGGTAT	ATACCT	-1.38217503084
AGGTCA	TGACCT	-0.585414256559
AGGTCC	GGACCT	-0.841511549063
AGGTCG	CGACCT	-0.413961269078
AGGTGA	TCACCT	-2.05137981332
AGGTGC	GCACCT	-0.00618295307744
AGGTGG	CCACCT	-0.756230849553
AGGTTA	TAACCT	-0.356873833437
AGGTTC	GAACCT	-0.978715901601
AGGTTG	CAACCT	-0.132506502033
AGTAAA	TTTACT	-0.783199183346
AGTAAC	GTTACT	-0.527888930468
AGTAAG	CTTACT	-0.956062102421
AGTAAT	ATTACT	0.789454507523
AGTACA	TGTACT	-0.0991919222416
AGTACC	GGTACT	0.0960443735924
AGTACG	CGTACT	0.0925746146151
AGTACT	AGTACT	-0.229060245994
AGTAGA	TCTACT	-0.691115121515
AGTAGC	GCTACT	-0.108764367053
AGTAGG	CCTACT	-0.113538647687
AGTATA	TATACT	-0.72749668956
AGTATC	GATACT	-0.673211194275
AGTATG	CATACT	-0.964105422983
AGTCAA	TTGACT	-0.613522057331
AGTCAC	GTGACT	-0.141664428667
AGTCAG	CTGACT	-0.755634477676
AGTCAT	ATGACT	-0.941458614044
AGTCCA	TGGACT	-1.02993573046
AGTCCC	GGGACT	0.150810589093
AGTCCG	CGGACT	-0.237717306575
AGTCGA	TCGACT	0.0443715964824
AGTCGC	GCGACT	0.395464638429
AGTCGG	CCGACT	-0.637700151206
AGTCTA	TAGACT	-0.590062676145
AGTCTC	GAGACT	-0.335030571093
AGTCTG	CAGACT	0.475543648245
AGTGAA	TTCACT	0.0303956902713
AGTGAC	GTCACT	-0.582582219007
AGTGAG	CTCACT	0.270922529039
AGTGAT	ATCACT	-0.0307366472723
AGTGCA	TGCACT	0.527878287053
AGTGCC	GGCACT	0.222431542896
AGTGCG	CGCACT	0.661690244338
AGTGGA	TCCACT	-0.195526064782
AGTGGC	GCCACT	0.571166980537
AGTGGG	CCCACT	-0.201259725178
AGTGTA	TACACT	-0.884144703344
AGTGTC	GACACT	-0.499340362268
AGTGTG	CACACT	-0.812587552885
AGTTAA	TTAACT	0.4536868521
AGTTAC	GTAACT	-0.996624003388
AGTTAG	CTAACT	-0.237410444358
AGTTAT	ATAACT	-0.314673924685
AGTTCA	TGAACT	-0.181956491909
AGTTCC	GGAACT	0.236488046363
AGTTCG	CGAACT	-0.191506792381
AGTTGA	TCAACT	-0.373835981298
AGTTGC	GCAACT	0.369478415458
AGTTGG	CCAACT	-0.00232117583488
AGTTTA	TAAACT	-0.19270209197
AGTTTC	GAAACT	0.492869724037
AGTTTG	CAAACT	-1.07489843644
ATAAAA	TTTTAT	-0.267277010675
ATAAAC	GTTTAT	-0.84786642925
ATAAAG	CTTTAT	0.802150351497
ATAAAT	ATTTAT	0.263857810388
ATAACA	TGTTAT	-0.268234042468
ATAACC	GGTTAT	-0.281532763848
ATAACG	CGTTAT	0.407319915581
ATAAGA	TCTTAT	-0.978350781067
ATAAGC	GCTTAT	-0.258083950702
ATAAGG	CCTTAT	0.0515612803157
ATAATA	TATTAT	0.555426337055
ATAATC	GATTAT	0.403920715516
ATAATG	CATTAT	1.25792247253
ATACAA	TTGTAT	0.443173668269
ATACAC	GTGTAT	-0.194061906773
ATACAG	CTGTAT	-0.417643635191
ATACAT	ATGTAT	-0.332776577149
ATACCA	TGGTAT	-0.225781185869
ATACCC	GGGTAT	0.104275801929
ATACCG	CGGTAT	-0.0886227757159
ATACGA	TCGTAT	-0.218529171924
ATACGC	GCGTAT	-0.0625969756955
ATACGG	CCGTAT	0.0995867260284
ATACTA	TAGTAT	-0.860919563243
ATACTC	GAGTAT	-0.345694162816
ATACTG	CAGTAT	-0.0920536693835
ATAGAA	TTCTAT	0.43577965309
ATAGAC	GTCTAT	0.613546570226
ATAGAG	CTCTAT	-0.988949342593
ATAGAT	ATCTAT	-0.412821359435
ATAGCA	TGCTAT	-0.415592181525
ATAGCC	GGCTAT	0.482290654093
ATAGCG	CGCTAT	0.68650423157
ATAGGA	TCCTAT	-0.986632695946
ATAGGC	GCCTAT	-0.111344617457
ATAGGG	CCCTAT	-0.139668493859
ATAGTA	TACTAT	-0.456987926599
ATAGTC	GACTAT	-0.451774680476
ATAGTG	CACTAT	0.272138837492
ATATAA	TTATAT	-0.582103583964
ATATAC	GTATAT	-0.311076067597
ATATAG	CTATAT	-0.0624108145809
ATATAT	ATATAT	-1.07336932888
ATATCA	TGATAT	-0.830614651422
ATATCC	GGATAT	-0.0235365624435
ATATCG	CGATAT	0.00679579040926
ATATGA	TCATAT	-0.401736020702
ATATGC	GCATAT	0.769978248912
ATATGG	CCATAT	-0.623159248507
ATATTA	TAATAT	-1.45461661501
ATATTC	GAATAT	-0.341563134597
ATATTG	CAATAT	-0.725897266766
ATCAAA	TTTGAT	-0.425371030824
ATCAAC	GTTGAT	0.465462167892
ATCAAG	CTTGAT	-0.849328277122
ATCAAT	ATTGAT	-0.598674426667
ATCACA	TGTGAT	-0.0351277625654
ATCACC	GGTGAT	-1.10732974555
ATCACG	CGTGAT	0.70764994676
ATCAGA	TCTGAT	-0.635290716045
ATCAGC	GCTGAT	0.328082937919
ATCAGG	CCTGAT	-0.0833458437739
ATCATA	TATGAT	-0.320789565587
ATCATC	GATGAT	-0.526792393226
ATCATG	CATGAT	-0.740546702062
ATCCAA	TTGGAT	0.256359752891
ATCCAC	GTGGAT	-0.546728656888
ATCCAG	CTGGAT	-0.302195665384
ATCCAT	ATGGAT	-0.418365745177
ATCCCA	TGGGAT	-0.705489642062
ATCCCC	GGGGAT	0.660764931583
ATCCCG	CGGGAT	0.334136591056
ATCCGA	TCGGAT	0.481333948182
ATCCGC	GCGGAT	-0.239823420341
ATCCGG	CCGGAT	-0.111248939939
ATCCTA	TAGGAT	-0.765364185559
ATCCTC	GAGGAT	-0.0334510042608
ATCCTG	CAGGAT	0.13588232916
ATCGAA	TTCGAT	-0.390089694932
ATCGAC	GTCGAT	-0.0330886957117
ATCGAG	CTCGAT	-0.124918227217
ATCGAT	ATCGAT	-0.0255339450342
ATCGCA	TGCGAT	0.20486852143
ATCGCC	GGCGAT	0.562460684362
ATCGCG	CGCGAT	-0.0565894222772
ATCGGA	TCCGAT	0.567108918363
ATCGGC	GCCGAT	0.310349846631
ATCGGG	CCCGAT	-0.775575861368
ATCGTA	TACGAT	-0.428875920759
ATCGTC	GACGAT	-0.281985089494
ATCGTG	CACGAT	0.008672799013
ATCTAA	TTAGAT	0.299917080298
ATCTAC	GTAGAT	-0.886292420662
ATCTAG	CTAGAT	-1.0523686014
ATCTCA	TGAGAT	0.322459851453
ATCTCC	GGAGAT	-0.160587376216
ATCTCG	CGAGAT	-0.209178829722
ATCTGA	TCAGAT	-0.597617089031
ATCTGC	GCAGAT	0.681389106166
ATCTGG	CCAGAT	0.885522952334
ATCTTA	TAAGAT	-0.414123972811
ATCTTC	GAAGAT	-1.00433825178
ATCTTG	CAAGAT	-0.423664958858
ATGAAA	TTTCAT	0.0969636977581
ATGAAC	GTTCAT	-0.665032502021
ATGAAG	CTTCAT	0.669024847236
ATGAAT	ATTCAT	0.748463463422
ATGACA	TGTCAT	-0.0855061265602
ATGACC	GGTCAT	-0.526745789079
ATGACG	CGTCAT	-0.0493594060966
ATGAGA	TCTCAT	-0.133782329822
ATGAGC	GCTCAT	0.783430728529
ATGAGG	CCTCAT	0.517976397112
ATGATA	TATCAT	-0.182823475925
ATGATC	GATCAT	-0.513040767908
ATGATG	CATCAT	-0.351535183886
ATGCAA	TTGCAT	0.886993040331
ATGCAC	GTGCAT	0.348299982001
ATGCAG	CTGCAT	0.233495559098
ATGCAT	ATGCAT	0.48826398582
ATGCCA	TGGCAT	0.587003768664
ATGCCC	GGGCAT	-0.32725849316
ATGCCG	CGGCAT	0.348666553206
ATGCGA	TCGCAT	0.189000589336
ATGCGC	GCGCAT	-0.581607401888
ATGCGG	CCGCAT	0.731833689082
ATGCTA	TAGCAT	0.341521197138
ATGCTC	GAGCAT	-0.118986040595
ATGCTG	CAGCAT	-0.109514542452
ATGGAA	TTCCAT	0.230882505081
ATGGAC	GTCCAT	-0.798794793257
ATGGAG	CTCCAT	-0.638536170279
ATGGCA	TGCCAT	0.634411600518
ATGGCC	GGCCAT	-0.22893787794
ATGGCG	CGCCAT	1.01963539293
ATGGGA	TCCCAT	0.276057035676
ATGGGC	GCCCAT	-0.0550961019772
ATGGGG	CCCCAT	0.146885128118
ATGGTA	TACCAT	0.282101531229
ATGGTC	GACCAT	0.435661417588
ATGGTG	CACCAT	-0.322537516801
ATGTAA	TTACAT	0.0429102150795
ATGTAC	GTACAT	-0.712736489081
ATGTAG	CTACAT	-0.624084218373
ATGTCA	TGACAT	0.0890805293481
ATGTCC	GGACAT	-0.338947225002
ATGTCG	CGACAT	0.0926244854824
ATGTGA	TCACAT	-0.361426080086
ATGTGC	GCACAT	-0.358489270468
ATGTGG	CCACAT	-0.121246193485
ATGTTA	TAACAT	-0.10819110524
ATGTTC	GAACAT	-1.02863263413
ATGTTG	CAACAT	-0.520210605828
ATTAAA	TTTAAT	1.09933326318
ATTAAC	GTTAAT	0.631968932468
ATTAAG	CTTAAT	1.54572407623
ATTAAT	ATTAAT	0.848115109222
ATTACA	TGTAAT	0.876535173248
ATTACC	GGTAAT	0.951357657881
ATTACG	CGTAAT	-0.0313806061015
ATTAGA	TCTAAT	0.441263835044
ATTAGC	GCTAAT	3.50984272828
ATTAGG	CCTAAT	2.31409517992
ATTATA	TATAAT	0.602206023345
ATTATC	GATAAT	0.422998306992
ATTATG	CATAAT	1.29295389355
ATTCAA	TTGAAT	1.00269612876
ATTCAC	GTGAAT	1.06284747877
ATTCAG	CTGAAT	2.08133796688
ATTCCA	TGGAAT	-0.32686010698
ATTCCC	GGGAAT	-0.491053484518
ATTCCG	CGGAAT	0.267217992378
ATTCGA	TCGAAT	-0.167882133892
ATTCGC	GCGAAT	-0.0474668874138
ATTCGG	CCGAAT	0.1372638505
ATTCTA	TAGAAT	-0.677111326124
ATTCTC	GAGAAT	-0.460335351258
ATTCTG	CAGAAT	-0.637960262272
ATTGAA	TTCAAT	1.01457559294
ATTGAC	GTCAAT	-0.0748007372053
ATTGAG	CTCAAT	1.32546206383
ATTGCA	TGCAAT	-0.0183414067262
ATTGCC	GGCAAT	-0.848825690537
ATTGCG	CGCAAT	-0.157542154329
ATTGGA	TCCAAT	0.613985701294
ATTGGC	GCCAAT	0.835458020989
ATTGGG	CCCAAT	-0.515255142335
ATTGTA	TACAAT	0.240114643607
ATTGTC	GACAAT	0.520017250843
ATTGTG	CACAAT	1.68005065158
ATTTAA	TTAAAT	0.366181292246
ATTTAC	GTAAAT	0.72546142406
ATTTAG	CTAAAT	0.635339631037
ATTTCA	TGAAAT	-1.30612623455
ATTTCC	GGAAAT	0.263649315277
ATTTCG	CGAAAT	0.629153502943
ATTTGA	TCAAAT	-0.139489484067
ATTTGC	GCAAAT	1.65827497563
ATTTGG	CCAAAT	0.0535086840729
ATTTTA	TAAAAT	-0.430910944297
ATTTTC	GAAAAT	0.443396056382
ATTTTG	CAAAAT	0.197954499527
CAAAAA	TTTTTG	-0.933639235315
CAAAAC	GTTTTG	0.0895479473911
CAAAAG	CTTTTG	1.53476451353
CAAACA	TGTTTG	1.11718781831
CAAACC	GGTTTG	0.146187431562
CAAACG	CGTTTG	0.457130664483
CAAAGA	TCTTTG	0.508981502153
CAAAGC	GCTTTG	0.965408595625
CAAAGG	CCTTTG	1.90295327645
CAAATA	TATTTG	0.24647247615
CAAATC	GATTTG	0.628696191689
CAAATG	CATTTG	0.388830373239
CAACAA	TTGTTG	0.00102468860693
CAACAC	GTGTTG	0.20204299314
CAACAG	CTGTTG	0.290305125394
CAACCA	TGGTTG	0.806703792164
CAACCC	GGGTTG	0.137289636959
CAACCG	CGGTTG	0.546439780958
CAACGA	TCGTTG	0.117857368099
CAACGC	GCGTTG	0.902841315881
CAACGG	CCGTTG	-0.032352414203
CAACTA	TAGTTG	-0.00462582926449
CAACTC	GAGTTG	-0.176900128999
CAACTG	CAGTTG	0.671951574121
CAAGAA	TTCTTG	-0.718349710606
CAAGAC	GTCTTG	0.458932010575
CAAGAG	CTCTTG	0.152788732829
CAAGCA	TGCTTG	0.182070301931
CAAGCC	GGCTTG	-0.230201612664
CAAGCG	CGCTTG	0.533561537413
CAAGGA	TCCTTG	-0.372655491568
CAAGGC	GCCTTG	-0.013636024225
CAAGGG	CCCTTG	0.52197678927
CAAGTA	TACTTG	0.273078905387
CAAGTC	GACTTG	-0.826986166873
CAAGTG	CACTTG	-0.31515505827
CAATAA	TTATTG	0.206423122266
CAATAC	GTATTG	-0.573529851237
CAATAG	CTATTG	0.874502950817
CAATCA	TGATTG	-0.12461981584
CAATCC	GGATTG	0.296958318194
CAATCG	CGATTG	-0.177491867837
CAATGA	TCATTG	1.11103500118
CAATGC	GCATTG	0.259151393077
CAATGG	CCATTG	0.399550617711
CAATTA	TAATTG	3.04963670168
CAATTC	GAATTG	0.371177936611
CAATTG	CAATTG	0.238616679939
CACAAA	TTTGTG	1.75700922552
CACAAC	GTTGTG	0.178600721106
CACAAG	CTTGTG	-1.48984079329
CACACA	TGTGTG	1.50495324969
CACACC	GGTGTG	-0.504160704753
CACACG	CGTGTG	-0.422530155431
CACAGA	TCTGTG	-0.0149711228206
CACAGC	GCTGTG	0.532931276819
CACAGG	CCTGTG	-0.350372442941
CACATA	TATGTG	-0.218377795751
CACATC	GATGTG	-0.466712224644
CACATG	CATGTG	-0.256918364669
CACCAA	TTGGTG	-1.2939550487
CACCAC	GTGGTG	0.391637460419
CACCAG	CTGGTG	0.182722012553
CACCCA	TGGGTG	-0.212897598798
CACCCC	GGGGTG	0.778523012456
CACCCG	CGGGTG	-0.226145488686
CACCGA	TCGGTG	-0.107575923072
CACCGC	GCGGTG	0.0147375568942
CACCGG	CCGGTG	-0.66173300922
CACCTA	TAGGTG	-1.18887092141
CACCTC	GAGGTG	0.287374196331
CACCTG	CAGGTG	-0.699225625055
CACGAA	TTCGTG	-0.410192441741
CACGAC	GTCGTG	-0.390580611622
CACGAG	CTCGTG	-0.396897255389
CACGCA	TGCGTG	0.0654958803944
CACGCC	GGCGTG	0.611275664838
CACGCG	CGCGTG	0.0212177997447
CACGGA	TCCGTG	-0.180063117835
CACGGC	GCCGTG	0.229104786566
CACGGG	CCCGTG	-0.299467026904
CACGTA	TACGTG	0.486907495492
CACGTC	GACGTG	0.206027776131
CACGTG	CACGTG	-0.64040163755
CACTAA	TTAGTG	-0.16582527244
CACTAC	GTAGTG	-0.749235261049
CACTAG	CTAGTG	0.459125009188
CACTCA	TGAGTG	0.0276851967012
CACTCC	GGAGTG	0.166950050747
CACTCG	CGAGTG	-0.473009967902
CACTGA	TCAGTG	-0.407470844382
CACTGC	GCAGTG	-0.342867840046
CACTGG	CCAGTG	0.256228870754
CACTTA	TAAGTG	-0.66146657995
CACTTC	GAAGTG	0.301785844233
CAGAAA	TTTCTG	-0.617091160349
CAGAAC	GTTCTG	-0.380820855484
CAGAAG	CTTCTG	-0.0117016280691
CAGACA	TGTCTG	0.252707829864
CAGACC	GGTCTG	0.349528073664
CAGACG	CGTCTG	0.353752682661
CAGAGA	TCTCTG	-0.906880643623
CAGAGC	GCTCTG	0.298608461064
CAGAGG	CCTCTG	-0.516676002146
CAGATA	TATCTG	-1.50504991105
CAGATC	GATCTG	-0.599279959927
CAGATG	CATCTG	3.18045691679
CAGCAA	TTGCTG	-0.287874337677
CAGCAC	GTGCTG	-0.272103663066
CAGCAG	CTGCTG	0.355927776331
CAGCCA	TGGCTG	0.56219426584
CAGCCC	GGGCTG	0.167206461727
CAGCCG	CGGCTG	0.305502692535
CAGCGA	TCGCTG	-0.157381956686
CAGCGC	GCGCTG	0.892213253496
CAGCGG	CCGCTG	0.738862421746
CAGCTA	TAGCTG	-0.644870086786
CAGCTC	GAGCTG	-0.259468049592
CAGCTG	CAGCTG	3.69698632242
CAGGAA	TTCCTG	-0.330620841743
CAGGAC	GTCCTG	-0.379816372349
CAGGAG	CTCCTG	-0.4543791797
CAGGCA	TGCCTG	0.231548865769
CAGGCC	GGCCTG	-0.26169956796
CAGGCG	CGCCTG	1.25898265211
CAGGGA	TCCCTG	0.0744240910579
CAGGGC	GCCCTG	0.062217965741
CAGGGG	CCCCTG	-0.0578619368959
CAGGTA	TACCTG	-1.66839375999
CAGGTC	GACCTG	-0.630887120528
CAGTAA	TTACTG	-0.77671327958
CAGTAC	GTACTG	-0.128612440063
CAGTAG	CTACTG	-0.508007942513
CAGTCA	TGACTG	0.175123605883
CAGTCC	GGACTG	-0.432679619571
CAGTCG	CGACTG	0.101819041825
CAGTGA	TCACTG	0.09424588786
CAGTGC	GCACTG	0.868975436718
CAGTGG	CCACTG	-0.757144325976
CAGTTA	TAACTG	-0.276152530694
CAGTTC	GAACTG	-0.365910753522
CATAAA	TTTATG	0.0172457641291
CATAAC	GTTATG	-0.294755870293
CATAAG	CTTATG	-0.725762368586
CATACA	TGTATG	-0.21508353214
CATACC	GGTATG	-0.421343930511
CATACG	CGTATG	0.141185693615
CATAGA	TCTATG	-0.145266065508
CATAGC	GCTATG	-0.0718891080184
CATAGG	CCTATG	-1.38990311267
CATATA	TATATG	-1.04089422156
CATATC	GATATG	-0.977717660611
CATATG	CATATG	0.761906752274
CATCAA	TTGATG	-0.333682679314
CATCAC	GTGATG	-0.448343237258
CATCAG	CTGATG	-0.385480015549
CATCCA	TGGATG	-0.738943181858
CATCCC	GGGATG	-0.530936712062
CATCCG	CGGATG	0.382056255241
CATCGA	TCGATG	-0.366460564649
CATCGC	GCGATG	-0.0997717224111
CATCGG	CCGATG	0.059315532317
CATCTA	TAGATG	-1.46911236266
CATCTC	GAGATG	-1.48401516828
CATGAA	TTCATG	-0.0346006503554
CATGAC	GTCATG	-0.144784158517
CATGAG	CTCATG	-0.871654314892
CATGCA	TGCATG	0.625814645114
CATGCC	GGCATG	-0.504000963591
CATGCG	CGCATG	0.334866090786
CATGGA	TCCATG	-0.475197283864
CATGGC	GCCATG	0.513756439846
CATGGG	CCCATG	-0.49289484347
CATGTA	TACATG	-1.25362983522
CATGTC	GACATG	-0.425067986002
CATTAA	TTAATG	1.33876829835
CATTAC	GTAATG	0.286433635476
CATTAG	CTAATG	0.586361016516
CATTCA	TGAATG	2.35862753037
CATTCC	GGAATG	-0.470336874497
CATTCG	CGAATG	0.216055563835
CATTGA	TCAATG	1.04760818638
CATTGC	GCAATG	-1.3918318152
CATTGG	CCAATG	-0.847998875426
CATTTA	TAAATG	1.15772850295
CATTTC	GAAATG	0.181355188396
CCAAAA	TTTTGG	-0.542910632476
CCAAAC	GTTTGG	1.16657062911
CCAAAG	CTTTGG	-1.05188078396
CCAACA	TGTTGG	-0.171175814691
CCAACC	GGTTGG	-0.413806546953
CCAACG	CGTTGG	-0.362939035377
CCAAGA	TCTTGG	-0.23008740012
CCAAGC	GCTTGG	0.515085454623
CCAAGG	CCTTGG	-0.645829575659
CCAATA	TATTGG	-1.13772382587
CCAATC	GATTGG	0.123678957951
CCACAA	TTGTGG	0.0367322473308
CCACAC	GTGTGG	-0.209285958362
CCACAG	CTGTGG	-0.201935605576
CCACCA	TGGTGG	-0.60271028386
CCACCC	GGGTGG	0.343035042691
CCACCG	CGGTGG	-0.486027583169
CCACGA	TCGTGG	-0.243676168259
CCACGC	GCGTGG	-0.15591643362
CCACGG	CCGTGG	-0.317776824381
CCACTA	TAGTGG	-0.185305114757
CCACTC	GAGTGG	0.341220855418
CCAGAA	TTCTGG	-0.598265210162
CCAGAC	GTCTGG	-0.297448224208
CCAGAG	CTCTGG	-0.593507244457
CCAGCA	TGCTGG	-0.315905134694
CCAGCC	GGCTGG	0.55223483459
CCAGCG	CGCTGG	-0.11437350552
CCAGGA	TCCTGG	-0.221789074657
CCAGGC	GCCTGG	0.214564084662
CCAGGG	CCCTGG	0.930887993057
CCAGTA	TACTGG	-0.618601760308
CCAGTC	GACTGG	0.314976207599
CCATAA	TTATGG	-0.902021061625
CCATAC	GTATGG	-0.736698414649
CCATAG	CTATGG	0.396417516762
CCATCA	TGATGG	-0.278746048165
CCATCC	GGATGG	0.0686322569443
CCATCG	CGATGG	-0.604469930972
CCATGA	TCATGG	-0.794158795981
CCATGC	GCATGG	-0.94904434768
CCATGG	CCATGG	0.996638046051
CCATTA	TAATGG	0.215384423061
CCATTC	GAATGG	1.43940256516
CCCAAA	TTTGGG	0.166927677413
CCCAAC	GTTGGG	-0.0819003008525
CCCAAG	CTTGGG	-0.472699120875
CCCACA	TGTGGG	-0.522553363546
CCCACC	GGTGGG	0.0895234606482
CCCACG	CGTGGG	-0.480197563697
CCCAGA	TCTGGG	0.0724958713945
CCCAGC	GCTGGG	0.617811164891
CCCAGG	CCTGGG	-0.467553854269
CCCATA	TATGGG	-1.26809503699
CCCATC	GATGGG	-0.274479563122
CCCCAA	TTGGGG	0.20987176891
CCCCAC	GTGGGG	0.48895302829
CCCCAG	CTGGGG	0.0799010392958
CCCCCA	TGGGGG	2.22072824907
CCCCCC	GGGGGG	-0.186390795826
CCCCCG	CGGGGG	-0.459514471233
CCCCGA	TCGGGG	-0.0870547825546
CCCCGC	GCGGGG	-0.0257226097329
CCCCGG	CCGGGG	-0.676830011203
CCCCTA	TAGGGG	-0.251832633915
CCCCTC	GAGGGG	1.75674805285
CCCGAA	TTCGGG	-0.258013616235
CCCGAC	GTCGGG	-0.556153530993
CCCGAG	CTCGGG	-0.316434788548
CCCGCA	TGCGGG	0.116917956253
CCCGCC	GGCGGG	0.223990296567
CCCGCG	CGCGGG	-0.339807139873
CCCGGA	TCCGGG	-0.429615328613
CCCGGC	GCCGGG	0.38103720812
CCCGGG	CCCGGG	-0.0730069635302
CCCGTA	TACGGG	0.226533747577
CCCGTC	GACGGG	0.00640050896118
CCCTAA	TTAGGG	0.948215587322
CCCTAC	GTAGGG	-1.16452122326
CCCTAG	CTAGGG	-0.234232084202
CCCTCA	TGAGGG	0.192660434835
CCCTCC	GGAGGG	1.26054761393
CCCTCG	CGAGGG	0.205079873187
CCCTGA	TCAGGG	-0.337683330766
CCCTGC	GCAGGG	-0.462454282761
CCCTTA	TAAGGG	-0.285854100942
CCCTTC	GAAGGG	0.163567068433
CCGAAA	TTTCGG	-0.0564876400932
CCGAAC	GTTCGG	0.165337097863
CCGAAG	CTTCGG	0.145315747078
CCGACA	TGTCGG	0.360899867092
CCGACC	GGTCGG	0.0597466782859
CCGACG	CGTCGG	0.0834216497862
CCGAGA	TCTCGG	-0.534729697022
CCGAGC	GCTCGG	-0.0144672078904
CCGAGG	CCTCGG	0.654684156164
CCGATA	TATCGG	-0.0305416491144
CCGATC	GATCGG	-0.0456040240102
CCGCAA	TTGCGG	0.103267904212
CCGCAC	GTGCGG	-0.039220301369
CCGCAG	CTGCGG	0.708692043262
CCGCCA	TGGCGG	0.367855339838
CCGCCC	GGGCGG	0.0849362978854
CCGCCG	CGGCGG	-0.7710306964
CCGCGA	TCGCGG	0.34299678283
CCGCGC	GCGCGG	-0.106218292802
CCGCGG	CCGCGG	-0.716852974993
CCGCTA	TAGCGG	0.375748244607
CCGCTC	GAGCGG	0.294394253129
CCGGAA	TTCCGG	-0.548653444401
CCGGAC	GTCCGG	-0.048544598494
CCGGAG	CTCCGG	-0.0701701004206
CCGGCA	TGCCGG	0.975896822492
CCGGCC	GGCCGG	0.0952506776826
CCGGCG	CGCCGG	-0.668180790168
CCGGGA	TCCCGG	-0.170620871458
CCGGGC	GCCCGG	0.219943844383
CCGGTA	TACCGG	0.328170134563
CCGGTC	GACCGG	-0.177426904838
CCGTAA	TTACGG	-0.201719369742
CCGTAC	GTACGG	0.287785240755
CCGTAG	CTACGG	-0.571762176675
CCGTCA	TGACGG	0.0252831010611
CCGTCC	GGACGG	0.367577308105
CCGTCG	CGACGG	0.29719877998
CCGTGA	TCACGG	0.245778047804
CCGTGC	GCACGG	0.442353898432
CCGTTA	TAACGG	0.364282958309
CCGTTC	GAACGG	-0.087027522979
CCTAAA	TTTAGG	-0.575513509543
CCTAAC	GTTAGG	0.262201856441
CCTAAG	CTTAGG	-1.76606720166
CCTACA	TGTAGG	-0.718014488605
CCTACC	GGTAGG	-0.773274789711
CCTACG	CGTAGG	-0.429006407401
CCTAGA	TCTAGG	-1.31258223199
CCTAGC	GCTAGG	-0.0913862042562
CCTAGG	CCTAGG	0.197701964762
CCTATA	TATAGG	-0.581343028904
CCTATC	GATAGG	-0.465999478605
CCTCAA	TTGAGG	-0.801941390994
CCTCAC	GTGAGG	-0.39491105855
CCTCAG	CTGAGG	-0.439229656774
CCTCCA	TGGAGG	-1.27303829768
CCTCCC	GGGAGG	0.787786180104
CCTCCG	CGGAGG	0.590241234558
CCTCGA	TCGAGG	0.434066982079
CCTCGC	GCGAGG	-0.0833296171023
CCTCTA	TAGAGG	-0.458788262182
CCTCTC	GAGAGG	0.546551375595
CCTGAA	TTCAGG	-0.209673886797
CCTGAC	GTCAGG	-0.437396829351
CCTGAG	CTCAGG	-0.953315824095
CCTGCA	TGCAGG	-0.0846371889067
CCTGCC	GGCAGG	-0.72865497146
CCTGCG	CGCAGG	0.187825278818
CCTGGA	TCCAGG	-0.261343895679
CCTGGC	GCCAGG	0.181356615026
CCTGTA	TACAGG	-0.898954599712
CCTGTC	GACAGG	0.130202597479
CCTTAA	TTAAGG	0.535404053115
CCTTAC	GTAAGG	-0.838268421247
CCTTAG	CTAAGG	-0.312170953992
CCTTCA	TGAAGG	-0.200164782062
CCTTCC	GGAAGG	-0.277962027783
CCTTCG	CGAAGG	0.00832183190001
CCTTGA	TCAAGG	-0.708798296878
CCTTGC	GCAAGG	0.0223618828241
CCTTTA	TAAAGG	-0.454084869658
CCTTTC	GAAAGG	0.40849844296
CGAAAA	TTTTCG	0.18963895955
CGAAAC	GTTTCG	-0.012186881478
CGAAAG	CTTTCG	0.440094270939
CGAACA	TGTTCG	0.196672462173
CGAACC	GGTTCG	0.0195475935838
CGAACG	CGTTCG	0.2207475578
CGAAGA	TCTTCG	-0.135672726688
CGAAGC	GCTTCG	0.473960596913
CGAATA	TATTCG	-0.153689099386
CGAATC	GATTCG	-0.675473368904
CGACAA	TTGTCG	0.522444185071
CGACAC	GTGTCG	-0.0911761709057
CGACAG	CTGTCG	0.502282680422
CGACCA	TGGTCG	0.152430441427
CGACCC	GGGTCG	0.059158342592
CGACCG	CGGTCG	0.0841092168331
CGACGA	TCGTCG	0.0961364104789
CGACGC	GCGTCG	-0.104388349219
CGACTA	TAGTCG	0.0567050495168
CGACTC	GAGTCG	-0.111210442833
CGAGAA	TTCTCG	0.00102698494174
CGAGAC	GTCTCG	0.0986971073093
CGAGAG	CTCTCG	0.273508256921
CGAGCA	TGCTCG	0.451960340004
CGAGCC	GGCTCG	0.269975662426
CGAGCG	CGCTCG	0.101822001202
CGAGGA	TCCTCG	0.00988330309164
CGAGGC	GCCTCG	0.274307453319
CGAGTA	TACTCG	0.294550021194
CGAGTC	GACTCG	-0.382021157433
CGATAA	TTATCG	-0.00878262820547
CGATAC	GTATCG	0.243416782207
CGATAG	CTATCG	-0.481786348571
CGATCA	TGATCG	0.00513801660883
CGATCC	GGATCG	0.0833981773215
CGATCG	CGATCG	-0.163230874056
CGATGA	TCATCG	0.0835898559332
CGATGC	GCATCG	-0.0648781416201
CGATTA	TAATCG	0.310189813736
CGATTC	GAATCG	-0.109192681431
CGCAAA	TTTGCG	0.536721184844
CGCAAC	GTTGCG	-0.234044644774
CGCAAG	CTTGCG	0.309968452403
CGCACA	TGTGCG	0.523597480708
CGCACC	GGTGCG	-0.304696942915
CGCACG	CGTGCG	0.194085338211
CGCAGA	TCTGCG	0.102994531431
CGCAGC	GCTGCG	1.10963807988
CGCATA	TATGCG	0.342886338309
CGCATC	GATGCG	-0.0714567763339
CGCCAA	TTGGCG	0.514211094475
CGCCAC	GTGGCG	0.00801800932568
CGCCAG	CTGGCG	0.210347990023
CGCCCA	TGGGCG	0.128776419688
CGCCCC	GGGGCG	-0.422074657449
CGCCCG	CGGGCG	-0.545632097359
CGCCGA	TCGGCG	-0.353059650234
CGCCGC	GCGGCG	-1.25579971109
CGCCTA	TAGGCG	0.434306099721
CGCCTC	GAGGCG	0.670956416938
CGCGAA	TTCGCG	0.293757734974
CGCGAC	GTCGCG	0.0932500605382
CGCGAG	CTCGCG	-0.0657019738437
CGCGCA	TGCGCG	-0.360928063036
CGCGCC	GGCGCG	-0.162147670851
CGCGCG	CGCGCG	0.371512294788
CGCGGA	TCCGCG	-0.201894853577
CGCGGC	GCCGCG	-0.536112532596
CGCGTA	TACGCG	0.16287257984
CGCGTC	GACGCG	0.0496943473465
CGCTAA	TTAGCG	0.720656178983
CGCTAC	GTAGCG	-0.309476337726
CGCTAG	CTAGCG	0.170702426801
CGCTCA	TGAGCG	0.851742635701
CGCTCC	GGAGCG	-0.222581140434
CGCTGA	TCAGCG	0.572750223659
CGCTGC	GCAGCG	0.336066624956
CGCTTA	TAAGCG	0.864572481844
CGCTTC	GAAGCG	0.685594961819
CGGAAA	TTTCCG	-0.217263030661
CGGAAC	GTTCCG	-0.306608261458
CGGAAG	CTTCCG	-0.316859815528
CGGACA	TGTCCG	0.468328692429
CGGACC	GGTCCG	-0.02581676842
CGGACG	CGTCCG	0.110524772069
CGGAGA	TCTCCG	0.902587286795
CGGAGC	GCTCCG	0.494923032784
CGGATA	TATCCG	-0.207526190812
CGGATC	GATCCG	-0.120564720949
CGGCAA	TTGCCG	0.0210605987128
CGGCAC	GTGCCG	0.322101814551
CGGCAG	CTGCCG	0.75377944859
CGGCCA	TGGCCG	0.352939434848
CGGCCC	GGGCCG	-0.108584010167
CGGCCG	CGGCCG	-0.101719446138
CGGCGA	TCGCCG	-0.189991444386
CGGCGC	GCGCCG	-0.690262307806
CGGCTA	TAGCCG	0.334423578791
CGGCTC	GAGCCG	0.215199418293
CGGGAA	TTCCCG	-0.716912832061
CGGGAC	GTCCCG	-0.667698135749
CGGGAG	CTCCCG	0.0266397622798
CGGGCA	TGCCCG	0.399693021925
CGGGCC	GGCCCG	0.401424011274
CGGGGA	TCCCCG	-0.304248864021
CGGGGC	GCCCCG	-0.0697329446227
CGGGTA	TACCCG	-0.0139355634468
CGGGTC	GACCCG	0.248775010564
CGGTAA	TTACCG	-0.123527562587
CGGTAC	GTACCG	0.243980599955
CGGTAG	CTACCG	-0.178306161744
CGGTCA	TGACCG	0.0664746493559
CGGTCC	GGACCG	-0.227153304983
CGGTGA	TCACCG	-0.25126514123
CGGTGC	GCACCG	0.468251629152
CGGTTA	TAACCG	0.170705422059
CGGTTC	GAACCG	0.0441948247125
CGTAAA	TTTACG	0.135186763263
CGTAAC	GTTACG	-0.100517354209
CGTAAG	CTTACG	0.320431250614
CGTACA	TGTACG	-0.468431653241
CGTACC	GGTACG	0.0525718799928
CGTACG	CGTACG	-0.1055110229
CGTAGA	TCTACG	-0.288871033177
CGTAGC	GCTACG	-0.147529162921
CGTATA	TATACG	0.371690057465
CGTATC	GATACG	-0.560429055127
CGTCAA	TTGACG	-0.316906777669
CGTCAC	GTGACG	-0.21265179395
CGTCAG	CTGACG	-0.203191036237
CGTCCA	TGGACG	-0.236443469668
CGTCCC	GGGACG	0.167367881481
CGTCGA	TCGACG	0.131819512916
CGTCGC	GCGACG	0.280380698415
CGTCTA	TAGACG	0.084309348767
CGTCTC	GAGACG	-0.386757491055
CGTGAA	TTCACG	0.237487206572
CGTGAC	GTCACG	0.218298453474
CGTGAG	CTCACG	-0.20989872351
CGTGCA	TGCACG	0.0605632328267
CGTGCC	GGCACG	-0.308308420489
CGTGGA	TCCACG	0.126618498104
CGTGGC	GCCACG	-0.935900448244
CGTGTA	TACACG	0.125730303369
CGTGTC	GACACG	-0.519262198415
CGTTAA	TTAACG	0.885379994
CGTTAC	GTAACG	0.034631985579
CGTTAG	CTAACG	0.147563653516
CGTTCA	TGAACG	0.27818547976
CGTTCC	GGAACG	-0.398654016276
CGTTGA	TCAACG	0.449075570787
CGTTGC	GCAACG	0.404218034919
CGTTTA	TAAACG	0.419762821071
CGTTTC	GAAACG	0.421036673934
CTAAAA	TTTTAG	-1.15237341224
CTAAAC	GTTTAG	0.0708746812299
CTAAAG	CTTTAG	-0.670963445192
CTAACA	TGTTAG	-0.771108822388
CTAACC	GGTTAG	0.374429528053
CTAAGA	TCTTAG	-0.357841164909
CTAAGC	GCTTAG	-0.645324274953
CTAATA	TATTAG	-0.0297081348322
CTAATC	GATTAG	2.44180124992
CTACAA	TTGTAG	-1.09902977906
CTACAC	GTGTAG	-0.767602084123
CTACAG	CTGTAG	-0.275622707535
CTACCA	TGGTAG	-0.518601776507
CTACCC	GGGTAG	-0.463616494826
CTACGA	TCGTAG	-0.116794382534
CTACGC	GCGTAG	-0.180415119772
CTACTA	TAGTAG	-0.00902042699897
CTACTC	GAGTAG	-0.769629435913
CTAGAA	TTCTAG	-1.82602878289
CTAGAC	GTCTAG	-0.832947892265
CTAGAG	CTCTAG	0.255314054359
CTAGCA	TGCTAG	0.571046637966
CTAGCC	GGCTAG	-0.592237802354
CTAGGA	TCCTAG	-0.624688468519
CTAGGC	GCCTAG	-0.0494771693112
CTAGTA	TACTAG	-0.389661555522
CTAGTC	GACTAG	-0.345199006967
CTATAA	TTATAG	-0.564827072625
CTATAC	GTATAG	-0.414994215155
CTATAG	CTATAG	-0.0282310428296
CTATCA	TGATAG	-0.688021280108
CTATCC	GGATAG	-0.681600242138
CTATGA	TCATAG	-1.02593294272
CTATGC	GCATAG	-1.02462727344
CTATTA	TAATAG	1.01506371514
CTATTC	GAATAG	1.72078128912
CTCAAA	TTTGAG	0.859507453069
CTCAAC	GTTGAG	-0.601860150946
CTCAAG	CTTGAG	-0.469062470167
CTCACA	TGTGAG	-0.477963426152
CTCACC	GGTGAG	-0.444497504055
CTCAGA	TCTGAG	0.307261504748
CTCAGC	GCTGAG	-0.780618241916
CTCATA	TATGAG	-0.394986675021
CTCATC	GATGAG	-1.12174992034
CTCCAA	TTGGAG	-0.085520549328
CTCCAC	GTGGAG	-0.195323706926
CTCCAG	CTGGAG	-0.349442182619
CTCCCA	TGGGAG	-0.493915551213
CTCCCC	GGGGAG	0.071862511587
CTCCGA	TCGGAG	0.933325668071
CTCCGC	GCGGAG	0.765481560774
CTCCTA	TAGGAG	-0.0310408285732
CTCCTC	GAGGAG	0.00954516350526
CTCGAA	TTCGAG	0.0803662508684
CTCGAC	GTCGAG	0.274462051536
CTCGAG	CTCGAG	0.446426048291
CTCGCA	TGCGAG	0.599849599636
CTCGCC	GGCGAG	-0.202038787745
CTCGGA	TCCGAG	0.33683884198
CTCGGC	GCCGAG	-0.413794223122
CTCGTA	TACGAG	-0.352862093403
CTCGTC	GACGAG	-0.242017136148
CTCTAA	TTAGAG	0.0683592750516
CTCTAC	GTAGAG	-0.43743819632
CTCTCA	TGAGAG	-0.631734332847
CTCTCC	GGAGAG	0.197139336138
CTCTGA	TCAGAG	-0.127914243148
CTCTGC	GCAGAG	-0.0671434902923
CTCTTA	TAAGAG	-0.684692610222
CTCTTC	GAAGAG	-0.76685201328
CTGAAA	TTTCAG	-0.166450167302
CTGAAC	GTTCAG	0.836904833225
CTGAAG	CTTCAG	-1.14574490655
CTGACA	TGTCAG	0.700719977832
CTGACC	GGTCAG	-1.28547273982
CTGAGA	TCTCAG	-1.18525697947
CTGAGC	GCTCAG	1.00006328515
CTGATA	TATCAG	-1.48468567265
CTGATC	GATCAG	0.40359223877
CTGCAA	TTGCAG	-0.16593572231
CTGCAC	GTGCAG	0.0674560717579
CTGCAG	CTGCAG	0.369475593669
CTGCCA	TGGCAG	0.645808135625
CTGCCC	GGGCAG	-0.59726932829
CTGCGA	TCGCAG	0.473346124088
CTGCGC	GCGCAG	0.330731122973
CTGCTA	TAGCAG	0.378426335659
CTGCTC	GAGCAG	1.40225003949
CTGGAA	TTCCAG	0.510342819829
CTGGAC	GTCCAG	-0.725231843095
CTGGCA	TGCCAG	0.579385660878
CTGGCC	GGCCAG	-0.602613006132
CTGGGA	TCCCAG	-0.0651369265446
CTGGGC	GCCCAG	0.237075107216
CTGGTA	TACCAG	-0.858834107912
CTGGTC	GACCAG	-0.0857354230819
CTGTAA	TTACAG	0.237552067609
CTGTAC	GTACAG	-0.626322471144
CTGTCA	TGACAG	1.16824167832
CTGTCC	GGACAG	-0.554767437781
CTGTGA	TCACAG	-0.211173472846
CTGTGC	GCACAG	0.539305311581
CTGTTA	TAACAG	0.159688067699
CTGTTC	GAACAG	0.134117064038
CTTAAA	TTTAAG	0.00249075336229
CTTAAC	GTTAAG	0.250819347645
CTTAAG	CTTAAG	-0.163676686006
CTTACA	TGTAAG	-0.413571887512
CTTACC	GGTAAG	-0.517007587845
CTTAGA	TCTAAG	-0.409516626401
CTTAGC	GCTAAG	0.182629848174
CTTATA	TATAAG	-0.46475099088
CTTATC	GATAAG	-1.33888703856
CTTCAA	TTGAAG	0.614122426718
CTTCAC	GTGAAG	-0.818524077732
CTTCCA	TGGAAG	0.066664140245
CTTCCC	GGGAAG	-0.734555743596
CTTCGA	TCGAAG	-0.204108445104
CTTCGC	GCGAAG	0.637895453831
CTTCTA	TAGAAG	-0.120625151469
CTTCTC	GAGAAG	-0.886219763178
CTTGAA	TTCAAG	0.554520181004
CTTGAC	GTCAAG	-0.140062812515
CTTGCA	TGCAAG	0.0379413176187
CTTGCC	GGCAAG	-1.00317973532
CTTGGA	TCCAAG	0.124967260319
CTTGGC	GCCAAG	0.523562870968
CTTGTA	TACAAG	-0.129226956594
CTTGTC	GACAAG	-0.207327044208
CTTTAA	TTAAAG	-0.178876009225
CTTTAC	GTAAAG	-1.20591706612
CTTTCA	TGAAAG	1.18309461304
CTTTCC	GGAAAG	-0.667783073291
CTTTGA	TCAAAG	0.793514680724
CTTTGC	GCAAAG	-0.405444840827
CTTTTA	TAAAAG	-0.676920038206
CTTTTC	GAAAAG	0.75057896542
GAAAAA	TTTTTC	0.451920316525
GAAAAC	GTTTTC	0.4635546306
GAAACA	TGTTTC	0.137525397122
GAAACC	GGTTTC	-0.398490146918
GAAAGA	TCTTTC	0.00864354992137
GAAAGC	GCTTTC	0.791910616087
GAAATA	TATTTC	-0.371906367807
GAAATC	GATTTC	0.565553880128
GAACAA	TTGTTC	1.88919255213
GAACAC	GTGTTC	0.125289028446
GAACCA	TGGTTC	-0.357155992044
GAACCC	GGGTTC	-0.521242252903
GAACGA	TCGTTC	0.377087829689
GAACGC	GCGTTC	-0.061372816968
GAACTA	TAGTTC	0.486466345186
GAACTC	GAGTTC	-0.0626046384133
GAAGAA	TTCTTC	-0.2606775817
GAAGAC	GTCTTC	-0.820366115183
GAAGCA	TGCTTC	0.70998697176
GAAGCC	GGCTTC	-0.542080179417
GAAGGA	TCCTTC	-0.549642720418
GAAGGC	GCCTTC	0.262000335594
GAAGTA	TACTTC	-0.946719506333
GAAGTC	GACTTC	-0.850339371913
GAATAA	TTATTC	0.673287052574
GAATAC	GTATTC	-0.304414822362
GAATCA	TGATTC	0.217328994771
GAATCC	GGATTC	-0.494684269592
GAATGA	TCATTC	0.166277501614
GAATGC	GCATTC	1.19513849963
GAATTA	TAATTC	-0.413175546131
GAATTC	GAATTC	-0.75187533664
GACAAA	TTTGTC	0.776397158061
GACAAC	GTTGTC	1.17095278064
GACACA	TGTGTC	-0.41328986654
GACACC	GGTGTC	-0.771716938717
GACAGA	TCTGTC	0.975377573457
GACAGC	GCTGTC	0.895269087949
GACATA	TATGTC	-0.186664817878
GACATC	GATGTC	0.745811589525
GACCAA	TTGGTC	-0.573876815495
GACCAC	GTGGTC	-0.974721909972
GACCCA	TGGGTC	-1.23146729243
GACCCC	GGGGTC	-0.170670608139
GACCGA	TCGGTC	0.393966368915
GACCGC	GCGGTC	0.106124271366
GACCTA	TAGGTC	0.497387749919
GACCTC	GAGGTC	-0.499295578368
GACGAA	TTCGTC	0.208592874814
GACGAC	GTCGTC	0.185105836231
GACGCA	TGCGTC	0.0347024751792
GACGCC	GGCGTC	-0.442951957655
GACGGA	TCCGTC	-0.0527495232115
GACGGC	GCCGTC	0.213906766536
GACGTA	TACGTC	0.227846387516
GACGTC	GACGTC	0.0195383485835
GACTAA	TTAGTC	0.263313920411
GACTAC	GTAGTC	0.0576346062809
GACTCA	TGAGTC	-0.247697750092
GACTCC	GGAGTC	0.0140062366356
GACTGA	TCAGTC	-0.193609026623
GACTGC	GCAGTC	0.0359284392313
GACTTA	TAAGTC	0.195217158197
GAGAAA	TTTCTC	0.29340494773
GAGAAC	GTTCTC	0.581847370735
GAGACA	TGTCTC	-0.567789660436
GAGACC	GGTCTC	0.694427566373
GAGAGA	TCTCTC	0.0541250330088
GAGAGC	GCTCTC	0.746064246076
GAGATA	TATCTC	-1.20640817101
GAGATC	GATCTC	-0.0248991114489
GAGCAA	TTGCTC	-0.737616555468
GAGCAC	GTGCTC	0.0938214633279
GAGCCA	TGGCTC	0.387100660979
GAGCCC	GGGCTC	-0.445631638509
GAGCGA	TCGCTC	0.344043087406
GAGCGC	GCGCTC	0.363376730628
GAGCTA	TAGCTC	0.223135401293
GAGCTC	GAGCTC	0.247572385318
GAGGAA	TTCCTC	-0.541441263265
GAGGAC	GTCCTC	-1.85376892537
GAGGCA	TGCCTC	0.43540936845
GAGGCC	GGCCTC	0.977244590003
GAGGGA	TCCCTC	-0.734816565716
GAGGGC	GCCCTC	0.691869467765
GAGGTA	TACCTC	-1.24111012559
GAGTAA	TTACTC	-0.40259522916
GAGTAC	GTACTC	0.0964924501445
GAGTCA	TGACTC	-1.13380266424
GAGTCC	GGACTC	0.299848869765
GAGTGA	TCACTC	0.0372191865989
GAGTGC	GCACTC	0.0209733114676
GAGTTA	TAACTC	0.168247729313
GATAAA	TTTATC	0.108918025325
GATAAC	GTTATC	-0.838042563219
GATACA	TGTATC	-0.653738207952
GATACC	GGTATC	-0.374716907125
GATAGA	TCTATC	-0.57959107393
GATAGC	GCTATC	-0.954630590701
GATATA	TATATC	-0.683475378549
GATATC	GATATC	-0.00585842304802
GATCAA	TTGATC	-0.386422109414
GATCAC	GTGATC	-0.786475661194
GATCCA	TGGATC	-0.182987559479
GATCCC	GGGATC	-0.168666599482
GATCGA	TCGATC	-0.210425607082
GATCGC	GCGATC	-0.0530814058228
GATCTA	TAGATC	-0.30221309392
GATGAA	TTCATC	0.693543271423
GATGAC	GTCATC	-1.18099038693
GATGCA	TGCATC	-0.117217845336
GATGCC	GGCATC	-0.721284277906
GATGGA	TCCATC	-0.588752425454
GATGGC	GCCATC	0.279857464895
GATGTA	TACATC	-1.08446563796
GATTAA	TTAATC	1.2173014988
GATTAC	GTAATC	0.382632668086
GATTCA	TGAATC	0.233201500176
GATTCC	GGAATC	-0.365412848473
GATTGA	TCAATC	-0.231320636071
GATTGC	GCAATC	0.768886813039
GATTTA	TAAATC	0.510454395829
GCAAAA	TTTTGC	-0.128777512072
GCAAAC	GTTTGC	0.49815002865
GCAACA	TGTTGC	1.06777726717
GCAACC	GGTTGC	2.28124180309
GCAAGA	TCTTGC	-0.253460325904
GCAAGC	GCTTGC	-0.195341757572
GCAATA	TATTGC	-0.708125047418
GCACAA	TTGTGC	0.591917986678
GCACAC	GTGTGC	-0.160653515526
GCACCA	TGGTGC	-0.128543881855
GCACCC	GGGTGC	-0.728435492846
GCACGA	TCGTGC	-0.377000199115
GCACGC	GCGTGC	-0.0493264344307
GCACTA	TAGTGC	-0.094200400761
GCAGAA	TTCTGC	-0.633704128361
GCAGAC	GTCTGC	0.647764563879
GCAGCA	TGCTGC	0.613782930034
GCAGCC	GGCTGC	0.218616337855
GCAGGA	TCCTGC	-0.0311225530198
GCAGGC	GCCTGC	0.595092603637
GCAGTA	TACTGC	-0.271736242164
GCATAA	TTATGC	1.64985655865
GCATAC	GTATGC	-0.0137036837025
GCATCA	TGATGC	-0.837953185754
GCATCC	GGATGC	-0.725273513754
GCATGA	TCATGC	0.458333749109
GCATGC	GCATGC	0.661559717035
GCATTA	TAATGC	0.0946283739442
GCCAAA	TTTGGC	-0.393516466888
GCCAAC	GTTGGC	-0.24492050759
GCCACA	TGTGGC	-0.284707424629
GCCACC	GGTGGC	-0.276428403285
GCCAGA	TCTGGC	0.245975471348
GCCAGC	GCTGGC	0.913626972579
GCCATA	TATGGC	-0.21531506373
GCCCAA	TTGGGC	-0.642202133696
GCCCAC	GTGGGC	-0.452711235916
GCCCCA	TGGGGC	-0.405655842074
GCCCCC	GGGGGC	-0.162470723652
GCCCGA	TCGGGC	-0.123808675845
GCCCGC	GCGGGC	0.637782074378
GCCCTA	TAGGGC	-0.25933079495
GCCGAA	TTCGGC	0.0154185201194
GCCGAC	GTCGGC	-0.608957689802
GCCGCA	TGCGGC	0.952108138617
GCCGCC	GGCGGC	-0.54319592204
GCCGGA	TCCGGC	-0.490056980553
GCCGGC	GCCGGC	0.235558501391
GCCGTA	TACGGC	-0.264069266442
GCCTAA	TTAGGC	0.049983277855
GCCTAC	GTAGGC	0.0197509562519
GCCTCA	TGAGGC	-0.0517277356778
GCCTCC	GGAGGC	1.12490616006
GCCTGA	TCAGGC	0.803407978988
GCCTTA	TAAGGC	0.335690369583
GCGAAA	TTTCGC	0.362972268076
GCGAAC	GTTCGC	0.12058394873
GCGACA	TGTCGC	0.648018956053
GCGACC	GGTCGC	-0.240991470449
GCGAGA	TCTCGC	0.409753380584
GCGAGC	GCTCGC	0.632939915195
GCGATA	TATCGC	0.267433500144
GCGCAA	TTGCGC	0.328034856368
GCGCAC	GTGCGC	0.116449630554
GCGCCA	TGGCGC	-0.207421716916
GCGCCC	GGGCGC	-0.28995526647
GCGCGA	TCGCGC	0.152430567984
GCGCGC	GCGCGC	0.258471084215
GCGCTA	TAGCGC	0.379917052162
GCGGAA	TTCCGC	0.277803351103
GCGGAC	GTCCGC	0.0403345942475
GCGGCA	TGCCGC	0.5607953575
GCGGCC	GGCCGC	0.554712867865
GCGGGA	TCCCGC	0.205025947857
GCGGTA	TACCGC	-0.306451127545
GCGTAA	TTACGC	0.423962830424
GCGTAC	GTACGC	0.00708504303858
GCGTCA	TGACGC	-0.356526345904
GCGTCC	GGACGC	-0.0172031344293
GCGTGA	TCACGC	0.490630047041
GCGTTA	TAACGC	0.935417021855
GCTAAA	TTTAGC	-0.406551202046
GCTAAC	GTTAGC	0.3062909559
GCTACA	TGTAGC	-0.790277494241
GCTACC	GGTAGC	-0.490671944363
GCTAGA	TCTAGC	-0.61919460386
GCTAGC	GCTAGC	0.262573747776
GCTATA	TATAGC	0.018810947776
GCTCAA	TTGAGC	0.176951709905
GCTCAC	GTGAGC	-0.060413455485
GCTCCA	TGGAGC	-0.43604230553
GCTCCC	GGGAGC	0.203180238339
GCTCGA	TCGAGC	0.0345974728052
GCTCTA	TAGAGC	0.137865845118
GCTGAA	TTCAGC	0.927926283693
GCTGAC	GTCAGC	0.434545417715
GCTGCA	TGCAGC	0.935119384227
GCTGCC	GGCAGC	1.35980586876
GCTGGA	TCCAGC	0.0164933677741
GCTGTA	TACAGC	-0.252346687696
GCTTAA	TTAAGC	1.20876458366
GCTTAC	GTAAGC	0.324595739149
GCTTCA	TGAAGC	0.462682536841
GCTTCC	GGAAGC	-0.47397820939
GCTTGA	TCAAGC	0.0677742285289
GCTTTA	TAAAGC	-0.00523985516515
GGAAAA	TTTTCC	0.786481799915
GGAAAC	GTTTCC	1.41580549858
GGAACA	TGTTCC	0.781733971505
GGAACC	GGTTCC	-1.3162603681
GGAAGA	TCTTCC	-0.609131888104
GGAATA	TATTCC	-0.581217848023
GGACAA	TTGTCC	0.382531957471
GGACAC	GTGTCC	-1.02436315899
GGACCA	TGGTCC	-0.209018944795
GGACCC	GGGTCC	-0.350506676254
GGACGA	TCGTCC	-0.0882116979639
GGACTA	TAGTCC	-0.77184736283
GGAGAA	TTCTCC	-0.202497327947
GGAGAC	GTCTCC	0.319251009409
GGAGCA	TGCTCC	-0.160911765724
GGAGCC	GGCTCC	0.306115291105
GGAGGA	TCCTCC	-0.602469112584
GGAGTA	TACTCC	-1.03540741486
GGATAA	TTATCC	0.0605370792142
GGATAC	GTATCC	-0.820788411695
GGATCA	TGATCC	0.1751634171
GGATCC	GGATCC	-0.0342855885352
GGATGA	TCATCC	-0.210053069168
GGATTA	TAATCC	1.83358870839
GGCAAA	TTTGCC	-0.0226273810911
GGCAAC	GTTGCC	2.89141291089
GGCACA	TGTGCC	-0.112428446738
GGCACC	GGTGCC	-0.0237148626609
GGCAGA	TCTGCC	0.0485292832301
GGCATA	TATGCC	0.0184809746349
GGCCAA	TTGGCC	-0.232153674095
GGCCAC	GTGGCC	-0.637282131963
GGCCCA	TGGGCC	0.429137948154
GGCCCC	GGGGCC	1.47971820874
GGCCGA	TCGGCC	-0.490587022066
GGCCTA	TAGGCC	0.331754475354
GGCGAA	TTCGCC	0.0925482477152
GGCGAC	GTCGCC	0.349328669183
GGCGCA	TGCGCC	-0.126140548281
GGCGCC	GGCGCC	-0.136070375517
GGCGGA	TCCGCC	0.342453583223
GGCGTA	TACGCC	0.299732968875
GGCTAA	TTAGCC	0.629374531596
GGCTAC	GTAGCC	-0.324393906541
GGCTCA	TGAGCC	0.259929770524
GGCTGA	TCAGCC	0.140712008899
GGCTTA	TAAGCC	0.629725105994
GGGAAA	TTTCCC	0.667360764468
GGGAAC	GTTCCC	0.732179513281
GGGACA	TGTCCC	-0.5877844946
GGGACC	GGTCCC	-0.22959079551
GGGAGA	TCTCCC	-0.423284646984
GGGATA	TATCCC	-0.29024838841
GGGCAA	TTGCCC	-0.692309566597
GGGCAC	GTGCCC	-0.00696128389817
GGGCCA	TGGCCC	-0.658899784035
GGGCCC	GGGCCC	1.20310522431
GGGCGA	TCGCCC	-0.0762838280152
GGGCTA	TAGCCC	-0.176178714345
GGGGAA	TTCCCC	0.841692984393
GGGGAC	GTCCCC	0.0286623209271
GGGGCA	TGCCCC	-0.404856984109
GGGGGA	TCCCCC	1.65023713019
GGGGTA	TACCCC	-0.117404498487
GGGTAA	TTACCC	0.389748207999
GGGTAC	GTACCC	-0.439468729281
GGGTCA	TGACCC	-0.88492392998
GGGTGA	TCACCC	1.39841370801
GGGTTA	TAACCC	1.0959965381
GGTAAA	TTTACC	-0.67058675527
GGTAAC	GTTACC	0.916861765643
GGTACA	TGTACC	-0.26871639825
GGTACC	GGTACC	-0.599086398969
GGTAGA	TCTACC	-1.31382655285
GGTATA	TATACC	-0.804245555641
GGTCAA	TTGACC	-1.04307904725
GGTCAC	GTGACC	0.298223969012
GGTCCA	TGGACC	0.246395444823
GGTCGA	TCGACC	0.20001163818
GGTCTA	TAGACC	-0.632963850374
GGTGAA	TTCACC	0.0416165172392
GGTGAC	GTCACC	0.20894060286
GGTGCA	TGCACC	0.118234342
GGTGGA	TCCACC	-1.03387443631
GGTGTA	TACACC	-0.0190826207566
GGTTAA	TTAACC	-0.0492859116234
GGTTAC	GTAACC	0.775096989299
GGTTCA	TGAACC	0.19572735558
GGTTGA	TCAACC	-0.608682058716
GGTTTA	TAAACC	-0.471897844197
GTAAAA	TTTTAC	-0.107710899413
GTAAAC	GTTTAC	0.159504032851
GTAACA	TGTTAC	-0.173904584804
GTAAGA	TCTTAC	-0.323699940562
GTAATA	TATTAC	-0.621204422135
GTACAA	TTGTAC	0.524093092995
GTACAC	GTGTAC	-0.311071152893
GTACCA	TGGTAC	-0.204800267145
GTACGA	TCGTAC	-0.391661443755
GTACTA	TAGTAC	-0.0557259512151
GTAGAA	TTCTAC	-1.14035314746
GTAGAC	GTCTAC	-1.10125699125
GTAGCA	TGCTAC	0.0390749068994
GTAGGA	TCCTAC	-0.646898674535
GTAGTA	TACTAC	-0.0225234474428
GTATAA	TTATAC	1.07460759889
GTATAC	GTATAC	-0.441894536002
GTATCA	TGATAC	-1.32920159459
GTATGA	TCATAC	-0.496654759749
GTATTA	TAATAC	0.184945244709
GTCAAA	TTTGAC	-0.313631736112
GTCAAC	GTTGAC	-0.609103787392
GTCACA	TGTGAC	-0.0525765773802
GTCAGA	TCTGAC	-0.720449959518
GTCATA	TATGAC	-1.34689728745
GTCCAA	TTGGAC	-0.0448291874267
GTCCAC	GTGGAC	0.0264080145152
GTCCCA	TGGGAC	0.236065964331
GTCCGA	TCGGAC	0.260703187314
GTCCTA	TAGGAC	-0.61965024871
GTCGAA	TTCGAC	0.0677095857197
GTCGAC	GTCGAC	0.168809320459
GTCGCA	TGCGAC	0.263810300052
GTCGGA	TCCGAC	0.465921295349
GTCGTA	TACGAC	-0.343186719712
GTCTAA	TTAGAC	0.00160293281843
GTCTCA	TGAGAC	-0.277482038093
GTCTGA	TCAGAC	0.875267998679
GTCTTA	TAAGAC	-0.21690242081
GTGAAA	TTTCAC	0.0986939232192
GTGAAC	GTTCAC	0.39554605142
GTGACA	TGTCAC	-0.173818992039
GTGAGA	TCTCAC	0.180516236715
GTGATA	TATCAC	-0.4681532042
GTGCAA	TTGCAC	0.470251310018
GTGCAC	GTGCAC	-0.320862098867
GTGCCA	TGGCAC	-0.593019098107
GTGCGA	TCGCAC	0.824028664791
GTGCTA	TAGCAC	-0.399649906506
GTGGAA	TTCCAC	-0.68755192654
GTGGCA	TGCCAC	-0.0254295859678
GTGGGA	TCCCAC	-0.417251452774
GTGGTA	TACCAC	0.224539323885
GTGTAA	TTACAC	0.575783057772
GTGTCA	TGACAC	-0.280641582574
GTGTGA	TCACAC	0.459729736001
GTGTTA	TAACAC	-0.772796296222
GTTAAA	TTTAAC	0.195362275883
GTTAAC	GTTAAC	0.937994939023
GTTACA	TGTAAC	-0.7180652362
GTTAGA	TCTAAC	-0.0163847624615
GTTATA	TATAAC	-0.14198964059
GTTCAA	TTGAAC	0.0247578093041
GTTCCA	TGGAAC	-1.07368059175
GTTCGA	TCGAAC	-0.181655836226
GTTCTA	TAGAAC	-1.39239725876
GTTGAA	TTCAAC	0.127881952399
GTTGCA	TGCAAC	-0.326125922412
GTTGGA	TCCAAC	-0.397017432707
GTTGTA	TACAAC	-0.384131497345
GTTTAA	TTAAAC	1.20291745353
GTTTCA	TGAAAC	-0.0694291330516
GTTTGA	TCAAAC	0.186795718099
GTTTTA	TAAAAC	-0.307261516859
TAAAAA	TTTTTA	-0.107295435129
TAAACA	TGTTTA	0.915624092135
TAAAGA	TCTTTA	0.583478981151
TAAATA	TATTTA	0.189216888919
TAACAA	TTGTTA	1.21349966844
TAACCA	TGGTTA	-0.0853004883262
TAACGA	TCGTTA	-0.0594951104899
TAACTA	TAGTTA	0.0741823922646
TAAGAA	TTCTTA	-0.849968222459
TAAGCA	TGCTTA	-1.18539590844
TAAGGA	TCCTTA	-0.433418387774
TAAGTA	TACTTA	0.43662800941
TAATAA	TTATTA	-0.131085791851
TAATCA	TGATTA	0.960337478653
TAATGA	TCATTA	3.43283580677
TAATTA	TAATTA	3.54585182368
TACAAA	TTTGTA	-0.0738257753983
TACACA	TGTGTA	-0.0206889530733
TACAGA	TCTGTA	0.221165250902
TACATA	TATGTA	-0.108618526431
TACCAA	TTGGTA	0.569950765957
TACCCA	TGGGTA	0.0187099516638
TACCGA	TCGGTA	0.0510315142388
TACCTA	TAGGTA	-0.476516917352
TACGAA	TTCGTA	0.0468412228973
TACGCA	TGCGTA	-0.290484665537
TACGGA	TCCGTA	-0.280293211841
TACGTA	TACGTA	-0.419902316978
TACTAA	TTAGTA	-0.366067457664
TACTCA	TGAGTA	0.144280474857
TACTGA	TCAGTA	-0.373022447475
TAGAAA	TTTCTA	-0.276984552461
TAGACA	TGTCTA	-0.0476743697472
TAGAGA	TCTCTA	-0.586838709442
TAGATA	TATCTA	-0.175417855939
TAGCAA	TTGCTA	1.58995423394
TAGCCA	TGGCTA	0.0727242833968
TAGCGA	TCGCTA	0.225919121465
TAGCTA	TAGCTA	-0.0324957569579
TAGGAA	TTCCTA	-0.579115133562
TAGGCA	TGCCTA	-0.370651635397
TAGGGA	TCCCTA	-0.550514276077
TAGTAA	TTACTA	-0.245184625868
TAGTCA	TGACTA	0.256341294274
TAGTGA	TCACTA	-0.0513647025872
TATAAA	TTTATA	0.0952246410064
TATACA	TGTATA	0.671023477498
TATAGA	TCTATA	-0.674261373284
TATATA	TATATA	-0.280929380421
TATCAA	TTGATA	-1.08408472889
TATCCA	TGGATA	-0.31067730818
TATCGA	TCGATA	-0.0585820488656
TATGAA	TTCATA	-0.748188754852
TATGCA	TGCATA	1.02582676802
TATGGA	TCCATA	-0.0963719458851
TATTAA	TTAATA	-0.214411753261
TATTCA	TGAATA	2.36795244192
TATTGA	TCAATA	0.630872163219
TCAAAA	TTTTGA	0.129104711176
TCAACA	TGTTGA	-0.152120753814
TCAAGA	TCTTGA	-0.308892847672
TCACAA	TTGTGA	0.0437314754752
TCACCA	TGGTGA	-0.346391626591
TCACGA	TCGTGA	-0.106824107707
TCAGAA	TTCTGA	-0.631154715901
TCAGCA	TGCTGA	-0.268092869659
TCAGGA	TCCTGA	-0.619984727481
TCATAA	TTATGA	-0.73781437016
TCATCA	TGATGA	-0.643687089181
TCATGA	TCATGA	-0.378076201742
TCCAAA	TTTGGA	-0.174707938234
TCCACA	TGTGGA	-0.143295606833
TCCAGA	TCTGGA	-0.15048560755
TCCCAA	TTGGGA	-0.535415994304
TCCCCA	TGGGGA	0.0978456965793
TCCCGA	TCGGGA	-1.21600395171
TCCGAA	TTCGGA	0.579436745199
TCCGCA	TGCGGA	0.275111259054
TCCGGA	TCCGGA	0.0781969326238
TCCTAA	TTAGGA	0.134639621959
TCCTCA	TGAGGA	-1.32068209598
TCGAAA	TTTCGA	1.11391585192
TCGACA	TGTCGA	0.243886520114
TCGAGA	TCTCGA	0.551052244964
TCGCAA	TTGCGA	-0.0294681683728
TCGCCA	TGGCGA	0.497808402214
TCGCGA	TCGCGA	-0.161142995403
TCGGAA	TTCCGA	0.340948202436
TCGGCA	TGCCGA	0.093548347858
TCGTAA	TTACGA	-0.351098512765
TCGTCA	TGACGA	-0.279953587349
TCTAAA	TTTAGA	0.161150333839
TCTACA	TGTAGA	-1.16424173
TCTAGA	TCTAGA	-0.624031673534
TCTCAA	TTGAGA	0.292186566458
TCTCCA	TGGAGA	-0.112808642674
TCTGAA	TTCAGA	0.469348788513
TCTGCA	TGCAGA	-0.0736329725741
TCTTAA	TTAAGA	-0.462708654142
TCTTCA	TGAAGA	-1.16969998762
TGAAAA	TTTTCA	0.848620274804
TGAACA	TGTTCA	0.436623725528
TGACAA	TTGTCA	0.333528518593
TGACCA	TGGTCA	-1.20405389131
TGAGAA	TTCTCA	-0.274971244688
TGAGCA	TGCTCA	0.41267113834
TGATAA	TTATCA	-0.328777075637
TGATCA	TGATCA	-0.690661899444
TGCAAA	TTTGCA	1.5328821201
TGCACA	TGTGCA	-0.286728503518
TGCCAA	TTGGCA	0.815535416896
TGCCCA	TGGGCA	-1.19048991723
TGCGAA	TTCGCA	0.436696294967
TGCGCA	TGCGCA	-0.161814756098
TGCTAA	TTAGCA	1.72623388983
TGGAAA	TTTCCA	1.36071690796
TGGACA	TGTCCA	-0.367888993383
TGGCAA	TTGCCA	1.27488138594
TGGCCA	TGGCCA	-0.693135290758
TGGGAA	TTCCCA	0.247503052361
TGGTAA	TTACCA	1.24834235679
TGTAAA	TTTACA	0.881046219518
TGTACA	TGTACA	-0.149258937121
TGTCAA	TTGACA	0.711342276327
TGTGAA	TTCACA	0.320620560965
TGTTAA	TTAACA	1.73510119352
TTAAAA	TTTTAA	0.00748591144935
TTACAA	TTGTAA	-0.150593425965
TTAGAA	TTCTAA	-0.0787727891531
TTATAA	TTATAA	0.072007945055
TTCAAA	TTTGAA	0.718477162135
TTCCAA	TTGGAA	-0.158074161249
TTCGAA	TTCGAA	0.410405673454
TTGAAA	TTTCAA	0.749139755125
TTGCAA	TTGCAA	0.113374796797
TTTAAA	TTTAAA	0.0967885355347
